Using pre-set license
Built from '2020.3/staging' branch; Version is '2020.3.25f1 (9b9180224418) revision 10195328'; Using compiler version '192528614'; Build Type 'Release'
OS: 'Windows 10  (10.0.19044) 64bit Core' Language: 'ja' Physical Memory: 16207 MB
BatchMode: 1, IsHumanControllingUs: 0, StartBugReporterOnCrash: 0, Is64bit: 1, IsPro: 0

COMMAND LINE ARGUMENTS:
C:\Program Files\Unity\Hub\Editor\2020.3.25f1\Editor\Unity.exe
-adb2
-batchMode
-noUpm
-name
AssetImportWorker0
-projectPath
C:/ゲーム制作サークル/2022年度/日本ゲーム大賞アマチュア部門/JGA_2022_バージョン管理/ConnectCity_Master_Ver6
-logFile
Logs/AssetImportWorker0.log
-srvPort
53762
Successfully changed project path to: C:/ゲーム制作サークル/2022年度/日本ゲーム大賞アマチュア部門/JGA_2022_バージョン管理/ConnectCity_Master_Ver6
C:/ゲーム制作サークル/2022年度/日本ゲーム大賞アマチュア部門/JGA_2022_バージョン管理/ConnectCity_Master_Ver6
Using Asset Import Pipeline V2.
Refreshing native plugins compatible for Editor in 28.15 ms, found 2 plugins.
Preloading 0 native plugins for Editor in 0.00 ms.
Initialize engine version: 2020.3.25f1 (9b9180224418)
[Subsystems] Discovering subsystems at path C:/Program Files/Unity/Hub/Editor/2020.3.25f1/Editor/Data/Resources/UnitySubsystems
[Subsystems] Discovering subsystems at path C:/ゲーム制作サークル/2022年度/日本ゲーム大賞アマチュア部門/JGA_2022_バージョン管理/ConnectCity_Master_Ver6/Assets
GfxDevice: creating device client; threaded=0
Direct3D:
    Version:  Direct3D 11.0 [level 11.1]
    Renderer: NVIDIA GeForce GTX 1660 Ti (ID=0x2191)
    Vendor:   
    VRAM:     5991 MB
    Driver:   27.21.14.6275
Initialize mono
Mono path[0] = 'C:/Program Files/Unity/Hub/Editor/2020.3.25f1/Editor/Data/Managed'
Mono path[1] = 'C:/Program Files/Unity/Hub/Editor/2020.3.25f1/Editor/Data/MonoBleedingEdge/lib/mono/unityjit'
Mono config path = 'C:/Program Files/Unity/Hub/Editor/2020.3.25f1/Editor/Data/MonoBleedingEdge/etc'
Using monoOptions --debugger-agent=transport=dt_socket,embedding=1,server=y,suspend=n,address=127.0.0.1:56096
Begin MonoManager ReloadAssembly
Registering precompiled unity dll's ...
Register platform support module: C:/Program Files/Unity/Hub/Editor/2020.3.25f1/Editor/Data/PlaybackEngines/WindowsStandaloneSupport/UnityEditor.WindowsStandalone.Extensions.dll
Registered in 0.001855 seconds.
Native extension for WindowsStandalone target not found
Refreshing native plugins compatible for Editor in 26.81 ms, found 2 plugins.
Preloading 0 native plugins for Editor in 0.00 ms.
Mono: successfully reloaded assembly
- Completed reload, in  0.498 seconds
Domain Reload Profiling:
	ReloadAssembly (499ms)
		BeginReloadAssembly (47ms)
			ExecutionOrderSort (0ms)
			DisableScriptedObjects (0ms)
			BackupInstance (0ms)
			ReleaseScriptingObjects (0ms)
			CreateAndSetChildDomain (1ms)
		EndReloadAssembly (388ms)
			LoadAssemblies (45ms)
			RebuildTransferFunctionScriptingTraits (0ms)
			SetupTypeCache (136ms)
			ReleaseScriptCaches (0ms)
			RebuildScriptCaches (27ms)
			SetupLoadedEditorAssemblies (137ms)
				LogAssemblyErrors (0ms)
				InitializePlatformSupportModulesInManaged (3ms)
				SetLoadedEditorAssemblies (0ms)
				RefreshPlugins (27ms)
				BeforeProcessingInitializeOnLoad (14ms)
				ProcessInitializeOnLoadAttributes (68ms)
				ProcessInitializeOnLoadMethodAttributes (24ms)
				AfterProcessingInitializeOnLoad (0ms)
				EditorAssembliesLoaded (0ms)
			ExecutionOrderSort2 (0ms)
			AwakeInstancesAfterBackupRestoration (0ms)
Platform modules already initialized, skipping
Registering precompiled user dll's ...
Registered in 0.003593 seconds.
Begin MonoManager ReloadAssembly
Native extension for WindowsStandalone target not found
Refreshing native plugins compatible for Editor in 0.28 ms, found 2 plugins.
Preloading 0 native plugins for Editor in 0.00 ms.
Mono: successfully reloaded assembly
- Completed reload, in  0.891 seconds
Domain Reload Profiling:
	ReloadAssembly (892ms)
		BeginReloadAssembly (123ms)
			ExecutionOrderSort (0ms)
			DisableScriptedObjects (4ms)
			BackupInstance (0ms)
			ReleaseScriptingObjects (0ms)
			CreateAndSetChildDomain (16ms)
		EndReloadAssembly (716ms)
			LoadAssemblies (69ms)
			RebuildTransferFunctionScriptingTraits (0ms)
			SetupTypeCache (238ms)
			ReleaseScriptCaches (0ms)
			RebuildScriptCaches (41ms)
			SetupLoadedEditorAssemblies (277ms)
				LogAssemblyErrors (0ms)
				InitializePlatformSupportModulesInManaged (4ms)
				SetLoadedEditorAssemblies (0ms)
				RefreshPlugins (0ms)
				BeforeProcessingInitializeOnLoad (74ms)
				ProcessInitializeOnLoadAttributes (184ms)
				ProcessInitializeOnLoadMethodAttributes (9ms)
				AfterProcessingInitializeOnLoad (6ms)
				EditorAssembliesLoaded (0ms)
			ExecutionOrderSort2 (0ms)
			AwakeInstancesAfterBackupRestoration (5ms)
Platform modules already initialized, skipping
========================================================================
Worker process is ready to serve import requests
Launched and connected shader compiler UnityShaderCompiler.exe after 0.06 seconds
Refreshing native plugins compatible for Editor in 0.29 ms, found 2 plugins.
Preloading 0 native plugins for Editor in 0.00 ms.
Unloading 1500 Unused Serialized files (Serialized files now loaded: 0)
System memory in use before: 68.1 MB.
System memory in use after: 68.2 MB.

Unloading 19 unused Assets to reduce memory usage. Loaded Objects now: 1932.
Total: 2.484000 ms (FindLiveObjects: 0.113900 ms CreateObjectMapping: 0.044400 ms MarkObjects: 2.278900 ms  DeleteObjects: 0.046100 ms)

AssetImportParameters requested are different than current active one (requested -> active):
  custom:framework-win-MediaFoundation: 216162199b28c13a410421893ffa2e32 -> 
  custom:video-decoder-ogg-theora: a1e56fd34408186e4bbccfd4996cb3dc -> 
  custom:container-muxer-webm: aa71ff27fc2769a1b78a27578f13a17b -> 
  custom:container-demuxer-webm: 4f35f7cbe854078d1ac9338744f61a02 -> 
  custom:container-demuxer-ogg: 62fdf1f143b41e24485cea50d1cbac27 -> 
  custom:video-encoder-webm-vp8: eb34c28f22e8b96e1ab97ce403110664 -> 
  custom:video-codec-MediaFoundation-h265: 746d11721c4dcdbdad8f713fa42b33f4 -> 
  custom:video-decoder-webm-vp8: 9c59270c3fd7afecdb556c50c9e8de78 -> 
  custom:audio-decoder-ogg-vorbis: bf7c407c2cedff20999df2af8eb42d56 -> 
  custom:audio-encoder-webm-vorbis: bf7c407c2cedff20999df2af8eb42d56 -> 
========================================================================
Received Import Request.
  path: Assets
  artifactKey: Guid(00000000000000001000000000000000) Importer(815301076,1909f56bfc062723c751e8b465ee728b)
Start importing Assets using Guid(00000000000000001000000000000000) Importer(815301076,1909f56bfc062723c751e8b465ee728b)  -> (artifact id: '42d402b061de3733987d63b9cc3b64de') in 0.006447 seconds 
  Import took 0.009309 seconds .

========================================================================
Received Import Request.
  Time since last request: 0.190818 seconds.
  path: Assets/ConnectCity_Main
  artifactKey: Guid(9e18b07208162bd40bd033b627cebac4) Importer(815301076,1909f56bfc062723c751e8b465ee728b)
Start importing Assets/ConnectCity_Main using Guid(9e18b07208162bd40bd033b627cebac4) Importer(815301076,1909f56bfc062723c751e8b465ee728b)  -> (artifact id: '7cc0e14071918dd9c68b1d03f924bb9a') in 0.007815 seconds 
  Import took 0.010578 seconds .

========================================================================
Received Import Request.
  Time since last request: 6.797860 seconds.
  path: Assets/ConnectCity_TitleSelect
  artifactKey: Guid(6251dfb87e131f546b9e1fc8cf118df2) Importer(815301076,1909f56bfc062723c751e8b465ee728b)
Start importing Assets/ConnectCity_TitleSelect using Guid(6251dfb87e131f546b9e1fc8cf118df2) Importer(815301076,1909f56bfc062723c751e8b465ee728b)  -> (artifact id: '27f7fdd2d6f1359addb9f4ebba90fead') in 0.006377 seconds 
  Import took 0.009028 seconds .

========================================================================
Received Prepare
Registering precompiled user dll's ...
Registered in 0.004719 seconds.
Begin MonoManager ReloadAssembly
Native extension for WindowsStandalone target not found
Refreshing native plugins compatible for Editor in 0.34 ms, found 2 plugins.
Preloading 0 native plugins for Editor in 0.00 ms.
Mono: successfully reloaded assembly
- Completed reload, in  0.912 seconds
Domain Reload Profiling:
	ReloadAssembly (912ms)
		BeginReloadAssembly (104ms)
			ExecutionOrderSort (0ms)
			DisableScriptedObjects (4ms)
			BackupInstance (0ms)
			ReleaseScriptingObjects (0ms)
			CreateAndSetChildDomain (27ms)
		EndReloadAssembly (750ms)
			LoadAssemblies (73ms)
			RebuildTransferFunctionScriptingTraits (0ms)
			SetupTypeCache (293ms)
			ReleaseScriptCaches (1ms)
			RebuildScriptCaches (35ms)
			SetupLoadedEditorAssemblies (258ms)
				LogAssemblyErrors (0ms)
				InitializePlatformSupportModulesInManaged (4ms)
				SetLoadedEditorAssemblies (0ms)
				RefreshPlugins (0ms)
				BeforeProcessingInitializeOnLoad (69ms)
				ProcessInitializeOnLoadAttributes (170ms)
				ProcessInitializeOnLoadMethodAttributes (7ms)
				AfterProcessingInitializeOnLoad (6ms)
				EditorAssembliesLoaded (1ms)
			ExecutionOrderSort2 (0ms)
			AwakeInstancesAfterBackupRestoration (7ms)
Platform modules already initialized, skipping
Refreshing native plugins compatible for Editor in 0.35 ms, found 2 plugins.
Preloading 0 native plugins for Editor in 0.00 ms.
Unloading 1759 Unused Serialized files (Serialized files now loaded: 0)
System memory in use before: 76.2 MB.
System memory in use after: 76.3 MB.

Unloading 16 unused Assets to reduce memory usage. Loaded Objects now: 2202.
Total: 2.287000 ms (FindLiveObjects: 0.127900 ms CreateObjectMapping: 0.056100 ms MarkObjects: 2.086800 ms  DeleteObjects: 0.015500 ms)

AssetImportParameters requested are different than current active one (requested -> active):
  custom:framework-win-MediaFoundation: 216162199b28c13a410421893ffa2e32 -> 
  custom:video-decoder-ogg-theora: a1e56fd34408186e4bbccfd4996cb3dc -> 
  custom:container-muxer-webm: aa71ff27fc2769a1b78a27578f13a17b -> 
  custom:container-demuxer-webm: 4f35f7cbe854078d1ac9338744f61a02 -> 
  custom:container-demuxer-ogg: 62fdf1f143b41e24485cea50d1cbac27 -> 
  custom:video-encoder-webm-vp8: eb34c28f22e8b96e1ab97ce403110664 -> 
  custom:video-codec-MediaFoundation-h265: 746d11721c4dcdbdad8f713fa42b33f4 -> 
  custom:video-decoder-webm-vp8: 9c59270c3fd7afecdb556c50c9e8de78 -> 
  custom:audio-decoder-ogg-vorbis: bf7c407c2cedff20999df2af8eb42d56 -> 
  custom:audio-encoder-webm-vorbis: bf7c407c2cedff20999df2af8eb42d56 -> 
========================================================================
Received Import Request.
  Time since last request: 189.306449 seconds.
  path: Assets/ConnectCity_Main/EnemyRobots
  artifactKey: Guid(f3d58e4311dee244b8b132b932c3fe9f) Importer(815301076,1909f56bfc062723c751e8b465ee728b)
Start importing Assets/ConnectCity_Main/EnemyRobots using Guid(f3d58e4311dee244b8b132b932c3fe9f) Importer(815301076,1909f56bfc062723c751e8b465ee728b)  -> (artifact id: '3c7de1462cd12928e2d9cf7e6e14c3ea') in 0.010595 seconds 
  Import took 0.013864 seconds .

========================================================================
Received Import Request.
  Time since last request: 6.539120 seconds.
  path: Assets/ConnectCity_Main/ConnectCity_Main
  artifactKey: Guid(a018bc721e0b32d4d9304911971c9890) Importer(815301076,1909f56bfc062723c751e8b465ee728b)
Start importing Assets/ConnectCity_Main/ConnectCity_Main using Guid(a018bc721e0b32d4d9304911971c9890) Importer(815301076,1909f56bfc062723c751e8b465ee728b)  -> (artifact id: '75d79becb05e4c57f527f9a784b9d687') in 0.008425 seconds 
  Import took 0.012026 seconds .

========================================================================
Received Import Request.
  Time since last request: 1.440073 seconds.
  path: Assets/ConnectCity_Main/ConnectCity_gimmick_scene
  artifactKey: Guid(925012579fea9214889ff408e0223e1e) Importer(815301076,1909f56bfc062723c751e8b465ee728b)
Start importing Assets/ConnectCity_Main/ConnectCity_gimmick_scene using Guid(925012579fea9214889ff408e0223e1e) Importer(815301076,1909f56bfc062723c751e8b465ee728b)  -> (artifact id: '1778c183ec984db789f61f1c027010f0') in 0.008229 seconds 
  Import took 0.011039 seconds .

========================================================================
Received Import Request.
  Time since last request: 3.522311 seconds.
  path: Assets/ConnectCity_Main/ConnectCity_Main/Scenes
  artifactKey: Guid(78c0d09d8f8fc154eb035d728fa799e4) Importer(815301076,1909f56bfc062723c751e8b465ee728b)
Start importing Assets/ConnectCity_Main/ConnectCity_Main/Scenes using Guid(78c0d09d8f8fc154eb035d728fa799e4) Importer(815301076,1909f56bfc062723c751e8b465ee728b)  -> (artifact id: '8b3e185dfb5184269924d4165df78302') in 0.008446 seconds 
  Import took 0.011314 seconds .

========================================================================
Received Import Request.
  Time since last request: 10.184301 seconds.
  path: Assets/Scenes
  artifactKey: Guid(17099f126e9f0134e903c389b99f66e4) Importer(815301076,1909f56bfc062723c751e8b465ee728b)
Start importing Assets/Scenes using Guid(17099f126e9f0134e903c389b99f66e4) Importer(815301076,1909f56bfc062723c751e8b465ee728b)  -> (artifact id: '5d53ef12d4a1c220e85dc2c1480ab4b9') in 0.004250 seconds 
  Import took 0.006708 seconds .

========================================================================
Received Import Request.
  Time since last request: 6.348084 seconds.
  path: Assets/ConnectCity_TitleSelect/Scenes
  artifactKey: Guid(835a23f410410bd479cf7856d84c07b7) Importer(815301076,1909f56bfc062723c751e8b465ee728b)
Start importing Assets/ConnectCity_TitleSelect/Scenes using Guid(835a23f410410bd479cf7856d84c07b7) Importer(815301076,1909f56bfc062723c751e8b465ee728b)  -> (artifact id: '1d5192cdf9cffc20946af7b08a398436') in 0.003950 seconds 
  Import took 0.006990 seconds .

========================================================================
Received Import Request.
  Time since last request: 39.369124 seconds.
  path: Assets/ConnectCity_Main/Plugins/Demigiant/DOTween
  artifactKey: Guid(59db42e86fd40564bbdae42f6d7871d4) Importer(815301076,1909f56bfc062723c751e8b465ee728b)
Start importing Assets/ConnectCity_Main/Plugins/Demigiant/DOTween using Guid(59db42e86fd40564bbdae42f6d7871d4) Importer(815301076,1909f56bfc062723c751e8b465ee728b)  -> (artifact id: 'd77ef8b1e4ab09df09d50855f334aa7a') in 0.006257 seconds 
  Import took 0.008904 seconds .

========================================================================
Received Import Request.
  Time since last request: 8.885129 seconds.
  path: Assets/ConnectCity_Main/ConnectCity_Main/UniRx/Scripts/UniRx.asmdef
  artifactKey: Guid(2f6d6481bc4f8c144b0028b66a79428b) Importer(815301076,1909f56bfc062723c751e8b465ee728b)
Start importing Assets/ConnectCity_Main/ConnectCity_Main/UniRx/Scripts/UniRx.asmdef using Guid(2f6d6481bc4f8c144b0028b66a79428b) Importer(815301076,1909f56bfc062723c751e8b465ee728b)  -> (artifact id: 'b6223ddadd9940a1c59b3e8aad4e0a80') in 0.022453 seconds 
  Import took 0.025179 seconds .

========================================================================
Received Import Request.
  Time since last request: 5.458888 seconds.
  path: Assets/ConnectCity_Main/ConnectCity_Main/UniRx
  artifactKey: Guid(c6a955657aa176b4b9d4cfeb6668675e) Importer(815301076,1909f56bfc062723c751e8b465ee728b)
Start importing Assets/ConnectCity_Main/ConnectCity_Main/UniRx using Guid(c6a955657aa176b4b9d4cfeb6668675e) Importer(815301076,1909f56bfc062723c751e8b465ee728b)  -> (artifact id: '0a104c5e2c30f6cf6a3fe209feb43048') in 0.002102 seconds 
  Import took 0.005058 seconds .

========================================================================
Received Import Request.
  Time since last request: 43.897759 seconds.
  path: Assets/ConnectCity_TitleSelect/ConnectCity_Main/Scripts/Common/BrideScenes_SelectMain.cs
  artifactKey: Guid(a991a72f5ee87ea4996ae0f815947262) Importer(815301076,1909f56bfc062723c751e8b465ee728b)
Start importing Assets/ConnectCity_TitleSelect/ConnectCity_Main/Scripts/Common/BrideScenes_SelectMain.cs using Guid(a991a72f5ee87ea4996ae0f815947262) Importer(815301076,1909f56bfc062723c751e8b465ee728b)  -> (artifact id: 'c83b12819f5e6c74b1a022c1b5242a3c') in 0.010497 seconds 
  Import took 0.013046 seconds .

========================================================================
Received Import Request.
  Time since last request: 19.900716 seconds.
  path: Assets/ConnectCity_Main/ConnectCity_Main/Scripts/Common
  artifactKey: Guid(c6019fe08c011fc44b9ffd6dfb17d5f7) Importer(815301076,1909f56bfc062723c751e8b465ee728b)
Start importing Assets/ConnectCity_Main/ConnectCity_Main/Scripts/Common using Guid(c6019fe08c011fc44b9ffd6dfb17d5f7) Importer(815301076,1909f56bfc062723c751e8b465ee728b)  -> (artifact id: '991e8e9b907241f5826ff85efe4016e6') in 0.013531 seconds 
  Import took 0.019669 seconds .

========================================================================
Received Import Request.
  Time since last request: 1.682426 seconds.
  path: Assets/ConnectCity_Main/ConnectCity_Main/Scripts/Common/BrideScenes_SelectMain.cs
  artifactKey: Guid(bd243be155898b14fb48bac753e76e14) Importer(815301076,1909f56bfc062723c751e8b465ee728b)
Start importing Assets/ConnectCity_Main/ConnectCity_Main/Scripts/Common/BrideScenes_SelectMain.cs using Guid(bd243be155898b14fb48bac753e76e14) Importer(815301076,1909f56bfc062723c751e8b465ee728b)  -> (artifact id: '33799b2693c751db24d171cf620499cc') in 0.002356 seconds 
  Import took 0.005857 seconds .

========================================================================
Received Prepare
Registering precompiled user dll's ...
Registered in 0.004554 seconds.
Begin MonoManager ReloadAssembly
Native extension for WindowsStandalone target not found
Refreshing native plugins compatible for Editor in 0.55 ms, found 2 plugins.
Preloading 0 native plugins for Editor in 0.00 ms.
Mono: successfully reloaded assembly
- Completed reload, in  0.903 seconds
Domain Reload Profiling:
	ReloadAssembly (904ms)
		BeginReloadAssembly (104ms)
			ExecutionOrderSort (0ms)
			DisableScriptedObjects (4ms)
			BackupInstance (0ms)
			ReleaseScriptingObjects (0ms)
			CreateAndSetChildDomain (30ms)
		EndReloadAssembly (741ms)
			LoadAssemblies (75ms)
			RebuildTransferFunctionScriptingTraits (0ms)
			SetupTypeCache (278ms)
			ReleaseScriptCaches (1ms)
			RebuildScriptCaches (35ms)
			SetupLoadedEditorAssemblies (258ms)
				LogAssemblyErrors (0ms)
				InitializePlatformSupportModulesInManaged (4ms)
				SetLoadedEditorAssemblies (0ms)
				RefreshPlugins (1ms)
				BeforeProcessingInitializeOnLoad (67ms)
				ProcessInitializeOnLoadAttributes (170ms)
				ProcessInitializeOnLoadMethodAttributes (10ms)
				AfterProcessingInitializeOnLoad (6ms)
				EditorAssembliesLoaded (0ms)
			ExecutionOrderSort2 (0ms)
			AwakeInstancesAfterBackupRestoration (6ms)
Platform modules already initialized, skipping
Refreshing native plugins compatible for Editor in 0.41 ms, found 2 plugins.
Preloading 0 native plugins for Editor in 0.00 ms.
Unloading 1821 Unused Serialized files (Serialized files now loaded: 0)
System memory in use before: 80.9 MB.
System memory in use after: 80.0 MB.

Unloading 30 unused Assets to reduce memory usage. Loaded Objects now: 2252.
Total: 3.328000 ms (FindLiveObjects: 0.129900 ms CreateObjectMapping: 0.057900 ms MarkObjects: 2.547500 ms  DeleteObjects: 0.591700 ms)

AssetImportParameters requested are different than current active one (requested -> active):
  custom:framework-win-MediaFoundation: 216162199b28c13a410421893ffa2e32 -> 
  custom:video-decoder-ogg-theora: a1e56fd34408186e4bbccfd4996cb3dc -> 
  custom:container-muxer-webm: aa71ff27fc2769a1b78a27578f13a17b -> 
  custom:container-demuxer-webm: 4f35f7cbe854078d1ac9338744f61a02 -> 
  custom:container-demuxer-ogg: 62fdf1f143b41e24485cea50d1cbac27 -> 
  custom:video-encoder-webm-vp8: eb34c28f22e8b96e1ab97ce403110664 -> 
  custom:video-codec-MediaFoundation-h265: 746d11721c4dcdbdad8f713fa42b33f4 -> 
  custom:video-decoder-webm-vp8: 9c59270c3fd7afecdb556c50c9e8de78 -> 
  custom:audio-decoder-ogg-vorbis: bf7c407c2cedff20999df2af8eb42d56 -> 
  custom:audio-encoder-webm-vorbis: bf7c407c2cedff20999df2af8eb42d56 -> 
========================================================================
Received Import Request.
  Time since last request: 22.357485 seconds.
  path: ProjectSettings/TagManager.asset
  artifactKey: Guid(00000000000000003000000000000000) Importer(815301076,1909f56bfc062723c751e8b465ee728b)
Start importing ProjectSettings/TagManager.asset using Guid(00000000000000003000000000000000) Importer(815301076,1909f56bfc062723c751e8b465ee728b)  -> (artifact id: 'ce6a35c3cddc746e7501c0bd0ed6d4ce') in 0.019926 seconds 
  Import took 0.022736 seconds .

========================================================================
Received Prepare
Registering precompiled user dll's ...
Registered in 0.004643 seconds.
Begin MonoManager ReloadAssembly
Native extension for WindowsStandalone target not found
Refreshing native plugins compatible for Editor in 0.46 ms, found 2 plugins.
Preloading 0 native plugins for Editor in 0.00 ms.
Mono: successfully reloaded assembly
- Completed reload, in  0.892 seconds
Domain Reload Profiling:
	ReloadAssembly (892ms)
		BeginReloadAssembly (117ms)
			ExecutionOrderSort (0ms)
			DisableScriptedObjects (4ms)
			BackupInstance (0ms)
			ReleaseScriptingObjects (0ms)
			CreateAndSetChildDomain (34ms)
		EndReloadAssembly (720ms)
			LoadAssemblies (83ms)
			RebuildTransferFunctionScriptingTraits (0ms)
			SetupTypeCache (277ms)
			ReleaseScriptCaches (1ms)
			RebuildScriptCaches (33ms)
			SetupLoadedEditorAssemblies (246ms)
				LogAssemblyErrors (0ms)
				InitializePlatformSupportModulesInManaged (4ms)
				SetLoadedEditorAssemblies (0ms)
				RefreshPlugins (1ms)
				BeforeProcessingInitializeOnLoad (67ms)
				ProcessInitializeOnLoadAttributes (159ms)
				ProcessInitializeOnLoadMethodAttributes (8ms)
				AfterProcessingInitializeOnLoad (6ms)
				EditorAssembliesLoaded (0ms)
			ExecutionOrderSort2 (0ms)
			AwakeInstancesAfterBackupRestoration (5ms)
Platform modules already initialized, skipping
Refreshing native plugins compatible for Editor in 0.42 ms, found 2 plugins.
Preloading 0 native plugins for Editor in 0.00 ms.
Unloading 1820 Unused Serialized files (Serialized files now loaded: 0)
System memory in use before: 80.9 MB.
System memory in use after: 79.9 MB.

Unloading 31 unused Assets to reduce memory usage. Loaded Objects now: 2254.
Total: 2.617200 ms (FindLiveObjects: 0.136000 ms CreateObjectMapping: 0.060600 ms MarkObjects: 1.932400 ms  DeleteObjects: 0.487400 ms)

AssetImportParameters requested are different than current active one (requested -> active):
  custom:framework-win-MediaFoundation: 216162199b28c13a410421893ffa2e32 -> 
  custom:video-decoder-ogg-theora: a1e56fd34408186e4bbccfd4996cb3dc -> 
  custom:container-muxer-webm: aa71ff27fc2769a1b78a27578f13a17b -> 
  custom:container-demuxer-webm: 4f35f7cbe854078d1ac9338744f61a02 -> 
  custom:container-demuxer-ogg: 62fdf1f143b41e24485cea50d1cbac27 -> 
  custom:video-encoder-webm-vp8: eb34c28f22e8b96e1ab97ce403110664 -> 
  custom:video-codec-MediaFoundation-h265: 746d11721c4dcdbdad8f713fa42b33f4 -> 
  custom:video-decoder-webm-vp8: 9c59270c3fd7afecdb556c50c9e8de78 -> 
  custom:audio-decoder-ogg-vorbis: bf7c407c2cedff20999df2af8eb42d56 -> 
  custom:audio-encoder-webm-vorbis: bf7c407c2cedff20999df2af8eb42d56 -> 
========================================================================
Received Import Request.
  Time since last request: 363.193175 seconds.
  path: Assets/Textures/game_logo.png
  artifactKey: Guid(994d0cd4d8f22e549b44365c48563d2a) Importer(815301076,1909f56bfc062723c751e8b465ee728b)
Start importing Assets/Textures/game_logo.png using Guid(994d0cd4d8f22e549b44365c48563d2a) Importer(815301076,1909f56bfc062723c751e8b465ee728b)  -> (artifact id: '56662f75518413da11df0be9a40a9a91') in 0.123068 seconds 
  Import took 0.126305 seconds .

========================================================================
Received Prepare
Refreshing native plugins compatible for Editor in 3.77 ms, found 2 plugins.
Preloading 0 native plugins for Editor in 0.00 ms.
Unloading 28 Unused Serialized files (Serialized files now loaded: 0)
System memory in use before: 48.0 MB.
System memory in use after: 47.0 MB.

Unloading 28 unused Assets to reduce memory usage. Loaded Objects now: 2260.
Total: 3.054800 ms (FindLiveObjects: 0.134300 ms CreateObjectMapping: 0.070300 ms MarkObjects: 2.361300 ms  DeleteObjects: 0.488200 ms)

AssetImportParameters requested are different than current active one (requested -> active):
  custom:framework-win-MediaFoundation: 216162199b28c13a410421893ffa2e32 -> 
  custom:video-decoder-ogg-theora: a1e56fd34408186e4bbccfd4996cb3dc -> 
  custom:container-muxer-webm: aa71ff27fc2769a1b78a27578f13a17b -> 
  custom:container-demuxer-webm: 4f35f7cbe854078d1ac9338744f61a02 -> 
  custom:container-demuxer-ogg: 62fdf1f143b41e24485cea50d1cbac27 -> 
  custom:video-encoder-webm-vp8: eb34c28f22e8b96e1ab97ce403110664 -> 
  custom:video-codec-MediaFoundation-h265: 746d11721c4dcdbdad8f713fa42b33f4 -> 
  custom:video-decoder-webm-vp8: 9c59270c3fd7afecdb556c50c9e8de78 -> 
  custom:audio-decoder-ogg-vorbis: bf7c407c2cedff20999df2af8eb42d56 -> 
  custom:audio-encoder-webm-vorbis: bf7c407c2cedff20999df2af8eb42d56 -> 
AssetImportWorkerClient::OnTransportError - code=2 error=End of file
