Using pre-set license
Built from '2020.3/staging' branch; Version is '2020.3.25f1 (9b9180224418) revision 10195328'; Using compiler version '192528614'; Build Type 'Release'
OS: 'Windows 10  (10.0.19044) 64bit Core' Language: 'ja' Physical Memory: 16207 MB
BatchMode: 1, IsHumanControllingUs: 0, StartBugReporterOnCrash: 0, Is64bit: 1, IsPro: 0

COMMAND LINE ARGUMENTS:
C:\Program Files\Unity\Hub\Editor\2020.3.25f1\Editor\Unity.exe
-adb2
-batchMode
-noUpm
-name
AssetImportWorker0
-projectPath
C:/ゲーム制作サークル/2022年度/日本ゲーム大賞アマチュア部門/JGA_2022_バージョン管理/ConnectCity_Master_Ver9
-logFile
Logs/AssetImportWorker0.log
-srvPort
61793
Successfully changed project path to: C:/ゲーム制作サークル/2022年度/日本ゲーム大賞アマチュア部門/JGA_2022_バージョン管理/ConnectCity_Master_Ver9
C:/ゲーム制作サークル/2022年度/日本ゲーム大賞アマチュア部門/JGA_2022_バージョン管理/ConnectCity_Master_Ver9
Using Asset Import Pipeline V2.
Refreshing native plugins compatible for Editor in 28.82 ms, found 2 plugins.
Preloading 0 native plugins for Editor in 0.00 ms.
Initialize engine version: 2020.3.25f1 (9b9180224418)
[Subsystems] Discovering subsystems at path C:/Program Files/Unity/Hub/Editor/2020.3.25f1/Editor/Data/Resources/UnitySubsystems
[Subsystems] Discovering subsystems at path C:/ゲーム制作サークル/2022年度/日本ゲーム大賞アマチュア部門/JGA_2022_バージョン管理/ConnectCity_Master_Ver9/Assets
GfxDevice: creating device client; threaded=0
Direct3D:
    Version:  Direct3D 11.0 [level 11.1]
    Renderer: NVIDIA GeForce GTX 1660 Ti (ID=0x2191)
    Vendor:   
    VRAM:     5991 MB
    Driver:   27.21.14.6275
Initialize mono
Mono path[0] = 'C:/Program Files/Unity/Hub/Editor/2020.3.25f1/Editor/Data/Managed'
Mono path[1] = 'C:/Program Files/Unity/Hub/Editor/2020.3.25f1/Editor/Data/MonoBleedingEdge/lib/mono/unityjit'
Mono config path = 'C:/Program Files/Unity/Hub/Editor/2020.3.25f1/Editor/Data/MonoBleedingEdge/etc'
Using monoOptions --debugger-agent=transport=dt_socket,embedding=1,server=y,suspend=n,address=127.0.0.1:56180
Begin MonoManager ReloadAssembly
Registering precompiled unity dll's ...
Register platform support module: C:/Program Files/Unity/Hub/Editor/2020.3.25f1/Editor/Data/PlaybackEngines/WindowsStandaloneSupport/UnityEditor.WindowsStandalone.Extensions.dll
Registered in 0.001681 seconds.
Native extension for WindowsStandalone target not found
Refreshing native plugins compatible for Editor in 27.40 ms, found 2 plugins.
Preloading 0 native plugins for Editor in 0.00 ms.
Mono: successfully reloaded assembly
- Completed reload, in  0.499 seconds
Domain Reload Profiling:
	ReloadAssembly (499ms)
		BeginReloadAssembly (46ms)
			ExecutionOrderSort (0ms)
			DisableScriptedObjects (0ms)
			BackupInstance (0ms)
			ReleaseScriptingObjects (0ms)
			CreateAndSetChildDomain (1ms)
		EndReloadAssembly (391ms)
			LoadAssemblies (44ms)
			RebuildTransferFunctionScriptingTraits (0ms)
			SetupTypeCache (137ms)
			ReleaseScriptCaches (0ms)
			RebuildScriptCaches (27ms)
			SetupLoadedEditorAssemblies (138ms)
				LogAssemblyErrors (0ms)
				InitializePlatformSupportModulesInManaged (4ms)
				SetLoadedEditorAssemblies (0ms)
				RefreshPlugins (27ms)
				BeforeProcessingInitializeOnLoad (14ms)
				ProcessInitializeOnLoadAttributes (66ms)
				ProcessInitializeOnLoadMethodAttributes (26ms)
				AfterProcessingInitializeOnLoad (0ms)
				EditorAssembliesLoaded (0ms)
			ExecutionOrderSort2 (0ms)
			AwakeInstancesAfterBackupRestoration (0ms)
Platform modules already initialized, skipping
Registering precompiled user dll's ...
Registered in 0.004173 seconds.
Begin MonoManager ReloadAssembly
Native extension for WindowsStandalone target not found
Refreshing native plugins compatible for Editor in 0.28 ms, found 2 plugins.
Preloading 0 native plugins for Editor in 0.00 ms.
Mono: successfully reloaded assembly
- Completed reload, in  0.895 seconds
Domain Reload Profiling:
	ReloadAssembly (896ms)
		BeginReloadAssembly (124ms)
			ExecutionOrderSort (0ms)
			DisableScriptedObjects (4ms)
			BackupInstance (0ms)
			ReleaseScriptingObjects (0ms)
			CreateAndSetChildDomain (17ms)
		EndReloadAssembly (717ms)
			LoadAssemblies (74ms)
			RebuildTransferFunctionScriptingTraits (0ms)
			SetupTypeCache (253ms)
			ReleaseScriptCaches (0ms)
			RebuildScriptCaches (36ms)
			SetupLoadedEditorAssemblies (268ms)
				LogAssemblyErrors (0ms)
				InitializePlatformSupportModulesInManaged (4ms)
				SetLoadedEditorAssemblies (0ms)
				RefreshPlugins (0ms)
				BeforeProcessingInitializeOnLoad (72ms)
				ProcessInitializeOnLoadAttributes (177ms)
				ProcessInitializeOnLoadMethodAttributes (8ms)
				AfterProcessingInitializeOnLoad (6ms)
				EditorAssembliesLoaded (0ms)
			ExecutionOrderSort2 (0ms)
			AwakeInstancesAfterBackupRestoration (8ms)
Platform modules already initialized, skipping
========================================================================
Worker process is ready to serve import requests
Launched and connected shader compiler UnityShaderCompiler.exe after 0.03 seconds
Refreshing native plugins compatible for Editor in 0.28 ms, found 2 plugins.
Preloading 0 native plugins for Editor in 0.00 ms.
Unloading 1500 Unused Serialized files (Serialized files now loaded: 0)
System memory in use before: 68.1 MB.
System memory in use after: 68.2 MB.

Unloading 19 unused Assets to reduce memory usage. Loaded Objects now: 1932.
Total: 2.175500 ms (FindLiveObjects: 0.124000 ms CreateObjectMapping: 0.054400 ms MarkObjects: 1.950800 ms  DeleteObjects: 0.045600 ms)

AssetImportParameters requested are different than current active one (requested -> active):
  custom:framework-win-MediaFoundation: 216162199b28c13a410421893ffa2e32 -> 
  custom:video-decoder-ogg-theora: a1e56fd34408186e4bbccfd4996cb3dc -> 
  custom:container-muxer-webm: aa71ff27fc2769a1b78a27578f13a17b -> 
  custom:container-demuxer-webm: 4f35f7cbe854078d1ac9338744f61a02 -> 
  custom:container-demuxer-ogg: 62fdf1f143b41e24485cea50d1cbac27 -> 
  custom:video-encoder-webm-vp8: eb34c28f22e8b96e1ab97ce403110664 -> 
  custom:video-codec-MediaFoundation-h265: 746d11721c4dcdbdad8f713fa42b33f4 -> 
  custom:video-decoder-webm-vp8: 9c59270c3fd7afecdb556c50c9e8de78 -> 
  custom:audio-decoder-ogg-vorbis: bf7c407c2cedff20999df2af8eb42d56 -> 
  custom:audio-encoder-webm-vorbis: bf7c407c2cedff20999df2af8eb42d56 -> 
========================================================================
Received Import Request.
  path: Assets
  artifactKey: Guid(00000000000000001000000000000000) Importer(815301076,1909f56bfc062723c751e8b465ee728b)
Start importing Assets using Guid(00000000000000001000000000000000) Importer(815301076,1909f56bfc062723c751e8b465ee728b)  -> (artifact id: '42d402b061de3733987d63b9cc3b64de') in 0.008610 seconds 
  Import took 0.010893 seconds .

========================================================================
Received Import Request.
  Time since last request: 11.233350 seconds.
  path: Assets/ConnectCity_Main
  artifactKey: Guid(4ac0f75d8cfdec045995c380ab032053) Importer(815301076,1909f56bfc062723c751e8b465ee728b)
Start importing Assets/ConnectCity_Main using Guid(4ac0f75d8cfdec045995c380ab032053) Importer(815301076,1909f56bfc062723c751e8b465ee728b)  -> (artifact id: '123c6ac7644ecdc9c5cf4850c4416d74') in 0.007334 seconds 
  Import took 0.010714 seconds .

========================================================================
Received Import Request.
  Time since last request: 8.665149 seconds.
  path: Assets/Scenes
  artifactKey: Guid(6370f167892eaa24fb3b69fe828461e7) Importer(815301076,1909f56bfc062723c751e8b465ee728b)
Start importing Assets/Scenes using Guid(6370f167892eaa24fb3b69fe828461e7) Importer(815301076,1909f56bfc062723c751e8b465ee728b)  -> (artifact id: 'c49bc309c6c36a287384977adfb61312') in 0.007433 seconds 
  Import took 0.010151 seconds .

========================================================================
Received Import Request.
  Time since last request: 4.413180 seconds.
  path: Assets/ConnectCity_TitleSelect
  artifactKey: Guid(50c1a804e7a65734c9ff85e6cec58373) Importer(815301076,1909f56bfc062723c751e8b465ee728b)
Start importing Assets/ConnectCity_TitleSelect using Guid(50c1a804e7a65734c9ff85e6cec58373) Importer(815301076,1909f56bfc062723c751e8b465ee728b)  -> (artifact id: '1827a0c6a3e9a2cac4ac65e0065725b5') in 0.006389 seconds 
  Import took 0.008943 seconds .

========================================================================
Received Prepare
Registering precompiled user dll's ...
Registered in 0.003405 seconds.
Begin MonoManager ReloadAssembly
Native extension for WindowsStandalone target not found
Refreshing native plugins compatible for Editor in 0.28 ms, found 2 plugins.
Preloading 0 native plugins for Editor in 0.00 ms.
Mono: successfully reloaded assembly
- Completed reload, in  0.855 seconds
Domain Reload Profiling:
	ReloadAssembly (855ms)
		BeginReloadAssembly (95ms)
			ExecutionOrderSort (0ms)
			DisableScriptedObjects (4ms)
			BackupInstance (0ms)
			ReleaseScriptingObjects (0ms)
			CreateAndSetChildDomain (27ms)
		EndReloadAssembly (703ms)
			LoadAssemblies (73ms)
			RebuildTransferFunctionScriptingTraits (0ms)
			SetupTypeCache (259ms)
			ReleaseScriptCaches (1ms)
			RebuildScriptCaches (32ms)
			SetupLoadedEditorAssemblies (248ms)
				LogAssemblyErrors (0ms)
				InitializePlatformSupportModulesInManaged (4ms)
				SetLoadedEditorAssemblies (0ms)
				RefreshPlugins (0ms)
				BeforeProcessingInitializeOnLoad (67ms)
				ProcessInitializeOnLoadAttributes (163ms)
				ProcessInitializeOnLoadMethodAttributes (8ms)
				AfterProcessingInitializeOnLoad (6ms)
				EditorAssembliesLoaded (0ms)
			ExecutionOrderSort2 (0ms)
			AwakeInstancesAfterBackupRestoration (6ms)
Platform modules already initialized, skipping
Refreshing native plugins compatible for Editor in 0.29 ms, found 2 plugins.
Preloading 0 native plugins for Editor in 0.00 ms.
Unloading 1494 Unused Serialized files (Serialized files now loaded: 0)
System memory in use before: 68.0 MB.
System memory in use after: 68.1 MB.

Unloading 14 unused Assets to reduce memory usage. Loaded Objects now: 1934.
Total: 2.063900 ms (FindLiveObjects: 0.106800 ms CreateObjectMapping: 0.043000 ms MarkObjects: 1.903000 ms  DeleteObjects: 0.010500 ms)

AssetImportParameters requested are different than current active one (requested -> active):
  custom:framework-win-MediaFoundation: 216162199b28c13a410421893ffa2e32 -> 
  custom:video-decoder-ogg-theora: a1e56fd34408186e4bbccfd4996cb3dc -> 
  custom:container-muxer-webm: aa71ff27fc2769a1b78a27578f13a17b -> 
  custom:container-demuxer-webm: 4f35f7cbe854078d1ac9338744f61a02 -> 
  custom:container-demuxer-ogg: 62fdf1f143b41e24485cea50d1cbac27 -> 
  custom:video-encoder-webm-vp8: eb34c28f22e8b96e1ab97ce403110664 -> 
  custom:video-codec-MediaFoundation-h265: 746d11721c4dcdbdad8f713fa42b33f4 -> 
  custom:video-decoder-webm-vp8: 9c59270c3fd7afecdb556c50c9e8de78 -> 
  custom:audio-decoder-ogg-vorbis: bf7c407c2cedff20999df2af8eb42d56 -> 
  custom:audio-encoder-webm-vorbis: bf7c407c2cedff20999df2af8eb42d56 -> 
========================================================================
Received Prepare
Registering precompiled user dll's ...
Registered in 0.003405 seconds.
Begin MonoManager ReloadAssembly
Native extension for WindowsStandalone target not found
Refreshing native plugins compatible for Editor in 0.29 ms, found 2 plugins.
Preloading 0 native plugins for Editor in 0.00 ms.
Mono: successfully reloaded assembly
- Completed reload, in  0.847 seconds
Domain Reload Profiling:
	ReloadAssembly (848ms)
		BeginReloadAssembly (105ms)
			ExecutionOrderSort (0ms)
			DisableScriptedObjects (4ms)
			BackupInstance (0ms)
			ReleaseScriptingObjects (0ms)
			CreateAndSetChildDomain (27ms)
		EndReloadAssembly (686ms)
			LoadAssemblies (78ms)
			RebuildTransferFunctionScriptingTraits (0ms)
			SetupTypeCache (256ms)
			ReleaseScriptCaches (1ms)
			RebuildScriptCaches (35ms)
			SetupLoadedEditorAssemblies (237ms)
				LogAssemblyErrors (0ms)
				InitializePlatformSupportModulesInManaged (4ms)
				SetLoadedEditorAssemblies (0ms)
				RefreshPlugins (0ms)
				BeforeProcessingInitializeOnLoad (63ms)
				ProcessInitializeOnLoadAttributes (156ms)
				ProcessInitializeOnLoadMethodAttributes (9ms)
				AfterProcessingInitializeOnLoad (5ms)
				EditorAssembliesLoaded (0ms)
			ExecutionOrderSort2 (0ms)
			AwakeInstancesAfterBackupRestoration (7ms)
Platform modules already initialized, skipping
Refreshing native plugins compatible for Editor in 0.33 ms, found 2 plugins.
Preloading 0 native plugins for Editor in 0.00 ms.
Unloading 1494 Unused Serialized files (Serialized files now loaded: 0)
System memory in use before: 68.0 MB.
System memory in use after: 68.1 MB.

Unloading 14 unused Assets to reduce memory usage. Loaded Objects now: 1936.
Total: 2.142500 ms (FindLiveObjects: 0.115300 ms CreateObjectMapping: 0.044000 ms MarkObjects: 1.971100 ms  DeleteObjects: 0.011300 ms)

AssetImportParameters requested are different than current active one (requested -> active):
  custom:framework-win-MediaFoundation: 216162199b28c13a410421893ffa2e32 -> 
  custom:video-decoder-ogg-theora: a1e56fd34408186e4bbccfd4996cb3dc -> 
  custom:container-muxer-webm: aa71ff27fc2769a1b78a27578f13a17b -> 
  custom:container-demuxer-webm: 4f35f7cbe854078d1ac9338744f61a02 -> 
  custom:container-demuxer-ogg: 62fdf1f143b41e24485cea50d1cbac27 -> 
  custom:video-encoder-webm-vp8: eb34c28f22e8b96e1ab97ce403110664 -> 
  custom:video-codec-MediaFoundation-h265: 746d11721c4dcdbdad8f713fa42b33f4 -> 
  custom:video-decoder-webm-vp8: 9c59270c3fd7afecdb556c50c9e8de78 -> 
  custom:audio-decoder-ogg-vorbis: bf7c407c2cedff20999df2af8eb42d56 -> 
  custom:audio-encoder-webm-vorbis: bf7c407c2cedff20999df2af8eb42d56 -> 
========================================================================
Received Import Request.
  Time since last request: 370.063050 seconds.
  path: Assets/ConnectCity_TitleSelect/Scenes
  artifactKey: Guid(3f3a993e64ac9894b87fa018d3d7b07c) Importer(815301076,1909f56bfc062723c751e8b465ee728b)
Start importing Assets/ConnectCity_TitleSelect/Scenes using Guid(3f3a993e64ac9894b87fa018d3d7b07c) Importer(815301076,1909f56bfc062723c751e8b465ee728b)  -> (artifact id: 'eee4d7dbb800e6dd85bc85d030591a6f') in 0.010750 seconds 
  Import took 0.013270 seconds .

========================================================================
Received Import Request.
  Time since last request: 33.193848 seconds.
  path: Assets/ConnectCity_Main/Plugins
  artifactKey: Guid(3c7f28b0458fc4248bb8bd15454a4961) Importer(815301076,1909f56bfc062723c751e8b465ee728b)
Start importing Assets/ConnectCity_Main/Plugins using Guid(3c7f28b0458fc4248bb8bd15454a4961) Importer(815301076,1909f56bfc062723c751e8b465ee728b)  -> (artifact id: 'd39c9087ced7acacef443f7f2afb44cf') in 0.009211 seconds 
  Import took 0.011696 seconds .

========================================================================
Received Import Request.
  Time since last request: 3.694088 seconds.
  path: Assets/ConnectCity_Main/Plugins/Demigiant
  artifactKey: Guid(163b9adf3552ac040b7d194f820f6a81) Importer(815301076,1909f56bfc062723c751e8b465ee728b)
Start importing Assets/ConnectCity_Main/Plugins/Demigiant using Guid(163b9adf3552ac040b7d194f820f6a81) Importer(815301076,1909f56bfc062723c751e8b465ee728b)  -> (artifact id: '7de86d424ddc5729f77d23e3b876b5a2') in 0.006216 seconds 
  Import took 0.008303 seconds .

========================================================================
Received Import Request.
  Time since last request: 2.317320 seconds.
  path: Assets/ConnectCity_Main/Plugins/Demigiant/DOTween
  artifactKey: Guid(59db42e86fd40564bbdae42f6d7871d4) Importer(815301076,1909f56bfc062723c751e8b465ee728b)
Start importing Assets/ConnectCity_Main/Plugins/Demigiant/DOTween using Guid(59db42e86fd40564bbdae42f6d7871d4) Importer(815301076,1909f56bfc062723c751e8b465ee728b)  -> (artifact id: 'd77ef8b1e4ab09df09d50855f334aa7a') in 0.007472 seconds 
  Import took 0.010281 seconds .

========================================================================
Received Import Request.
  Time since last request: 27.832756 seconds.
  path: Assets/ConnectCity_Main/TextMesh Pro
  artifactKey: Guid(e7541c1fe76adf84a92915858cef1f23) Importer(815301076,1909f56bfc062723c751e8b465ee728b)
Start importing Assets/ConnectCity_Main/TextMesh Pro using Guid(e7541c1fe76adf84a92915858cef1f23) Importer(815301076,1909f56bfc062723c751e8b465ee728b)  -> (artifact id: '24cdb4525d7620e7fada96f1e3b7cebf') in 0.009810 seconds 
  Import took 0.012613 seconds .

========================================================================
Received Import Request.
  Time since last request: 1.729524 seconds.
  path: Assets/ConnectCity_Main/Resources
  artifactKey: Guid(a833f0bdbdbb0b34fbacbd4206fbe7e7) Importer(815301076,1909f56bfc062723c751e8b465ee728b)
Start importing Assets/ConnectCity_Main/Resources using Guid(a833f0bdbdbb0b34fbacbd4206fbe7e7) Importer(815301076,1909f56bfc062723c751e8b465ee728b)  -> (artifact id: 'ee64a909af23ef5a12982b0e5c5025da') in 0.009024 seconds 
  Import took 0.011447 seconds .

========================================================================
Received Import Request.
  Time since last request: 3.850124 seconds.
  path: Assets/ConnectCity_Main/Resources/DOTweenSettings.asset
  artifactKey: Guid(c149d2910e3863a4aaafa7a30b203e6d) Importer(815301076,1909f56bfc062723c751e8b465ee728b)
Start importing Assets/ConnectCity_Main/Resources/DOTweenSettings.asset using Guid(c149d2910e3863a4aaafa7a30b203e6d) Importer(815301076,1909f56bfc062723c751e8b465ee728b)  -> (artifact id: '8d50bffa861de0c927dac3834e6a4383') in 0.021150 seconds 
  Import took 0.023321 seconds .

========================================================================
Received Import Request.
  Time since last request: 4.338436 seconds.
  path: Assets/ConnectCity_Main/ParticleEffects_v2
  artifactKey: Guid(d0f3e9caf9eac42478ee7fa455920572) Importer(815301076,1909f56bfc062723c751e8b465ee728b)
Start importing Assets/ConnectCity_Main/ParticleEffects_v2 using Guid(d0f3e9caf9eac42478ee7fa455920572) Importer(815301076,1909f56bfc062723c751e8b465ee728b)  -> (artifact id: '42525a1feddf5ed85aa964e6a74cc8bd') in 0.006982 seconds 
  Import took 0.010461 seconds .

========================================================================
Received Import Request.
  Time since last request: 19.409223 seconds.
  path: Assets/ConnectCity_Main/ConnectCity_gimmick_scene
  artifactKey: Guid(e3164de9496d08a4ca466b0a123d80d3) Importer(815301076,1909f56bfc062723c751e8b465ee728b)
Start importing Assets/ConnectCity_Main/ConnectCity_gimmick_scene using Guid(e3164de9496d08a4ca466b0a123d80d3) Importer(815301076,1909f56bfc062723c751e8b465ee728b)  -> (artifact id: '2785807e0c395f89a4bf337183e85c2b') in 0.008062 seconds 
  Import took 0.010335 seconds .

========================================================================
Received Import Request.
  Time since last request: 0.599618 seconds.
  path: Assets/ConnectCity_Main/ConnectCity_Main
  artifactKey: Guid(0002ecb053d246d4ba02ea6863b0699d) Importer(815301076,1909f56bfc062723c751e8b465ee728b)
Start importing Assets/ConnectCity_Main/ConnectCity_Main using Guid(0002ecb053d246d4ba02ea6863b0699d) Importer(815301076,1909f56bfc062723c751e8b465ee728b)  -> (artifact id: '9716ea14415ff2ef34a2e2e7989860f0') in 0.006659 seconds 
  Import took 0.009394 seconds .

========================================================================
Received Import Request.
  Time since last request: 12.857625 seconds.
  path: Assets/ConnectCity_Main/ConnectCity_Main/UniRx
  artifactKey: Guid(c6a955657aa176b4b9d4cfeb6668675e) Importer(815301076,1909f56bfc062723c751e8b465ee728b)
Start importing Assets/ConnectCity_Main/ConnectCity_Main/UniRx using Guid(c6a955657aa176b4b9d4cfeb6668675e) Importer(815301076,1909f56bfc062723c751e8b465ee728b)  -> (artifact id: '0a104c5e2c30f6cf6a3fe209feb43048') in 0.007065 seconds 
  Import took 0.009321 seconds .

========================================================================
Received Import Request.
  Time since last request: 52.546736 seconds.
  path: Assets/ConnectCity_Main/ConnectCity_Main/Scripts
  artifactKey: Guid(819d8facae9916544b96bcd4bc458139) Importer(815301076,1909f56bfc062723c751e8b465ee728b)
Start importing Assets/ConnectCity_Main/ConnectCity_Main/Scripts using Guid(819d8facae9916544b96bcd4bc458139) Importer(815301076,1909f56bfc062723c751e8b465ee728b)  -> (artifact id: '1d1fa0db0a7b8ca9e6c2db6702232e91') in 0.008114 seconds 
  Import took 0.010603 seconds .

========================================================================
Received Import Request.
  Time since last request: 9.161010 seconds.
  path: Assets/ConnectCity_Main/ConnectCity_Main/Scripts/Common
  artifactKey: Guid(c6019fe08c011fc44b9ffd6dfb17d5f7) Importer(815301076,1909f56bfc062723c751e8b465ee728b)
Start importing Assets/ConnectCity_Main/ConnectCity_Main/Scripts/Common using Guid(c6019fe08c011fc44b9ffd6dfb17d5f7) Importer(815301076,1909f56bfc062723c751e8b465ee728b)  -> (artifact id: '991e8e9b907241f5826ff85efe4016e6') in 0.006457 seconds 
  Import took 0.008535 seconds .

========================================================================
Received Import Request.
  Time since last request: 9.734652 seconds.
  path: Assets/ConnectCity_Main/ConnectCity_Main/Scripts/Common/BrideScenes_SelectMain.cs
  artifactKey: Guid(a991a72f5ee87ea4996ae0f815947262) Importer(815301076,1909f56bfc062723c751e8b465ee728b)
Start importing Assets/ConnectCity_Main/ConnectCity_Main/Scripts/Common/BrideScenes_SelectMain.cs using Guid(a991a72f5ee87ea4996ae0f815947262) Importer(815301076,1909f56bfc062723c751e8b465ee728b)  -> (artifact id: '5938272040a27d0843cf5c8fb65c17f1') in 0.016609 seconds 
  Import took 0.018687 seconds .

========================================================================
Received Import Request.
  Time since last request: 134.453991 seconds.
  path: Assets/ConnectCity_TitleSelect/Scripts
  artifactKey: Guid(04fe5f28ba356d64cba390b6fcc6d1f4) Importer(815301076,1909f56bfc062723c751e8b465ee728b)
Start importing Assets/ConnectCity_TitleSelect/Scripts using Guid(04fe5f28ba356d64cba390b6fcc6d1f4) Importer(815301076,1909f56bfc062723c751e8b465ee728b)  -> (artifact id: 'f87c88670b808f41dc53a66ecb5ffb42') in 0.003925 seconds 
  Import took 0.006601 seconds .

========================================================================
Received Import Request.
  Time since last request: 7.366548 seconds.
  path: Assets/ConnectCity_Main/ConnectCity_Main/Textures/UITextures/Tutorial/0_xbox_controller.png
  artifactKey: Guid(907b5f7faf311cd439da9be52aea1ccc) Importer(815301076,1909f56bfc062723c751e8b465ee728b)
Start importing Assets/ConnectCity_Main/ConnectCity_Main/Textures/UITextures/Tutorial/0_xbox_controller.png using Guid(907b5f7faf311cd439da9be52aea1ccc) Importer(815301076,1909f56bfc062723c751e8b465ee728b)  -> (artifact id: '587972b7f61e3e9f41724e389fa8e789') in 0.102103 seconds 
  Import took 0.104239 seconds .

========================================================================
Received Import Request.
  Time since last request: 0.635522 seconds.
  path: Assets/ConnectCity_Main/ConnectCity_Main/Prefabs/BrideScenes_SelectMain.prefab
  artifactKey: Guid(26c6581d5154f8a4697fe5a3537a5a85) Importer(815301076,1909f56bfc062723c751e8b465ee728b)
Start importing Assets/ConnectCity_Main/ConnectCity_Main/Prefabs/BrideScenes_SelectMain.prefab using Guid(26c6581d5154f8a4697fe5a3537a5a85) Importer(815301076,1909f56bfc062723c751e8b465ee728b)  -> (artifact id: '4c733bb43adb85ace2ebd38ac37b9b87') in 0.010236 seconds 
  Import took 0.012570 seconds .

========================================================================
Received Import Request.
  Time since last request: 0.000219 seconds.
  path: Assets/ConnectCity_TitleSelect/ConnectCity_Main/Prefabs/BrideScenes_SelectMain.prefab
  artifactKey: Guid(62aa64765a58acb40a24b97eee44f023) Importer(815301076,1909f56bfc062723c751e8b465ee728b)
Start importing Assets/ConnectCity_TitleSelect/ConnectCity_Main/Prefabs/BrideScenes_SelectMain.prefab using Guid(62aa64765a58acb40a24b97eee44f023) Importer(815301076,1909f56bfc062723c751e8b465ee728b)  -> (artifact id: 'dca77ad4c1056b2fc1f5ececa311c376') in 0.003772 seconds 
  Import took 0.005803 seconds .

========================================================================
Received Import Request.
  Time since last request: 4.501591 seconds.
  path: Assets/ConnectCity_TitleSelect/ConnectCity_Main/Scripts/Common/BrideScenes_SelectMain.cs
  artifactKey: Guid(ebc8e11f0b2c2344a8ee00e61824013f) Importer(815301076,1909f56bfc062723c751e8b465ee728b)
Start importing Assets/ConnectCity_TitleSelect/ConnectCity_Main/Scripts/Common/BrideScenes_SelectMain.cs using Guid(ebc8e11f0b2c2344a8ee00e61824013f) Importer(815301076,1909f56bfc062723c751e8b465ee728b)  -> (artifact id: 'bbef607abe25c59ce22e05a2126b590e') in 0.003957 seconds 
  Import took 0.006833 seconds .

========================================================================
Received Import Request.
  Time since last request: 49.309707 seconds.
  path: Assets/ConnectCity_TitleSelect/ConnectCity_Main/Scripts/Common/BrideScenes_SelectMain.cs
  artifactKey: Guid(ebc8e11f0b2c2344a8ee00e61824013f) Importer(815301076,1909f56bfc062723c751e8b465ee728b)
Start importing Assets/ConnectCity_TitleSelect/ConnectCity_Main/Scripts/Common/BrideScenes_SelectMain.cs using Guid(ebc8e11f0b2c2344a8ee00e61824013f) Importer(815301076,1909f56bfc062723c751e8b465ee728b)  -> (artifact id: 'bf006dc3d670f9c813246785733f7d88') in 0.002241 seconds 
  Import took 0.004623 seconds .

========================================================================
Received Import Request.
  Time since last request: 15.802230 seconds.
  path: ProjectSettings/TagManager.asset
  artifactKey: Guid(00000000000000003000000000000000) Importer(815301076,1909f56bfc062723c751e8b465ee728b)
Start importing ProjectSettings/TagManager.asset using Guid(00000000000000003000000000000000) Importer(815301076,1909f56bfc062723c751e8b465ee728b)  -> (artifact id: 'ce6a35c3cddc746e7501c0bd0ed6d4ce') in 0.007532 seconds 
  Import took 0.010544 seconds .

========================================================================
Received Prepare
Registering precompiled user dll's ...
Registered in 0.004550 seconds.
Begin MonoManager ReloadAssembly
Native extension for WindowsStandalone target not found
Refreshing native plugins compatible for Editor in 0.48 ms, found 2 plugins.
Preloading 0 native plugins for Editor in 0.00 ms.
Mono: successfully reloaded assembly
- Completed reload, in  0.736 seconds
Domain Reload Profiling:
	ReloadAssembly (737ms)
		BeginReloadAssembly (105ms)
			ExecutionOrderSort (0ms)
			DisableScriptedObjects (4ms)
			BackupInstance (0ms)
			ReleaseScriptingObjects (0ms)
			CreateAndSetChildDomain (27ms)
		EndReloadAssembly (572ms)
			LoadAssemblies (71ms)
			RebuildTransferFunctionScriptingTraits (0ms)
			SetupTypeCache (218ms)
			ReleaseScriptCaches (1ms)
			RebuildScriptCaches (24ms)
			SetupLoadedEditorAssemblies (174ms)
				LogAssemblyErrors (0ms)
				InitializePlatformSupportModulesInManaged (4ms)
				SetLoadedEditorAssemblies (0ms)
				RefreshPlugins (1ms)
				BeforeProcessingInitializeOnLoad (81ms)
				ProcessInitializeOnLoadAttributes (79ms)
				ProcessInitializeOnLoadMethodAttributes (3ms)
				AfterProcessingInitializeOnLoad (6ms)
				EditorAssembliesLoaded (0ms)
			ExecutionOrderSort2 (0ms)
			AwakeInstancesAfterBackupRestoration (6ms)
Platform modules already initialized, skipping
Refreshing native plugins compatible for Editor in 0.50 ms, found 2 plugins.
Preloading 0 native plugins for Editor in 0.00 ms.
Unloading 2177 Unused Serialized files (Serialized files now loaded: 0)
System memory in use before: 96.1 MB.
System memory in use after: 95.2 MB.

Unloading 30 unused Assets to reduce memory usage. Loaded Objects now: 2613.
Total: 2.605400 ms (FindLiveObjects: 0.182100 ms CreateObjectMapping: 0.099800 ms MarkObjects: 1.807500 ms  DeleteObjects: 0.514600 ms)

AssetImportParameters requested are different than current active one (requested -> active):
  custom:framework-win-MediaFoundation: 216162199b28c13a410421893ffa2e32 -> 
  custom:video-decoder-ogg-theora: a1e56fd34408186e4bbccfd4996cb3dc -> 
  custom:container-muxer-webm: aa71ff27fc2769a1b78a27578f13a17b -> 
  custom:container-demuxer-webm: 4f35f7cbe854078d1ac9338744f61a02 -> 
  custom:container-demuxer-ogg: 62fdf1f143b41e24485cea50d1cbac27 -> 
  custom:video-encoder-webm-vp8: eb34c28f22e8b96e1ab97ce403110664 -> 
  custom:video-codec-MediaFoundation-h265: 746d11721c4dcdbdad8f713fa42b33f4 -> 
  custom:video-decoder-webm-vp8: 9c59270c3fd7afecdb556c50c9e8de78 -> 
  custom:audio-decoder-ogg-vorbis: bf7c407c2cedff20999df2af8eb42d56 -> 
  custom:audio-encoder-webm-vorbis: bf7c407c2cedff20999df2af8eb42d56 -> 
AssetImportWorkerClient::OnTransportError - code=2 error=End of file
