Using pre-set license
Built from '2020.3/staging' branch; Version is '2020.3.25f1 (9b9180224418) revision 10195328'; Using compiler version '192528614'; Build Type 'Release'
OS: 'Windows 10  (10.0.19043) 64bit Core' Language: 'ja' Physical Memory: 16306 MB
BatchMode: 1, IsHumanControllingUs: 0, StartBugReporterOnCrash: 0, Is64bit: 1, IsPro: 0

COMMAND LINE ARGUMENTS:
C:\Program Files\Unity\Hub\Editor\2020.3.25f1\Editor\Unity.exe
-adb2
-batchMode
-noUpm
-name
AssetImportWorker0
-projectPath
C:/Users/kzpaqu/Documents/Japan_Game_Award_2022_Fork/ConnectCity_Main
-logFile
Logs/AssetImportWorker0.log
-srvPort
52016
Successfully changed project path to: C:/Users/kzpaqu/Documents/Japan_Game_Award_2022_Fork/ConnectCity_Main
C:/Users/kzpaqu/Documents/Japan_Game_Award_2022_Fork/ConnectCity_Main
Using Asset Import Pipeline V2.
Refreshing native plugins compatible for Editor in 38.74 ms, found 2 plugins.
Preloading 0 native plugins for Editor in 0.00 ms.
Initialize engine version: 2020.3.25f1 (9b9180224418)
[Subsystems] Discovering subsystems at path C:/Program Files/Unity/Hub/Editor/2020.3.25f1/Editor/Data/Resources/UnitySubsystems
[Subsystems] Discovering subsystems at path C:/Users/kzpaqu/Documents/Japan_Game_Award_2022_Fork/ConnectCity_Main/Assets
GfxDevice: creating device client; threaded=0
Direct3D:
    Version:  Direct3D 11.0 [level 11.1]
    Renderer: NVIDIA GeForce GTX 1080 (ID=0x1b80)
    Vendor:   
    VRAM:     8079 MB
    Driver:   30.0.15.1215
Initialize mono
Mono path[0] = 'C:/Program Files/Unity/Hub/Editor/2020.3.25f1/Editor/Data/Managed'
Mono path[1] = 'C:/Program Files/Unity/Hub/Editor/2020.3.25f1/Editor/Data/MonoBleedingEdge/lib/mono/unityjit'
Mono config path = 'C:/Program Files/Unity/Hub/Editor/2020.3.25f1/Editor/Data/MonoBleedingEdge/etc'
Using monoOptions --debugger-agent=transport=dt_socket,embedding=1,server=y,suspend=n,address=127.0.0.1:56644
Begin MonoManager ReloadAssembly
Registering precompiled unity dll's ...
Register platform support module: C:/Program Files/Unity/Hub/Editor/2020.3.25f1/Editor/Data/PlaybackEngines/WindowsStandaloneSupport/UnityEditor.WindowsStandalone.Extensions.dll
Registered in 0.001914 seconds.
Native extension for WindowsStandalone target not found
Refreshing native plugins compatible for Editor in 30.34 ms, found 2 plugins.
Preloading 0 native plugins for Editor in 0.00 ms.
Mono: successfully reloaded assembly
- Completed reload, in  0.534 seconds
Domain Reload Profiling:
	ReloadAssembly (534ms)
		BeginReloadAssembly (67ms)
			ExecutionOrderSort (0ms)
			DisableScriptedObjects (0ms)
			BackupInstance (0ms)
			ReleaseScriptingObjects (0ms)
			CreateAndSetChildDomain (1ms)
		EndReloadAssembly (399ms)
			LoadAssemblies (64ms)
			RebuildTransferFunctionScriptingTraits (0ms)
			SetupTypeCache (135ms)
			ReleaseScriptCaches (0ms)
			RebuildScriptCaches (27ms)
			SetupLoadedEditorAssemblies (140ms)
				LogAssemblyErrors (0ms)
				InitializePlatformSupportModulesInManaged (4ms)
				SetLoadedEditorAssemblies (0ms)
				RefreshPlugins (30ms)
				BeforeProcessingInitializeOnLoad (12ms)
				ProcessInitializeOnLoadAttributes (69ms)
				ProcessInitializeOnLoadMethodAttributes (25ms)
				AfterProcessingInitializeOnLoad (0ms)
				EditorAssembliesLoaded (0ms)
			ExecutionOrderSort2 (0ms)
			AwakeInstancesAfterBackupRestoration (0ms)
Platform modules already initialized, skipping
Registering precompiled user dll's ...
Registered in 0.005392 seconds.
Begin MonoManager ReloadAssembly
Native extension for WindowsStandalone target not found
Refreshing native plugins compatible for Editor in 0.35 ms, found 2 plugins.
Preloading 0 native plugins for Editor in 0.00 ms.
Mono: successfully reloaded assembly
- Completed reload, in  0.963 seconds
Domain Reload Profiling:
	ReloadAssembly (963ms)
		BeginReloadAssembly (148ms)
			ExecutionOrderSort (0ms)
			DisableScriptedObjects (4ms)
			BackupInstance (0ms)
			ReleaseScriptingObjects (0ms)
			CreateAndSetChildDomain (19ms)
		EndReloadAssembly (744ms)
			LoadAssemblies (95ms)
			RebuildTransferFunctionScriptingTraits (0ms)
			SetupTypeCache (277ms)
			ReleaseScriptCaches (0ms)
			RebuildScriptCaches (37ms)
			SetupLoadedEditorAssemblies (268ms)
				LogAssemblyErrors (0ms)
				InitializePlatformSupportModulesInManaged (4ms)
				SetLoadedEditorAssemblies (1ms)
				RefreshPlugins (0ms)
				BeforeProcessingInitializeOnLoad (71ms)
				ProcessInitializeOnLoadAttributes (177ms)
				ProcessInitializeOnLoadMethodAttributes (8ms)
				AfterProcessingInitializeOnLoad (7ms)
				EditorAssembliesLoaded (0ms)
			ExecutionOrderSort2 (0ms)
			AwakeInstancesAfterBackupRestoration (5ms)
Platform modules already initialized, skipping
========================================================================
Worker process is ready to serve import requests
Launched and connected shader compiler UnityShaderCompiler.exe after 0.05 seconds
Refreshing native plugins compatible for Editor in 0.36 ms, found 2 plugins.
Preloading 0 native plugins for Editor in 0.00 ms.
Unloading 1760 Unused Serialized files (Serialized files now loaded: 0)
System memory in use before: 76.6 MB.
System memory in use after: 76.7 MB.

Unloading 21 unused Assets to reduce memory usage. Loaded Objects now: 2197.
Total: 2.695500 ms (FindLiveObjects: 0.161400 ms CreateObjectMapping: 0.060300 ms MarkObjects: 2.393300 ms  DeleteObjects: 0.079300 ms)

AssetImportParameters requested are different than current active one (requested -> active):
  custom:framework-win-MediaFoundation: 216162199b28c13a410421893ffa2e32 -> 
  custom:video-decoder-ogg-theora: a1e56fd34408186e4bbccfd4996cb3dc -> 
  custom:container-muxer-webm: aa71ff27fc2769a1b78a27578f13a17b -> 
  custom:container-demuxer-webm: 4f35f7cbe854078d1ac9338744f61a02 -> 
  custom:container-demuxer-ogg: 62fdf1f143b41e24485cea50d1cbac27 -> 
  custom:video-encoder-webm-vp8: eb34c28f22e8b96e1ab97ce403110664 -> 
  custom:video-decoder-webm-vp8: 9c59270c3fd7afecdb556c50c9e8de78 -> 
  custom:audio-decoder-ogg-vorbis: bf7c407c2cedff20999df2af8eb42d56 -> 
  custom:audio-encoder-webm-vorbis: bf7c407c2cedff20999df2af8eb42d56 -> 
========================================================================
Received Import Request.
  path: Assets/ConnectCity_Main/Scripts/Common/TagConst.cs
  artifactKey: Guid(23d6ed7b3a2a0384fa232650c463eee4) Importer(815301076,1909f56bfc062723c751e8b465ee728b)
Start importing Assets/ConnectCity_Main/Scripts/Common/TagConst.cs using Guid(23d6ed7b3a2a0384fa232650c463eee4) Importer(815301076,1909f56bfc062723c751e8b465ee728b)  -> (artifact id: '79dd437b23c6d5e97be479c779211010') in 0.033889 seconds 
  Import took 0.037349 seconds .

========================================================================
Received Import Request.
  Time since last request: 27.091894 seconds.
  path: ProjectSettings/TagManager.asset
  artifactKey: Guid(00000000000000003000000000000000) Importer(815301076,1909f56bfc062723c751e8b465ee728b)
Start importing ProjectSettings/TagManager.asset using Guid(00000000000000003000000000000000) Importer(815301076,1909f56bfc062723c751e8b465ee728b)  -> (artifact id: '7452f3882da0369b317fd200129f64cd') in 0.012116 seconds 
  Import took 0.016068 seconds .

========================================================================
Received Import Request.
  Time since last request: 47.352153 seconds.
  path: Assets/ConnectCity_Main/Prefabs/LevelPrefabs/PlaneSmall.prefab
  artifactKey: Guid(a02c6d29ba152c647b5f4b03acfd4c1a) Importer(815301076,1909f56bfc062723c751e8b465ee728b)
Start importing Assets/ConnectCity_Main/Prefabs/LevelPrefabs/PlaneSmall.prefab using Guid(a02c6d29ba152c647b5f4b03acfd4c1a) Importer(815301076,1909f56bfc062723c751e8b465ee728b)  -> (artifact id: '94cc43c9fce46c544ac0eb0069689565') in 0.074388 seconds 
  Import took 0.077852 seconds .

========================================================================
Received Import Request.
  Time since last request: 22.102044 seconds.
  path: Assets/ConnectCity_Main/Prefabs/GameManagerPrefabs/GameManager.prefab
  artifactKey: Guid(4f9767fa01341bc4cb982c3e247938ef) Importer(815301076,1909f56bfc062723c751e8b465ee728b)
Start importing Assets/ConnectCity_Main/Prefabs/GameManagerPrefabs/GameManager.prefab using Guid(4f9767fa01341bc4cb982c3e247938ef) Importer(815301076,1909f56bfc062723c751e8b465ee728b)  -> (artifact id: 'b1a917d55022900e58a96d172d6affa3') in 0.005593 seconds 
  Import took 0.008919 seconds .

========================================================================
Received Import Request.
  Time since last request: 0.907591 seconds.
  path: Assets/ConnectCity_Main/Prefabs/GameManagerPrefabs/SceneInfoManager.prefab
  artifactKey: Guid(d28754a8cb822db4290ccbf61750ef41) Importer(815301076,1909f56bfc062723c751e8b465ee728b)
Start importing Assets/ConnectCity_Main/Prefabs/GameManagerPrefabs/SceneInfoManager.prefab using Guid(d28754a8cb822db4290ccbf61750ef41) Importer(815301076,1909f56bfc062723c751e8b465ee728b)  -> (artifact id: 'a0793cd1f607f13ccb95e51c02a8a600') in 0.005088 seconds 
  Import took 0.013731 seconds .

========================================================================
Received Import Request.
  Time since last request: 0.402249 seconds.
  path: Assets/ConnectCity_Main/Prefabs/GameManagerPrefabs/UIManager.prefab
  artifactKey: Guid(5bcccb195b50fd349af7fe63cd3f53ef) Importer(815301076,1909f56bfc062723c751e8b465ee728b)
Start importing Assets/ConnectCity_Main/Prefabs/GameManagerPrefabs/UIManager.prefab using Guid(5bcccb195b50fd349af7fe63cd3f53ef) Importer(815301076,1909f56bfc062723c751e8b465ee728b)  -> (artifact id: '18b98e3b25cb3a507c99d158a88cc793') in 0.005958 seconds 
  Import took 0.009960 seconds .

========================================================================
Received Import Request.
  Time since last request: 12.463946 seconds.
  path: Assets/ConnectCity_Main/Prefabs/PlayerPrefabs/Player.prefab
  artifactKey: Guid(edecdfc2a8677f946bbca0a2e63ad34b) Importer(815301076,1909f56bfc062723c751e8b465ee728b)
Start importing Assets/ConnectCity_Main/Prefabs/PlayerPrefabs/Player.prefab using Guid(edecdfc2a8677f946bbca0a2e63ad34b) Importer(815301076,1909f56bfc062723c751e8b465ee728b)  -> (artifact id: '19931c0835e801e76cd56d714bac9d93') in 0.016742 seconds 
  Import took 0.022681 seconds .

========================================================================
Received Import Request.
  Time since last request: 3.227814 seconds.
  path: Assets/ConnectCity_Main/Prefabs/ScreenPrefabs/ClearScreen.prefab
  artifactKey: Guid(5089ec5842fa1664f8fcbed5cf25bce7) Importer(815301076,1909f56bfc062723c751e8b465ee728b)
Start importing Assets/ConnectCity_Main/Prefabs/ScreenPrefabs/ClearScreen.prefab using Guid(5089ec5842fa1664f8fcbed5cf25bce7) Importer(815301076,1909f56bfc062723c751e8b465ee728b)  -> (artifact id: '2f8e5a2e487ee1e7cc95f395f657fbc7') in 0.022204 seconds 
  Import took 0.027378 seconds .

========================================================================
Received Import Request.
  Time since last request: 0.989234 seconds.
  path: Assets/ConnectCity_Main/Prefabs/ScreenPrefabs/FadeScreen.prefab
  artifactKey: Guid(fcffcb8cf7b3c1a4eae49fdbf7370f7d) Importer(815301076,1909f56bfc062723c751e8b465ee728b)
Start importing Assets/ConnectCity_Main/Prefabs/ScreenPrefabs/FadeScreen.prefab using Guid(fcffcb8cf7b3c1a4eae49fdbf7370f7d) Importer(815301076,1909f56bfc062723c751e8b465ee728b)  -> (artifact id: 'f460fb68b96d527ea9a92bb0839a68fa') in 0.006936 seconds 
  Import took 0.010833 seconds .

========================================================================
Received Import Request.
  Time since last request: 0.650760 seconds.
  path: Assets/ConnectCity_Main/Prefabs/ScreenPrefabs/PauseScreen.prefab
  artifactKey: Guid(b5cd3a17af3523748a195b9fe8333ec3) Importer(815301076,1909f56bfc062723c751e8b465ee728b)
Start importing Assets/ConnectCity_Main/Prefabs/ScreenPrefabs/PauseScreen.prefab using Guid(b5cd3a17af3523748a195b9fe8333ec3) Importer(815301076,1909f56bfc062723c751e8b465ee728b)  -> (artifact id: 'e84e92c9d013fe39871fc2d814f63c43') in 0.019257 seconds 
  Import took 0.022402 seconds .

========================================================================
Received Import Request.
  Time since last request: 0.291728 seconds.
  path: Assets/ConnectCity_Main/Prefabs/ScreenPrefabs/SpaceScreen.prefab
  artifactKey: Guid(589c4453e120702409c19683aa59ac62) Importer(815301076,1909f56bfc062723c751e8b465ee728b)
Start importing Assets/ConnectCity_Main/Prefabs/ScreenPrefabs/SpaceScreen.prefab using Guid(589c4453e120702409c19683aa59ac62) Importer(815301076,1909f56bfc062723c751e8b465ee728b)  -> (artifact id: 'b16976a1b2aab6eff9611d7b004114cf') in 0.005382 seconds 
  Import took 0.008532 seconds .

========================================================================
Received Import Request.
  Time since last request: 3.617413 seconds.
  path: Assets/ConnectCity_Main/Prefabs/AudioPrefabs/SfxPlay.prefab
  artifactKey: Guid(382813ef3aad8b249ad9a9ee2dc78ed3) Importer(815301076,1909f56bfc062723c751e8b465ee728b)
Start importing Assets/ConnectCity_Main/Prefabs/AudioPrefabs/SfxPlay.prefab using Guid(382813ef3aad8b249ad9a9ee2dc78ed3) Importer(815301076,1909f56bfc062723c751e8b465ee728b)  -> (artifact id: '99d825d65047d50f8b087173e33d94b6') in 0.007824 seconds 
  Import took 0.011009 seconds .

AssetImportWorkerClient::OnTransportError - code=2 error=End of file
