Using pre-set license
Built from '2020.3/staging' branch; Version is '2020.3.25f1 (9b9180224418) revision 10195328'; Using compiler version '192528614'; Build Type 'Release'
OS: 'Windows 10  (10.0.19043) 64bit Core' Language: 'ja' Physical Memory: 16306 MB
BatchMode: 1, IsHumanControllingUs: 0, StartBugReporterOnCrash: 0, Is64bit: 1, IsPro: 0

COMMAND LINE ARGUMENTS:
C:\Program Files\Unity\Hub\Editor\2020.3.25f1\Editor\Unity.exe
-adb2
-batchMode
-noUpm
-name
AssetImportWorker0
-projectPath
C:/Users/kzpaqu/Documents/Japan_Game_Award_2022_Fork/JGA2022_Main
-logFile
Logs/AssetImportWorker0.log
-srvPort
49997
Successfully changed project path to: C:/Users/kzpaqu/Documents/Japan_Game_Award_2022_Fork/JGA2022_Main
C:/Users/kzpaqu/Documents/Japan_Game_Award_2022_Fork/JGA2022_Main
Using Asset Import Pipeline V2.
Refreshing native plugins compatible for Editor in 30.55 ms, found 2 plugins.
Preloading 0 native plugins for Editor in 0.00 ms.
Initialize engine version: 2020.3.25f1 (9b9180224418)
[Subsystems] Discovering subsystems at path C:/Program Files/Unity/Hub/Editor/2020.3.25f1/Editor/Data/Resources/UnitySubsystems
[Subsystems] Discovering subsystems at path C:/Users/kzpaqu/Documents/Japan_Game_Award_2022_Fork/JGA2022_Main/Assets
GfxDevice: creating device client; threaded=0
Direct3D:
    Version:  Direct3D 11.0 [level 11.1]
    Renderer: NVIDIA GeForce GTX 1080 (ID=0x1b80)
    Vendor:   
    VRAM:     8079 MB
    Driver:   30.0.15.1179
Initialize mono
Mono path[0] = 'C:/Program Files/Unity/Hub/Editor/2020.3.25f1/Editor/Data/Managed'
Mono path[1] = 'C:/Program Files/Unity/Hub/Editor/2020.3.25f1/Editor/Data/MonoBleedingEdge/lib/mono/unityjit'
Mono config path = 'C:/Program Files/Unity/Hub/Editor/2020.3.25f1/Editor/Data/MonoBleedingEdge/etc'
Using monoOptions --debugger-agent=transport=dt_socket,embedding=1,server=y,suspend=n,address=127.0.0.1:56232
Begin MonoManager ReloadAssembly
Registering precompiled unity dll's ...
Register platform support module: C:/Program Files/Unity/Hub/Editor/2020.3.25f1/Editor/Data/PlaybackEngines/WindowsStandaloneSupport/UnityEditor.WindowsStandalone.Extensions.dll
Registered in 0.002012 seconds.
Native extension for WindowsStandalone target not found
Refreshing native plugins compatible for Editor in 27.70 ms, found 2 plugins.
Preloading 0 native plugins for Editor in 0.00 ms.
Mono: successfully reloaded assembly
- Completed reload, in  0.496 seconds
Domain Reload Profiling:
	ReloadAssembly (496ms)
		BeginReloadAssembly (52ms)
			ExecutionOrderSort (0ms)
			DisableScriptedObjects (0ms)
			BackupInstance (0ms)
			ReleaseScriptingObjects (0ms)
			CreateAndSetChildDomain (1ms)
		EndReloadAssembly (382ms)
			LoadAssemblies (49ms)
			RebuildTransferFunctionScriptingTraits (0ms)
			SetupTypeCache (130ms)
			ReleaseScriptCaches (0ms)
			RebuildScriptCaches (26ms)
			SetupLoadedEditorAssemblies (132ms)
				LogAssemblyErrors (0ms)
				InitializePlatformSupportModulesInManaged (3ms)
				SetLoadedEditorAssemblies (0ms)
				RefreshPlugins (28ms)
				BeforeProcessingInitializeOnLoad (11ms)
				ProcessInitializeOnLoadAttributes (65ms)
				ProcessInitializeOnLoadMethodAttributes (24ms)
				AfterProcessingInitializeOnLoad (0ms)
				EditorAssembliesLoaded (0ms)
			ExecutionOrderSort2 (0ms)
			AwakeInstancesAfterBackupRestoration (0ms)
Platform modules already initialized, skipping
Registering precompiled user dll's ...
Registered in 0.006038 seconds.
Begin MonoManager ReloadAssembly
Native extension for WindowsStandalone target not found
Refreshing native plugins compatible for Editor in 0.30 ms, found 2 plugins.
Preloading 0 native plugins for Editor in 0.00 ms.
Mono: successfully reloaded assembly
- Completed reload, in  0.864 seconds
Domain Reload Profiling:
	ReloadAssembly (865ms)
		BeginReloadAssembly (125ms)
			ExecutionOrderSort (0ms)
			DisableScriptedObjects (4ms)
			BackupInstance (0ms)
			ReleaseScriptingObjects (0ms)
			CreateAndSetChildDomain (15ms)
		EndReloadAssembly (688ms)
			LoadAssemblies (77ms)
			RebuildTransferFunctionScriptingTraits (0ms)
			SetupTypeCache (244ms)
			ReleaseScriptCaches (0ms)
			RebuildScriptCaches (36ms)
			SetupLoadedEditorAssemblies (253ms)
				LogAssemblyErrors (0ms)
				InitializePlatformSupportModulesInManaged (4ms)
				SetLoadedEditorAssemblies (0ms)
				RefreshPlugins (0ms)
				BeforeProcessingInitializeOnLoad (69ms)
				ProcessInitializeOnLoadAttributes (165ms)
				ProcessInitializeOnLoadMethodAttributes (9ms)
				AfterProcessingInitializeOnLoad (6ms)
				EditorAssembliesLoaded (0ms)
			ExecutionOrderSort2 (0ms)
			AwakeInstancesAfterBackupRestoration (6ms)
Platform modules already initialized, skipping
========================================================================
Worker process is ready to serve import requests
Launched and connected shader compiler UnityShaderCompiler.exe after 0.05 seconds
Refreshing native plugins compatible for Editor in 0.30 ms, found 2 plugins.
Preloading 0 native plugins for Editor in 0.00 ms.
Unloading 1528 Unused Serialized files (Serialized files now loaded: 0)
System memory in use before: 69.5 MB.
System memory in use after: 69.6 MB.

Unloading 21 unused Assets to reduce memory usage. Loaded Objects now: 1964.
Total: 2.362100 ms (FindLiveObjects: 0.123700 ms CreateObjectMapping: 0.037000 ms MarkObjects: 2.149600 ms  DeleteObjects: 0.050800 ms)

AssetImportParameters requested are different than current active one (requested -> active):
  custom:framework-win-MediaFoundation: 216162199b28c13a410421893ffa2e32 -> 
  custom:video-decoder-ogg-theora: a1e56fd34408186e4bbccfd4996cb3dc -> 
  custom:container-muxer-webm: aa71ff27fc2769a1b78a27578f13a17b -> 
  custom:container-demuxer-webm: 4f35f7cbe854078d1ac9338744f61a02 -> 
  custom:container-demuxer-ogg: 62fdf1f143b41e24485cea50d1cbac27 -> 
  custom:video-encoder-webm-vp8: eb34c28f22e8b96e1ab97ce403110664 -> 
  custom:video-decoder-webm-vp8: 9c59270c3fd7afecdb556c50c9e8de78 -> 
  custom:audio-decoder-ogg-vorbis: bf7c407c2cedff20999df2af8eb42d56 -> 
  custom:audio-encoder-webm-vorbis: bf7c407c2cedff20999df2af8eb42d56 -> 
========================================================================
Received Import Request.
  path: Assets/JGA2022_Main/Textures
  artifactKey: Guid(aaaaf9c4495c97f459759961ae4badb0) Importer(815301076,1909f56bfc062723c751e8b465ee728b)
Start importing Assets/JGA2022_Main/Textures using Guid(aaaaf9c4495c97f459759961ae4badb0) Importer(815301076,1909f56bfc062723c751e8b465ee728b)  -> (artifact id: 'bc48545959d9d77e72fc016c369c0904') in 0.003789 seconds 
  Import took 0.007018 seconds .

========================================================================
Received Import Request.
  Time since last request: 32.612233 seconds.
  path: Assets/JGA2022_Main/Textures/LevelTextures
  artifactKey: Guid(809215123c1651f489d35a06aa0bf6ab) Importer(815301076,1909f56bfc062723c751e8b465ee728b)
Start importing Assets/JGA2022_Main/Textures/LevelTextures using Guid(809215123c1651f489d35a06aa0bf6ab) Importer(815301076,1909f56bfc062723c751e8b465ee728b)  -> (artifact id: '3858fee0be276f4eacf50f99fba61637') in 0.001791 seconds 
  Import took 0.003872 seconds .

========================================================================
Received Import Request.
  Time since last request: 3.938532 seconds.
  path: Assets/JGA2022_Main/Textures/UI
  artifactKey: Guid(a9ba5ce7f1eb53b4299f9bd03e5e31b4) Importer(815301076,1909f56bfc062723c751e8b465ee728b)
Start importing Assets/JGA2022_Main/Textures/UI using Guid(a9ba5ce7f1eb53b4299f9bd03e5e31b4) Importer(815301076,1909f56bfc062723c751e8b465ee728b)  -> (artifact id: 'fc269703dfe4f2e326da1832dcbf7636') in 0.001901 seconds 
  Import took 0.008784 seconds .

========================================================================
Received Import Request.
  Time since last request: 40.711250 seconds.
  path: Assets/JGA2022_Main
  artifactKey: Guid(c80dfb3e4da18f84eb676fedbb0877dc) Importer(815301076,1909f56bfc062723c751e8b465ee728b)
Start importing Assets/JGA2022_Main using Guid(c80dfb3e4da18f84eb676fedbb0877dc) Importer(815301076,1909f56bfc062723c751e8b465ee728b)  -> (artifact id: '781bb8ced2e483d8e54eda70a7560cef') in 0.001877 seconds 
  Import took 0.004061 seconds .

========================================================================
Received Import Request.
  Time since last request: 6.562517 seconds.
  path: Assets/JGA2022_Main/Materials
  artifactKey: Guid(dee8c117e2d509e4ca81c0982ca4681a) Importer(815301076,1909f56bfc062723c751e8b465ee728b)
Start importing Assets/JGA2022_Main/Materials using Guid(dee8c117e2d509e4ca81c0982ca4681a) Importer(815301076,1909f56bfc062723c751e8b465ee728b)  -> (artifact id: '744abdbe554e13e4d2e35a0c71957a2e') in 0.001687 seconds 
  Import took 0.004250 seconds .

========================================================================
Received Import Request.
  Time since last request: 15.529046 seconds.
  path: Assets/JGA2022_Main/Materials/LevelMaterials
  artifactKey: Guid(8ef89678b7c4361448d76d3602473784) Importer(815301076,1909f56bfc062723c751e8b465ee728b)
Start importing Assets/JGA2022_Main/Materials/LevelMaterials using Guid(8ef89678b7c4361448d76d3602473784) Importer(815301076,1909f56bfc062723c751e8b465ee728b)  -> (artifact id: '6c2be3127fd931bfe1421c8df4342c69') in 0.001837 seconds 
  Import took 0.003938 seconds .

========================================================================
Received Import Request.
  Time since last request: 80.739133 seconds.
  path: Assets/JGA2022_Main/Textures/LevelTextures/g1800.png
  artifactKey: Guid(0166620e6391d4c42a677dfbde9f83ac) Importer(815301076,1909f56bfc062723c751e8b465ee728b)
Start importing Assets/JGA2022_Main/Textures/LevelTextures/g1800.png using Guid(0166620e6391d4c42a677dfbde9f83ac) Importer(815301076,1909f56bfc062723c751e8b465ee728b)  -> (artifact id: '22422b88fd27cf1a118288988d21867d') in 0.061972 seconds 
  Import took 0.064855 seconds .

========================================================================
Received Import Request.
  Time since last request: 427.659350 seconds.
  path: Assets/JGA2022_Main/Textures/LevelTextures/g1800.png
  artifactKey: Guid(0166620e6391d4c42a677dfbde9f83ac) Importer(815301076,1909f56bfc062723c751e8b465ee728b)
Start importing Assets/JGA2022_Main/Textures/LevelTextures/g1800.png using Guid(0166620e6391d4c42a677dfbde9f83ac) Importer(815301076,1909f56bfc062723c751e8b465ee728b)  -> (artifact id: 'f5d21f848ccd0dc12c979a66517a4b37') in 0.011244 seconds 
  Import took 0.014371 seconds .

========================================================================
Received Import Request.
  Time since last request: 41.069946 seconds.
  path: Assets/JGA2022_Main/Textures/LevelTextures/g1800.png
  artifactKey: Guid(0166620e6391d4c42a677dfbde9f83ac) Importer(815301076,1909f56bfc062723c751e8b465ee728b)
Start importing Assets/JGA2022_Main/Textures/LevelTextures/g1800.png using Guid(0166620e6391d4c42a677dfbde9f83ac) Importer(815301076,1909f56bfc062723c751e8b465ee728b)  -> (artifact id: '3449e491a1bfdc2caa61a4fbf0b4b8d5') in 0.012805 seconds 
  Import took 0.015387 seconds .

AssetImportWorkerClient::OnTransportError - code=2 error=End of file
