Using pre-set license
Built from '2020.3/staging' branch; Version is '2020.3.25f1 (9b9180224418) revision 10195328'; Using compiler version '192528614'; Build Type 'Release'
OS: 'Windows 10  (10.0.19044) 64bit Core' Language: 'ja' Physical Memory: 16207 MB
BatchMode: 1, IsHumanControllingUs: 0, StartBugReporterOnCrash: 0, Is64bit: 1, IsPro: 0

COMMAND LINE ARGUMENTS:
C:\Program Files\Unity\Hub\Editor\2020.3.25f1\Editor\Unity.exe
-adb2
-batchMode
-noUpm
-name
AssetImportWorker0
-projectPath
C:/ゲーム制作サークル/2022年度/日本ゲーム大賞アマチュア部門/JGA_2022_バージョン管理/ConnectCity_Master_Ver5
-logFile
Logs/AssetImportWorker0.log
-srvPort
57190
Successfully changed project path to: C:/ゲーム制作サークル/2022年度/日本ゲーム大賞アマチュア部門/JGA_2022_バージョン管理/ConnectCity_Master_Ver5
C:/ゲーム制作サークル/2022年度/日本ゲーム大賞アマチュア部門/JGA_2022_バージョン管理/ConnectCity_Master_Ver5
Using Asset Import Pipeline V2.
Refreshing native plugins compatible for Editor in 29.09 ms, found 2 plugins.
Preloading 0 native plugins for Editor in 0.00 ms.
Initialize engine version: 2020.3.25f1 (9b9180224418)
[Subsystems] Discovering subsystems at path C:/Program Files/Unity/Hub/Editor/2020.3.25f1/Editor/Data/Resources/UnitySubsystems
[Subsystems] Discovering subsystems at path C:/ゲーム制作サークル/2022年度/日本ゲーム大賞アマチュア部門/JGA_2022_バージョン管理/ConnectCity_Master_Ver5/Assets
GfxDevice: creating device client; threaded=0
Direct3D:
    Version:  Direct3D 11.0 [level 11.1]
    Renderer: NVIDIA GeForce GTX 1660 Ti (ID=0x2191)
    Vendor:   
    VRAM:     5991 MB
    Driver:   27.21.14.6275
Initialize mono
Mono path[0] = 'C:/Program Files/Unity/Hub/Editor/2020.3.25f1/Editor/Data/Managed'
Mono path[1] = 'C:/Program Files/Unity/Hub/Editor/2020.3.25f1/Editor/Data/MonoBleedingEdge/lib/mono/unityjit'
Mono config path = 'C:/Program Files/Unity/Hub/Editor/2020.3.25f1/Editor/Data/MonoBleedingEdge/etc'
Using monoOptions --debugger-agent=transport=dt_socket,embedding=1,server=y,suspend=n,address=127.0.0.1:56204
Begin MonoManager ReloadAssembly
Registering precompiled unity dll's ...
Register platform support module: C:/Program Files/Unity/Hub/Editor/2020.3.25f1/Editor/Data/PlaybackEngines/WindowsStandaloneSupport/UnityEditor.WindowsStandalone.Extensions.dll
Registered in 0.001687 seconds.
Native extension for WindowsStandalone target not found
Refreshing native plugins compatible for Editor in 27.09 ms, found 2 plugins.
Preloading 0 native plugins for Editor in 0.00 ms.
Mono: successfully reloaded assembly
- Completed reload, in  0.507 seconds
Domain Reload Profiling:
	ReloadAssembly (507ms)
		BeginReloadAssembly (49ms)
			ExecutionOrderSort (0ms)
			DisableScriptedObjects (0ms)
			BackupInstance (0ms)
			ReleaseScriptingObjects (0ms)
			CreateAndSetChildDomain (1ms)
		EndReloadAssembly (394ms)
			LoadAssemblies (47ms)
			RebuildTransferFunctionScriptingTraits (0ms)
			SetupTypeCache (139ms)
			ReleaseScriptCaches (0ms)
			RebuildScriptCaches (27ms)
			SetupLoadedEditorAssemblies (138ms)
				LogAssemblyErrors (0ms)
				InitializePlatformSupportModulesInManaged (4ms)
				SetLoadedEditorAssemblies (1ms)
				RefreshPlugins (27ms)
				BeforeProcessingInitializeOnLoad (14ms)
				ProcessInitializeOnLoadAttributes (68ms)
				ProcessInitializeOnLoadMethodAttributes (24ms)
				AfterProcessingInitializeOnLoad (0ms)
				EditorAssembliesLoaded (0ms)
			ExecutionOrderSort2 (0ms)
			AwakeInstancesAfterBackupRestoration (0ms)
Platform modules already initialized, skipping
Registering precompiled user dll's ...
Registered in 0.003582 seconds.
Begin MonoManager ReloadAssembly
Native extension for WindowsStandalone target not found
Refreshing native plugins compatible for Editor in 0.28 ms, found 2 plugins.
Preloading 0 native plugins for Editor in 0.00 ms.
Mono: successfully reloaded assembly
- Completed reload, in  0.866 seconds
Domain Reload Profiling:
	ReloadAssembly (867ms)
		BeginReloadAssembly (123ms)
			ExecutionOrderSort (0ms)
			DisableScriptedObjects (4ms)
			BackupInstance (0ms)
			ReleaseScriptingObjects (0ms)
			CreateAndSetChildDomain (17ms)
		EndReloadAssembly (692ms)
			LoadAssemblies (75ms)
			RebuildTransferFunctionScriptingTraits (0ms)
			SetupTypeCache (248ms)
			ReleaseScriptCaches (0ms)
			RebuildScriptCaches (35ms)
			SetupLoadedEditorAssemblies (256ms)
				LogAssemblyErrors (0ms)
				InitializePlatformSupportModulesInManaged (4ms)
				SetLoadedEditorAssemblies (0ms)
				RefreshPlugins (0ms)
				BeforeProcessingInitializeOnLoad (67ms)
				ProcessInitializeOnLoadAttributes (172ms)
				ProcessInitializeOnLoadMethodAttributes (8ms)
				AfterProcessingInitializeOnLoad (6ms)
				EditorAssembliesLoaded (0ms)
			ExecutionOrderSort2 (0ms)
			AwakeInstancesAfterBackupRestoration (5ms)
Platform modules already initialized, skipping
========================================================================
Worker process is ready to serve import requests
Launched and connected shader compiler UnityShaderCompiler.exe after 0.06 seconds
Refreshing native plugins compatible for Editor in 0.32 ms, found 2 plugins.
Preloading 0 native plugins for Editor in 0.00 ms.
Unloading 1500 Unused Serialized files (Serialized files now loaded: 0)
System memory in use before: 68.1 MB.
System memory in use after: 68.2 MB.

Unloading 19 unused Assets to reduce memory usage. Loaded Objects now: 1932.
Total: 2.628000 ms (FindLiveObjects: 0.108100 ms CreateObjectMapping: 0.084100 ms MarkObjects: 2.381300 ms  DeleteObjects: 0.053800 ms)

AssetImportParameters requested are different than current active one (requested -> active):
  custom:framework-win-MediaFoundation: 216162199b28c13a410421893ffa2e32 -> 
  custom:video-decoder-ogg-theora: a1e56fd34408186e4bbccfd4996cb3dc -> 
  custom:container-muxer-webm: aa71ff27fc2769a1b78a27578f13a17b -> 
  custom:container-demuxer-webm: 4f35f7cbe854078d1ac9338744f61a02 -> 
  custom:container-demuxer-ogg: 62fdf1f143b41e24485cea50d1cbac27 -> 
  custom:video-encoder-webm-vp8: eb34c28f22e8b96e1ab97ce403110664 -> 
  custom:video-codec-MediaFoundation-h265: 746d11721c4dcdbdad8f713fa42b33f4 -> 
  custom:video-decoder-webm-vp8: 9c59270c3fd7afecdb556c50c9e8de78 -> 
  custom:audio-decoder-ogg-vorbis: bf7c407c2cedff20999df2af8eb42d56 -> 
  custom:audio-encoder-webm-vorbis: bf7c407c2cedff20999df2af8eb42d56 -> 
========================================================================
Received Import Request.
  path: Assets
  artifactKey: Guid(00000000000000001000000000000000) Importer(815301076,1909f56bfc062723c751e8b465ee728b)
Start importing Assets using Guid(00000000000000001000000000000000) Importer(815301076,1909f56bfc062723c751e8b465ee728b)  -> (artifact id: '42d402b061de3733987d63b9cc3b64de') in 0.007967 seconds 
  Import took 0.010486 seconds .

========================================================================
Received Import Request.
  Time since last request: 1.516902 seconds.
  path: Assets/ConnectCity_Main
  artifactKey: Guid(bf2a4a90c0f2b3840b8d351dc71bc3ba) Importer(815301076,1909f56bfc062723c751e8b465ee728b)
Start importing Assets/ConnectCity_Main using Guid(bf2a4a90c0f2b3840b8d351dc71bc3ba) Importer(815301076,1909f56bfc062723c751e8b465ee728b)  -> (artifact id: 'de55bce272fbda4106ba276e8c786a3c') in 0.006752 seconds 
  Import took 0.009446 seconds .

========================================================================
Received Import Request.
  Time since last request: 10.262127 seconds.
  path: Assets/ConnectCity_TitleSelect
  artifactKey: Guid(526b4ba627d52fc4cb0de2d61c263be2) Importer(815301076,1909f56bfc062723c751e8b465ee728b)
Start importing Assets/ConnectCity_TitleSelect using Guid(526b4ba627d52fc4cb0de2d61c263be2) Importer(815301076,1909f56bfc062723c751e8b465ee728b)  -> (artifact id: 'd5d015766bc92309cb61b57d079c5610') in 0.007059 seconds 
  Import took 0.010065 seconds .

========================================================================
Received Prepare
Registering precompiled user dll's ...
Registered in 0.004767 seconds.
Begin MonoManager ReloadAssembly
Native extension for WindowsStandalone target not found
Refreshing native plugins compatible for Editor in 0.44 ms, found 2 plugins.
Preloading 0 native plugins for Editor in 0.00 ms.
Mono: successfully reloaded assembly
- Completed reload, in  0.908 seconds
Domain Reload Profiling:
	ReloadAssembly (909ms)
		BeginReloadAssembly (114ms)
			ExecutionOrderSort (0ms)
			DisableScriptedObjects (4ms)
			BackupInstance (0ms)
			ReleaseScriptingObjects (0ms)
			CreateAndSetChildDomain (30ms)
		EndReloadAssembly (735ms)
			LoadAssemblies (85ms)
			RebuildTransferFunctionScriptingTraits (0ms)
			SetupTypeCache (283ms)
			ReleaseScriptCaches (1ms)
			RebuildScriptCaches (36ms)
			SetupLoadedEditorAssemblies (250ms)
				LogAssemblyErrors (0ms)
				InitializePlatformSupportModulesInManaged (4ms)
				SetLoadedEditorAssemblies (0ms)
				RefreshPlugins (0ms)
				BeforeProcessingInitializeOnLoad (66ms)
				ProcessInitializeOnLoadAttributes (165ms)
				ProcessInitializeOnLoadMethodAttributes (7ms)
				AfterProcessingInitializeOnLoad (6ms)
				EditorAssembliesLoaded (0ms)
			ExecutionOrderSort2 (0ms)
			AwakeInstancesAfterBackupRestoration (6ms)
Platform modules already initialized, skipping
Refreshing native plugins compatible for Editor in 0.40 ms, found 2 plugins.
Preloading 0 native plugins for Editor in 0.00 ms.
Unloading 1794 Unused Serialized files (Serialized files now loaded: 0)
System memory in use before: 80.2 MB.
System memory in use after: 79.2 MB.

Unloading 30 unused Assets to reduce memory usage. Loaded Objects now: 2223.
Total: 2.775300 ms (FindLiveObjects: 0.132300 ms CreateObjectMapping: 0.052700 ms MarkObjects: 2.010100 ms  DeleteObjects: 0.579300 ms)

AssetImportParameters requested are different than current active one (requested -> active):
  custom:framework-win-MediaFoundation: 216162199b28c13a410421893ffa2e32 -> 
  custom:video-decoder-ogg-theora: a1e56fd34408186e4bbccfd4996cb3dc -> 
  custom:container-muxer-webm: aa71ff27fc2769a1b78a27578f13a17b -> 
  custom:container-demuxer-webm: 4f35f7cbe854078d1ac9338744f61a02 -> 
  custom:container-demuxer-ogg: 62fdf1f143b41e24485cea50d1cbac27 -> 
  custom:video-encoder-webm-vp8: eb34c28f22e8b96e1ab97ce403110664 -> 
  custom:video-codec-MediaFoundation-h265: 746d11721c4dcdbdad8f713fa42b33f4 -> 
  custom:video-decoder-webm-vp8: 9c59270c3fd7afecdb556c50c9e8de78 -> 
  custom:audio-decoder-ogg-vorbis: bf7c407c2cedff20999df2af8eb42d56 -> 
  custom:audio-encoder-webm-vorbis: bf7c407c2cedff20999df2af8eb42d56 -> 
========================================================================
Received Import Request.
  Time since last request: 187.500850 seconds.
  path: Assets/ConnectCity_TitleSelect/Scenes
  artifactKey: Guid(32a4b2105eb9b024f9cbd726cf7ec788) Importer(815301076,1909f56bfc062723c751e8b465ee728b)
Start importing Assets/ConnectCity_TitleSelect/Scenes using Guid(32a4b2105eb9b024f9cbd726cf7ec788) Importer(815301076,1909f56bfc062723c751e8b465ee728b)  -> (artifact id: '0708f9061ff5e770f7defaed3f721dd1') in 0.011136 seconds 
  Import took 0.014281 seconds .

========================================================================
Received Import Request.
  Time since last request: 2.171787 seconds.
  path: Assets/ConnectCity_TitleSelect/Scenes/SampleScene.unity
  artifactKey: Guid(53082d897ba6b484d8a32c24de773d7a) Importer(815301076,1909f56bfc062723c751e8b465ee728b)
Start importing Assets/ConnectCity_TitleSelect/Scenes/SampleScene.unity using Guid(53082d897ba6b484d8a32c24de773d7a) Importer(815301076,1909f56bfc062723c751e8b465ee728b)  -> (artifact id: 'dc045f7e733418ebcc10c2cf70784cb3') in 0.018626 seconds 
  Import took 0.021125 seconds .

========================================================================
Received Import Request.
  Time since last request: 17.039039 seconds.
  path: Assets/ConnectCity_Main/ConnectCity_Main
  artifactKey: Guid(93e5c73eebf61f94a9c77e3168452792) Importer(815301076,1909f56bfc062723c751e8b465ee728b)
Start importing Assets/ConnectCity_Main/ConnectCity_Main using Guid(93e5c73eebf61f94a9c77e3168452792) Importer(815301076,1909f56bfc062723c751e8b465ee728b)  -> (artifact id: 'cbf95b18e28d83455d8815ce54e051e3') in 0.008618 seconds 
  Import took 0.011196 seconds .

========================================================================
Received Import Request.
  Time since last request: 2.695625 seconds.
  path: Assets/ConnectCity_Main/ConnectCity_Main/Scenes
  artifactKey: Guid(78c0d09d8f8fc154eb035d728fa799e4) Importer(815301076,1909f56bfc062723c751e8b465ee728b)
Start importing Assets/ConnectCity_Main/ConnectCity_Main/Scenes using Guid(78c0d09d8f8fc154eb035d728fa799e4) Importer(815301076,1909f56bfc062723c751e8b465ee728b)  -> (artifact id: '8b3e185dfb5184269924d4165df78302') in 0.003608 seconds 
  Import took 0.006496 seconds .

========================================================================
Received Import Request.
  Time since last request: 18.957651 seconds.
  path: Assets/ConnectCity_Main/ConnectCity_Main/UniRx/Scripts/UniRx.asmdef
  artifactKey: Guid(560b04d1a97f54a4e82edc0cbbb69285) Importer(815301076,1909f56bfc062723c751e8b465ee728b)
Start importing Assets/ConnectCity_Main/ConnectCity_Main/UniRx/Scripts/UniRx.asmdef using Guid(560b04d1a97f54a4e82edc0cbbb69285) Importer(815301076,1909f56bfc062723c751e8b465ee728b)  -> (artifact id: '52b358d022a575238c18236d5201ac26') in 0.021114 seconds 
  Import took 0.024319 seconds .

========================================================================
Received Import Request.
  Time since last request: 8.203778 seconds.
  path: Assets/ConnectCity_Main/ConnectCity_Main/UniRx
  artifactKey: Guid(c6a955657aa176b4b9d4cfeb6668675e) Importer(815301076,1909f56bfc062723c751e8b465ee728b)
Start importing Assets/ConnectCity_Main/ConnectCity_Main/UniRx using Guid(c6a955657aa176b4b9d4cfeb6668675e) Importer(815301076,1909f56bfc062723c751e8b465ee728b)  -> (artifact id: '0a104c5e2c30f6cf6a3fe209feb43048') in 0.005560 seconds 
  Import took 0.008402 seconds .

========================================================================
Received Import Request.
  Time since last request: 15.939133 seconds.
  path: Assets/ConnectCity_Main/Plugins/Demigiant/DOTween
  artifactKey: Guid(59db42e86fd40564bbdae42f6d7871d4) Importer(815301076,1909f56bfc062723c751e8b465ee728b)
Start importing Assets/ConnectCity_Main/Plugins/Demigiant/DOTween using Guid(59db42e86fd40564bbdae42f6d7871d4) Importer(815301076,1909f56bfc062723c751e8b465ee728b)  -> (artifact id: 'd77ef8b1e4ab09df09d50855f334aa7a') in 0.008076 seconds 
  Import took 0.011106 seconds .

========================================================================
Received Import Request.
  Time since last request: 87.139368 seconds.
  path: Assets/ConnectCity_Main/ConnectCity_Main/Scripts/Common
  artifactKey: Guid(c6019fe08c011fc44b9ffd6dfb17d5f7) Importer(815301076,1909f56bfc062723c751e8b465ee728b)
Start importing Assets/ConnectCity_Main/ConnectCity_Main/Scripts/Common using Guid(c6019fe08c011fc44b9ffd6dfb17d5f7) Importer(815301076,1909f56bfc062723c751e8b465ee728b)  -> (artifact id: '991e8e9b907241f5826ff85efe4016e6') in 0.005681 seconds 
  Import took 0.009251 seconds .

========================================================================
Received Import Request.
  Time since last request: 4.005181 seconds.
  path: Assets/ConnectCity_Main/ConnectCity_Main/Scripts/Common/BrideScenes_SelectMain.cs
  artifactKey: Guid(a991a72f5ee87ea4996ae0f815947262) Importer(815301076,1909f56bfc062723c751e8b465ee728b)
Start importing Assets/ConnectCity_Main/ConnectCity_Main/Scripts/Common/BrideScenes_SelectMain.cs using Guid(a991a72f5ee87ea4996ae0f815947262) Importer(815301076,1909f56bfc062723c751e8b465ee728b)  -> (artifact id: 'c83b12819f5e6c74b1a022c1b5242a3c') in 0.012150 seconds 
  Import took 0.014436 seconds .

========================================================================
Received Prepare
Registering precompiled user dll's ...
Registered in 0.004568 seconds.
Begin MonoManager ReloadAssembly
Native extension for WindowsStandalone target not found
Refreshing native plugins compatible for Editor in 0.44 ms, found 2 plugins.
Preloading 0 native plugins for Editor in 0.00 ms.
Mono: successfully reloaded assembly
- Completed reload, in  0.892 seconds
Domain Reload Profiling:
	ReloadAssembly (892ms)
		BeginReloadAssembly (98ms)
			ExecutionOrderSort (0ms)
			DisableScriptedObjects (4ms)
			BackupInstance (0ms)
			ReleaseScriptingObjects (0ms)
			CreateAndSetChildDomain (31ms)
		EndReloadAssembly (739ms)
			LoadAssemblies (76ms)
			RebuildTransferFunctionScriptingTraits (0ms)
			SetupTypeCache (283ms)
			ReleaseScriptCaches (1ms)
			RebuildScriptCaches (34ms)
			SetupLoadedEditorAssemblies (258ms)
				LogAssemblyErrors (0ms)
				InitializePlatformSupportModulesInManaged (4ms)
				SetLoadedEditorAssemblies (0ms)
				RefreshPlugins (0ms)
				BeforeProcessingInitializeOnLoad (67ms)
				ProcessInitializeOnLoadAttributes (172ms)
				ProcessInitializeOnLoadMethodAttributes (8ms)
				AfterProcessingInitializeOnLoad (6ms)
				EditorAssembliesLoaded (0ms)
			ExecutionOrderSort2 (0ms)
			AwakeInstancesAfterBackupRestoration (6ms)
Platform modules already initialized, skipping
Refreshing native plugins compatible for Editor in 0.40 ms, found 2 plugins.
Preloading 0 native plugins for Editor in 0.00 ms.
Unloading 1820 Unused Serialized files (Serialized files now loaded: 0)
System memory in use before: 82.7 MB.
System memory in use after: 81.7 MB.

Unloading 268 unused Assets to reduce memory usage. Loaded Objects now: 2255.
Total: 2.837600 ms (FindLiveObjects: 0.147000 ms CreateObjectMapping: 0.066400 ms MarkObjects: 1.984500 ms  DeleteObjects: 0.638900 ms)

AssetImportParameters requested are different than current active one (requested -> active):
  custom:framework-win-MediaFoundation: 216162199b28c13a410421893ffa2e32 -> 
  custom:video-decoder-ogg-theora: a1e56fd34408186e4bbccfd4996cb3dc -> 
  custom:container-muxer-webm: aa71ff27fc2769a1b78a27578f13a17b -> 
  custom:container-demuxer-webm: 4f35f7cbe854078d1ac9338744f61a02 -> 
  custom:container-demuxer-ogg: 62fdf1f143b41e24485cea50d1cbac27 -> 
  custom:video-encoder-webm-vp8: eb34c28f22e8b96e1ab97ce403110664 -> 
  custom:video-codec-MediaFoundation-h265: 746d11721c4dcdbdad8f713fa42b33f4 -> 
  custom:video-decoder-webm-vp8: 9c59270c3fd7afecdb556c50c9e8de78 -> 
  custom:audio-decoder-ogg-vorbis: bf7c407c2cedff20999df2af8eb42d56 -> 
  custom:audio-encoder-webm-vorbis: bf7c407c2cedff20999df2af8eb42d56 -> 
========================================================================
Received Import Request.
  Time since last request: 74.171382 seconds.
  path: ProjectSettings/TagManager.asset
  artifactKey: Guid(00000000000000003000000000000000) Importer(815301076,1909f56bfc062723c751e8b465ee728b)
Start importing ProjectSettings/TagManager.asset using Guid(00000000000000003000000000000000) Importer(815301076,1909f56bfc062723c751e8b465ee728b)  -> (artifact id: 'ce6a35c3cddc746e7501c0bd0ed6d4ce') in 0.021358 seconds 
  Import took 0.024133 seconds .

========================================================================
Received Import Request.
  Time since last request: 114.829387 seconds.
  path: Assets/Scenes
  artifactKey: Guid(d56a3445d7ddaa243b1fc151a74cd40c) Importer(815301076,1909f56bfc062723c751e8b465ee728b)
Start importing Assets/Scenes using Guid(d56a3445d7ddaa243b1fc151a74cd40c) Importer(815301076,1909f56bfc062723c751e8b465ee728b)  -> (artifact id: '05877d1ba7e799ea1e007550bce19b38') in 0.002595 seconds 
  Import took 0.006381 seconds .

========================================================================
Received Import Request.
  Time since last request: 26.553048 seconds.
  path: Assets/Textures
  artifactKey: Guid(19f52167c3c06c34387f5bc50d1b387c) Importer(815301076,1909f56bfc062723c751e8b465ee728b)
Start importing Assets/Textures using Guid(19f52167c3c06c34387f5bc50d1b387c) Importer(815301076,1909f56bfc062723c751e8b465ee728b)  -> (artifact id: 'fda7056c255e889936c8d6bb69b73af8') in 0.008311 seconds 
  Import took 0.011269 seconds .

========================================================================
Received Import Request.
  Time since last request: 0.744012 seconds.
  path: Assets/Textures/game_logo.png
  artifactKey: Guid(994d0cd4d8f22e549b44365c48563d2a) Importer(815301076,1909f56bfc062723c751e8b465ee728b)
Start importing Assets/Textures/game_logo.png using Guid(994d0cd4d8f22e549b44365c48563d2a) Importer(815301076,1909f56bfc062723c751e8b465ee728b)  -> (artifact id: '56662f75518413da11df0be9a40a9a91') in 0.093149 seconds 
  Import took 0.095839 seconds .

========================================================================
Received Prepare
Registering precompiled user dll's ...
Registered in 0.004624 seconds.
Begin MonoManager ReloadAssembly
Native extension for WindowsStandalone target not found
Refreshing native plugins compatible for Editor in 0.52 ms, found 2 plugins.
Preloading 0 native plugins for Editor in 0.00 ms.
Mono: successfully reloaded assembly
- Completed reload, in  0.919 seconds
Domain Reload Profiling:
	ReloadAssembly (920ms)
		BeginReloadAssembly (109ms)
			ExecutionOrderSort (0ms)
			DisableScriptedObjects (4ms)
			BackupInstance (0ms)
			ReleaseScriptingObjects (0ms)
			CreateAndSetChildDomain (32ms)
		EndReloadAssembly (751ms)
			LoadAssemblies (77ms)
			RebuildTransferFunctionScriptingTraits (0ms)
			SetupTypeCache (284ms)
			ReleaseScriptCaches (1ms)
			RebuildScriptCaches (33ms)
			SetupLoadedEditorAssemblies (262ms)
				LogAssemblyErrors (0ms)
				InitializePlatformSupportModulesInManaged (4ms)
				SetLoadedEditorAssemblies (0ms)
				RefreshPlugins (1ms)
				BeforeProcessingInitializeOnLoad (72ms)
				ProcessInitializeOnLoadAttributes (171ms)
				ProcessInitializeOnLoadMethodAttributes (8ms)
				AfterProcessingInitializeOnLoad (6ms)
				EditorAssembliesLoaded (0ms)
			ExecutionOrderSort2 (0ms)
			AwakeInstancesAfterBackupRestoration (6ms)
Platform modules already initialized, skipping
Refreshing native plugins compatible for Editor in 0.41 ms, found 2 plugins.
Preloading 0 native plugins for Editor in 0.00 ms.
Unloading 1820 Unused Serialized files (Serialized files now loaded: 0)
System memory in use before: 84.2 MB.
System memory in use after: 83.2 MB.

Unloading 31 unused Assets to reduce memory usage. Loaded Objects now: 2263.
Total: 3.108800 ms (FindLiveObjects: 0.197700 ms CreateObjectMapping: 0.082400 ms MarkObjects: 2.271200 ms  DeleteObjects: 0.556200 ms)

AssetImportParameters requested are different than current active one (requested -> active):
  custom:framework-win-MediaFoundation: 216162199b28c13a410421893ffa2e32 -> 
  custom:video-decoder-ogg-theora: a1e56fd34408186e4bbccfd4996cb3dc -> 
  custom:container-muxer-webm: aa71ff27fc2769a1b78a27578f13a17b -> 
  custom:container-demuxer-webm: 4f35f7cbe854078d1ac9338744f61a02 -> 
  custom:container-demuxer-ogg: 62fdf1f143b41e24485cea50d1cbac27 -> 
  custom:video-encoder-webm-vp8: eb34c28f22e8b96e1ab97ce403110664 -> 
  custom:video-codec-MediaFoundation-h265: 746d11721c4dcdbdad8f713fa42b33f4 -> 
  custom:video-decoder-webm-vp8: 9c59270c3fd7afecdb556c50c9e8de78 -> 
  custom:audio-decoder-ogg-vorbis: bf7c407c2cedff20999df2af8eb42d56 -> 
  custom:audio-encoder-webm-vorbis: bf7c407c2cedff20999df2af8eb42d56 -> 
========================================================================
Received Prepare
Refreshing native plugins compatible for Editor in 3.42 ms, found 2 plugins.
Preloading 0 native plugins for Editor in 0.00 ms.
Unloading 28 Unused Serialized files (Serialized files now loaded: 0)
System memory in use before: 48.0 MB.
System memory in use after: 47.0 MB.

Unloading 28 unused Assets to reduce memory usage. Loaded Objects now: 2263.
Total: 2.713200 ms (FindLiveObjects: 0.126200 ms CreateObjectMapping: 0.058900 ms MarkObjects: 2.056900 ms  DeleteObjects: 0.470500 ms)

AssetImportParameters requested are different than current active one (requested -> active):
  custom:framework-win-MediaFoundation: 216162199b28c13a410421893ffa2e32 -> 
  custom:video-decoder-ogg-theora: a1e56fd34408186e4bbccfd4996cb3dc -> 
  custom:container-muxer-webm: aa71ff27fc2769a1b78a27578f13a17b -> 
  custom:container-demuxer-webm: 4f35f7cbe854078d1ac9338744f61a02 -> 
  custom:container-demuxer-ogg: 62fdf1f143b41e24485cea50d1cbac27 -> 
  custom:video-encoder-webm-vp8: eb34c28f22e8b96e1ab97ce403110664 -> 
  custom:video-codec-MediaFoundation-h265: 746d11721c4dcdbdad8f713fa42b33f4 -> 
  custom:video-decoder-webm-vp8: 9c59270c3fd7afecdb556c50c9e8de78 -> 
  custom:audio-decoder-ogg-vorbis: bf7c407c2cedff20999df2af8eb42d56 -> 
  custom:audio-encoder-webm-vorbis: bf7c407c2cedff20999df2af8eb42d56 -> 
========================================================================
Received Prepare
Refreshing native plugins compatible for Editor in 3.14 ms, found 2 plugins.
Preloading 0 native plugins for Editor in 0.00 ms.
Unloading 28 Unused Serialized files (Serialized files now loaded: 0)
System memory in use before: 48.0 MB.
System memory in use after: 47.0 MB.

Unloading 28 unused Assets to reduce memory usage. Loaded Objects now: 2263.
Total: 2.878800 ms (FindLiveObjects: 0.122800 ms CreateObjectMapping: 0.056400 ms MarkObjects: 2.144700 ms  DeleteObjects: 0.554300 ms)

AssetImportParameters requested are different than current active one (requested -> active):
  custom:framework-win-MediaFoundation: 216162199b28c13a410421893ffa2e32 -> 
  custom:video-decoder-ogg-theora: a1e56fd34408186e4bbccfd4996cb3dc -> 
  custom:container-muxer-webm: aa71ff27fc2769a1b78a27578f13a17b -> 
  custom:container-demuxer-webm: 4f35f7cbe854078d1ac9338744f61a02 -> 
  custom:container-demuxer-ogg: 62fdf1f143b41e24485cea50d1cbac27 -> 
  custom:video-encoder-webm-vp8: eb34c28f22e8b96e1ab97ce403110664 -> 
  custom:video-codec-MediaFoundation-h265: 746d11721c4dcdbdad8f713fa42b33f4 -> 
  custom:video-decoder-webm-vp8: 9c59270c3fd7afecdb556c50c9e8de78 -> 
  custom:audio-decoder-ogg-vorbis: bf7c407c2cedff20999df2af8eb42d56 -> 
  custom:audio-encoder-webm-vorbis: bf7c407c2cedff20999df2af8eb42d56 -> 
AssetImportWorkerClient::OnTransportError - code=2 error=End of file
