Using pre-set license
Built from '2020.3/staging' branch; Version is '2020.3.25f1 (9b9180224418) revision 10195328'; Using compiler version '192528614'; Build Type 'Release'
OS: 'Windows 10  (10.0.19044) 64bit Core' Language: 'ja' Physical Memory: 16207 MB
BatchMode: 1, IsHumanControllingUs: 0, StartBugReporterOnCrash: 0, Is64bit: 1, IsPro: 0

COMMAND LINE ARGUMENTS:
C:\Program Files\Unity\Hub\Editor\2020.3.25f1\Editor\Unity.exe
-adb2
-batchMode
-noUpm
-name
AssetImportWorker0
-projectPath
C:/ゲーム制作サークル/2022年度/日本ゲーム大賞アマチュア部門/JGA_2022_バージョン管理/ConnectCity_Master_Ver12
-logFile
Logs/AssetImportWorker0.log
-srvPort
53875
Successfully changed project path to: C:/ゲーム制作サークル/2022年度/日本ゲーム大賞アマチュア部門/JGA_2022_バージョン管理/ConnectCity_Master_Ver12
C:/ゲーム制作サークル/2022年度/日本ゲーム大賞アマチュア部門/JGA_2022_バージョン管理/ConnectCity_Master_Ver12
Using Asset Import Pipeline V2.
Refreshing native plugins compatible for Editor in 29.65 ms, found 2 plugins.
Preloading 0 native plugins for Editor in 0.00 ms.
Initialize engine version: 2020.3.25f1 (9b9180224418)
[Subsystems] Discovering subsystems at path C:/Program Files/Unity/Hub/Editor/2020.3.25f1/Editor/Data/Resources/UnitySubsystems
[Subsystems] Discovering subsystems at path C:/ゲーム制作サークル/2022年度/日本ゲーム大賞アマチュア部門/JGA_2022_バージョン管理/ConnectCity_Master_Ver12/Assets
GfxDevice: creating device client; threaded=0
Direct3D:
    Version:  Direct3D 11.0 [level 11.1]
    Renderer: NVIDIA GeForce GTX 1660 Ti (ID=0x2191)
    Vendor:   
    VRAM:     5991 MB
    Driver:   27.21.14.6275
Initialize mono
Mono path[0] = 'C:/Program Files/Unity/Hub/Editor/2020.3.25f1/Editor/Data/Managed'
Mono path[1] = 'C:/Program Files/Unity/Hub/Editor/2020.3.25f1/Editor/Data/MonoBleedingEdge/lib/mono/unityjit'
Mono config path = 'C:/Program Files/Unity/Hub/Editor/2020.3.25f1/Editor/Data/MonoBleedingEdge/etc'
Using monoOptions --debugger-agent=transport=dt_socket,embedding=1,server=y,suspend=n,address=127.0.0.1:56068
Begin MonoManager ReloadAssembly
Registering precompiled unity dll's ...
Register platform support module: C:/Program Files/Unity/Hub/Editor/2020.3.25f1/Editor/Data/PlaybackEngines/WindowsStandaloneSupport/UnityEditor.WindowsStandalone.Extensions.dll
Registered in 0.001681 seconds.
Native extension for WindowsStandalone target not found
Refreshing native plugins compatible for Editor in 28.74 ms, found 2 plugins.
Preloading 0 native plugins for Editor in 0.00 ms.
Mono: successfully reloaded assembly
- Completed reload, in  0.511 seconds
Domain Reload Profiling:
	ReloadAssembly (511ms)
		BeginReloadAssembly (47ms)
			ExecutionOrderSort (0ms)
			DisableScriptedObjects (0ms)
			BackupInstance (0ms)
			ReleaseScriptingObjects (0ms)
			CreateAndSetChildDomain (1ms)
		EndReloadAssembly (397ms)
			LoadAssemblies (45ms)
			RebuildTransferFunctionScriptingTraits (0ms)
			SetupTypeCache (133ms)
			ReleaseScriptCaches (0ms)
			RebuildScriptCaches (27ms)
			SetupLoadedEditorAssemblies (144ms)
				LogAssemblyErrors (0ms)
				InitializePlatformSupportModulesInManaged (4ms)
				SetLoadedEditorAssemblies (0ms)
				RefreshPlugins (29ms)
				BeforeProcessingInitializeOnLoad (14ms)
				ProcessInitializeOnLoadAttributes (71ms)
				ProcessInitializeOnLoadMethodAttributes (26ms)
				AfterProcessingInitializeOnLoad (0ms)
				EditorAssembliesLoaded (0ms)
			ExecutionOrderSort2 (0ms)
			AwakeInstancesAfterBackupRestoration (0ms)
Platform modules already initialized, skipping
Registering precompiled user dll's ...
Registered in 0.003828 seconds.
Begin MonoManager ReloadAssembly
Native extension for WindowsStandalone target not found
Refreshing native plugins compatible for Editor in 0.29 ms, found 2 plugins.
Preloading 0 native plugins for Editor in 0.00 ms.
Mono: successfully reloaded assembly
- Completed reload, in  0.895 seconds
Domain Reload Profiling:
	ReloadAssembly (896ms)
		BeginReloadAssembly (124ms)
			ExecutionOrderSort (0ms)
			DisableScriptedObjects (4ms)
			BackupInstance (0ms)
			ReleaseScriptingObjects (0ms)
			CreateAndSetChildDomain (16ms)
		EndReloadAssembly (717ms)
			LoadAssemblies (73ms)
			RebuildTransferFunctionScriptingTraits (0ms)
			SetupTypeCache (253ms)
			ReleaseScriptCaches (0ms)
			RebuildScriptCaches (36ms)
			SetupLoadedEditorAssemblies (270ms)
				LogAssemblyErrors (0ms)
				InitializePlatformSupportModulesInManaged (4ms)
				SetLoadedEditorAssemblies (0ms)
				RefreshPlugins (0ms)
				BeforeProcessingInitializeOnLoad (71ms)
				ProcessInitializeOnLoadAttributes (179ms)
				ProcessInitializeOnLoadMethodAttributes (8ms)
				AfterProcessingInitializeOnLoad (6ms)
				EditorAssembliesLoaded (0ms)
			ExecutionOrderSort2 (0ms)
			AwakeInstancesAfterBackupRestoration (6ms)
Platform modules already initialized, skipping
========================================================================
Worker process is ready to serve import requests
Launched and connected shader compiler UnityShaderCompiler.exe after 0.03 seconds
Refreshing native plugins compatible for Editor in 0.28 ms, found 2 plugins.
Preloading 0 native plugins for Editor in 0.00 ms.
Unloading 1500 Unused Serialized files (Serialized files now loaded: 0)
System memory in use before: 68.1 MB.
System memory in use after: 68.2 MB.

Unloading 19 unused Assets to reduce memory usage. Loaded Objects now: 1932.
Total: 2.106800 ms (FindLiveObjects: 0.112800 ms CreateObjectMapping: 0.044000 ms MarkObjects: 1.903000 ms  DeleteObjects: 0.046300 ms)

AssetImportParameters requested are different than current active one (requested -> active):
  custom:framework-win-MediaFoundation: 216162199b28c13a410421893ffa2e32 -> 
  custom:video-decoder-ogg-theora: a1e56fd34408186e4bbccfd4996cb3dc -> 
  custom:container-muxer-webm: aa71ff27fc2769a1b78a27578f13a17b -> 
  custom:container-demuxer-webm: 4f35f7cbe854078d1ac9338744f61a02 -> 
  custom:container-demuxer-ogg: 62fdf1f143b41e24485cea50d1cbac27 -> 
  custom:video-encoder-webm-vp8: eb34c28f22e8b96e1ab97ce403110664 -> 
  custom:video-codec-MediaFoundation-h265: 746d11721c4dcdbdad8f713fa42b33f4 -> 
  custom:video-decoder-webm-vp8: 9c59270c3fd7afecdb556c50c9e8de78 -> 
  custom:audio-decoder-ogg-vorbis: bf7c407c2cedff20999df2af8eb42d56 -> 
  custom:audio-encoder-webm-vorbis: bf7c407c2cedff20999df2af8eb42d56 -> 
========================================================================
Received Import Request.
  path: Assets/Scenes
  artifactKey: Guid(6f91f0417e1dcd749a6b8119ba5c4e7f) Importer(815301076,1909f56bfc062723c751e8b465ee728b)
Start importing Assets/Scenes using Guid(6f91f0417e1dcd749a6b8119ba5c4e7f) Importer(815301076,1909f56bfc062723c751e8b465ee728b)  -> (artifact id: 'a78fb55dc6a43e25650e6d4f61276b36') in 0.007699 seconds 
  Import took 0.010155 seconds .

========================================================================
Received Import Request.
  Time since last request: 1.011885 seconds.
  path: Assets
  artifactKey: Guid(00000000000000001000000000000000) Importer(815301076,1909f56bfc062723c751e8b465ee728b)
Start importing Assets using Guid(00000000000000001000000000000000) Importer(815301076,1909f56bfc062723c751e8b465ee728b)  -> (artifact id: '42d402b061de3733987d63b9cc3b64de') in 0.006710 seconds 
  Import took 0.009457 seconds .

========================================================================
Received Import Request.
  Time since last request: 3.828358 seconds.
  path: Assets/ConnectCity_Main
  artifactKey: Guid(d947cd4bbbb4d564ab5eff03dc176b28) Importer(815301076,1909f56bfc062723c751e8b465ee728b)
Start importing Assets/ConnectCity_Main using Guid(d947cd4bbbb4d564ab5eff03dc176b28) Importer(815301076,1909f56bfc062723c751e8b465ee728b)  -> (artifact id: 'a34e33bbf4a3633cd510a8a10f2364e3') in 0.006985 seconds 
  Import took 0.010328 seconds .

========================================================================
Received Import Request.
  Time since last request: 17.219790 seconds.
  path: Assets/ConnectCity_TitleSelect
  artifactKey: Guid(37de4639c8d82c942b1abf6077e1254e) Importer(815301076,1909f56bfc062723c751e8b465ee728b)
Start importing Assets/ConnectCity_TitleSelect using Guid(37de4639c8d82c942b1abf6077e1254e) Importer(815301076,1909f56bfc062723c751e8b465ee728b)  -> (artifact id: 'ceba6c8cab299edc2fd2c0b70a7f20a8') in 0.007537 seconds 
  Import took 0.010530 seconds .

========================================================================
Received Import Request.
  Time since last request: 228.193976 seconds.
  path: Assets/ConnectCity_TitleSelect/Scenes
  artifactKey: Guid(9aa3f1bb9a83f7d4185a08684c518608) Importer(815301076,1909f56bfc062723c751e8b465ee728b)
Start importing Assets/ConnectCity_TitleSelect/Scenes using Guid(9aa3f1bb9a83f7d4185a08684c518608) Importer(815301076,1909f56bfc062723c751e8b465ee728b)  -> (artifact id: 'c4a6e4b5d63ab4cf700b1487be3a7943') in 0.007221 seconds 
  Import took 0.009937 seconds .

========================================================================
Received Import Request.
  Time since last request: 21.520837 seconds.
  path: Assets/ConnectCity_Main/ConnectCity_gimmick_scene
  artifactKey: Guid(dc5bd345b10c347409b7ddf9cf780297) Importer(815301076,1909f56bfc062723c751e8b465ee728b)
Start importing Assets/ConnectCity_Main/ConnectCity_gimmick_scene using Guid(dc5bd345b10c347409b7ddf9cf780297) Importer(815301076,1909f56bfc062723c751e8b465ee728b)  -> (artifact id: '5b65ef536037419acaa944985c1d82e2') in 0.006309 seconds 
  Import took 0.009677 seconds .

========================================================================
Received Import Request.
  Time since last request: 0.642590 seconds.
  path: Assets/ConnectCity_Main/ConnectCity_Main
  artifactKey: Guid(3444d781ab1e9354e938bcf5377ecb2a) Importer(815301076,1909f56bfc062723c751e8b465ee728b)
Start importing Assets/ConnectCity_Main/ConnectCity_Main using Guid(3444d781ab1e9354e938bcf5377ecb2a) Importer(815301076,1909f56bfc062723c751e8b465ee728b)  -> (artifact id: 'e08cc16096b286f4e04bc52e499eec1f') in 0.006080 seconds 
  Import took 0.008309 seconds .

========================================================================
Received Import Request.
  Time since last request: 4.674694 seconds.
  path: Assets/ConnectCity_Main/ConnectCity_Main/Scenes
  artifactKey: Guid(78c0d09d8f8fc154eb035d728fa799e4) Importer(815301076,1909f56bfc062723c751e8b465ee728b)
Start importing Assets/ConnectCity_Main/ConnectCity_Main/Scenes using Guid(78c0d09d8f8fc154eb035d728fa799e4) Importer(815301076,1909f56bfc062723c751e8b465ee728b)  -> (artifact id: '8b3e185dfb5184269924d4165df78302') in 0.003928 seconds 
  Import took 0.006488 seconds .

========================================================================
Received Import Request.
  Time since last request: 155.870056 seconds.
  path: Assets/ConnectCity_Main/Plugins
  artifactKey: Guid(46787b37e1abd744781507d373117d94) Importer(815301076,1909f56bfc062723c751e8b465ee728b)
Start importing Assets/ConnectCity_Main/Plugins using Guid(46787b37e1abd744781507d373117d94) Importer(815301076,1909f56bfc062723c751e8b465ee728b)  -> (artifact id: 'ad0df6b39345974a6c531ab9e22ada97') in 0.007889 seconds 
  Import took 0.010302 seconds .

========================================================================
Received Import Request.
  Time since last request: 1.036216 seconds.
  path: Assets/ConnectCity_Main/Plugins/Demigiant
  artifactKey: Guid(163b9adf3552ac040b7d194f820f6a81) Importer(815301076,1909f56bfc062723c751e8b465ee728b)
Start importing Assets/ConnectCity_Main/Plugins/Demigiant using Guid(163b9adf3552ac040b7d194f820f6a81) Importer(815301076,1909f56bfc062723c751e8b465ee728b)  -> (artifact id: '7de86d424ddc5729f77d23e3b876b5a2') in 0.006595 seconds 
  Import took 0.008556 seconds .

========================================================================
Received Import Request.
  Time since last request: 2.630213 seconds.
  path: Assets/ConnectCity_Main/Plugins/Demigiant/DOTween
  artifactKey: Guid(59db42e86fd40564bbdae42f6d7871d4) Importer(815301076,1909f56bfc062723c751e8b465ee728b)
Start importing Assets/ConnectCity_Main/Plugins/Demigiant/DOTween using Guid(59db42e86fd40564bbdae42f6d7871d4) Importer(815301076,1909f56bfc062723c751e8b465ee728b)  -> (artifact id: 'd77ef8b1e4ab09df09d50855f334aa7a') in 0.006576 seconds 
  Import took 0.009100 seconds .

========================================================================
Received Import Request.
  Time since last request: 51.197827 seconds.
  path: Assets/ConnectCity_Main/ConnectCity_Main/UniRx
  artifactKey: Guid(c6a955657aa176b4b9d4cfeb6668675e) Importer(815301076,1909f56bfc062723c751e8b465ee728b)
Start importing Assets/ConnectCity_Main/ConnectCity_Main/UniRx using Guid(c6a955657aa176b4b9d4cfeb6668675e) Importer(815301076,1909f56bfc062723c751e8b465ee728b)  -> (artifact id: '0a104c5e2c30f6cf6a3fe209feb43048') in 0.009544 seconds 
  Import took 0.011889 seconds .

========================================================================
Received Import Request.
  Time since last request: 15.391321 seconds.
  path: Assets/ConnectCity_Main/ConnectCity_Main/Scripts
  artifactKey: Guid(819d8facae9916544b96bcd4bc458139) Importer(815301076,1909f56bfc062723c751e8b465ee728b)
Start importing Assets/ConnectCity_Main/ConnectCity_Main/Scripts using Guid(819d8facae9916544b96bcd4bc458139) Importer(815301076,1909f56bfc062723c751e8b465ee728b)  -> (artifact id: '1d1fa0db0a7b8ca9e6c2db6702232e91') in 0.007019 seconds 
  Import took 0.009962 seconds .

========================================================================
Received Import Request.
  Time since last request: 5.912387 seconds.
  path: Assets/ConnectCity_Main/ConnectCity_Main/Scripts/Common
  artifactKey: Guid(c6019fe08c011fc44b9ffd6dfb17d5f7) Importer(815301076,1909f56bfc062723c751e8b465ee728b)
Start importing Assets/ConnectCity_Main/ConnectCity_Main/Scripts/Common using Guid(c6019fe08c011fc44b9ffd6dfb17d5f7) Importer(815301076,1909f56bfc062723c751e8b465ee728b)  -> (artifact id: '991e8e9b907241f5826ff85efe4016e6') in 0.005943 seconds 
  Import took 0.008171 seconds .

========================================================================
Received Import Request.
  Time since last request: 3.044603 seconds.
  path: Assets/ConnectCity_Main/ConnectCity_Main/Scripts/Common/BrideScenes_SelectMain.cs
  artifactKey: Guid(9894d1e29090a7044beb3d988fb6ff90) Importer(815301076,1909f56bfc062723c751e8b465ee728b)
Start importing Assets/ConnectCity_Main/ConnectCity_Main/Scripts/Common/BrideScenes_SelectMain.cs using Guid(9894d1e29090a7044beb3d988fb6ff90) Importer(815301076,1909f56bfc062723c751e8b465ee728b)  -> (artifact id: 'b97f8765942950658d812db064decc67') in 0.023831 seconds 
  Import took 0.026683 seconds .

========================================================================
Received Import Request.
  Time since last request: 31.913927 seconds.
  path: Assets/ConnectCity_TitleSelect/ConnectCity_Main
  artifactKey: Guid(3655ed820cb202d43a30f492c09d4d1c) Importer(815301076,1909f56bfc062723c751e8b465ee728b)
Start importing Assets/ConnectCity_TitleSelect/ConnectCity_Main using Guid(3655ed820cb202d43a30f492c09d4d1c) Importer(815301076,1909f56bfc062723c751e8b465ee728b)  -> (artifact id: 'dd6c94046568917fc9ef46f894ffe4e0') in 0.005298 seconds 
  Import took 0.007423 seconds .

========================================================================
Received Import Request.
  Time since last request: 4.670324 seconds.
  path: Assets/ConnectCity_TitleSelect/ConnectCity_Main/Scripts
  artifactKey: Guid(3e25f631e8bbb6b4693c4fbd4327ef1a) Importer(815301076,1909f56bfc062723c751e8b465ee728b)
Start importing Assets/ConnectCity_TitleSelect/ConnectCity_Main/Scripts using Guid(3e25f631e8bbb6b4693c4fbd4327ef1a) Importer(815301076,1909f56bfc062723c751e8b465ee728b)  -> (artifact id: '56e61d496a52c6bf5708c06f28e1cec7') in 0.002239 seconds 
  Import took 0.004625 seconds .

========================================================================
Received Import Request.
  Time since last request: 0.951169 seconds.
  path: Assets/ConnectCity_TitleSelect/ConnectCity_Main/Scripts/Common
  artifactKey: Guid(748e1c56c823c5d459eab461119de8ee) Importer(815301076,1909f56bfc062723c751e8b465ee728b)
Start importing Assets/ConnectCity_TitleSelect/ConnectCity_Main/Scripts/Common using Guid(748e1c56c823c5d459eab461119de8ee) Importer(815301076,1909f56bfc062723c751e8b465ee728b)  -> (artifact id: '22603d6422911438a94bd29494ca63f2') in 0.002685 seconds 
  Import took 0.005063 seconds .

========================================================================
Received Import Request.
  Time since last request: 2.984165 seconds.
  path: Assets/ConnectCity_TitleSelect/ConnectCity_Main/Scripts/Common/BrideScenes_SelectMain.cs
  artifactKey: Guid(a991a72f5ee87ea4996ae0f815947262) Importer(815301076,1909f56bfc062723c751e8b465ee728b)
Start importing Assets/ConnectCity_TitleSelect/ConnectCity_Main/Scripts/Common/BrideScenes_SelectMain.cs using Guid(a991a72f5ee87ea4996ae0f815947262) Importer(815301076,1909f56bfc062723c751e8b465ee728b)  -> (artifact id: '3fd1261ff8377f2c5b70e1f4e5951651') in 0.002496 seconds 
  Import took 0.004441 seconds .

========================================================================
Received Import Request.
  Time since last request: 17.314840 seconds.
  path: Assets/ConnectCity_TitleSelect/ConnectCity_Main/Scripts/Common/BrideScenes_SelectMain.cs
  artifactKey: Guid(a991a72f5ee87ea4996ae0f815947262) Importer(815301076,1909f56bfc062723c751e8b465ee728b)
Start importing Assets/ConnectCity_TitleSelect/ConnectCity_Main/Scripts/Common/BrideScenes_SelectMain.cs using Guid(a991a72f5ee87ea4996ae0f815947262) Importer(815301076,1909f56bfc062723c751e8b465ee728b)  -> (artifact id: '5938272040a27d0843cf5c8fb65c17f1') in 0.004685 seconds 
  Import took 0.010360 seconds .

========================================================================
Received Prepare
Registering precompiled user dll's ...
Registered in 0.004667 seconds.
Begin MonoManager ReloadAssembly
Native extension for WindowsStandalone target not found
Refreshing native plugins compatible for Editor in 0.58 ms, found 2 plugins.
Preloading 0 native plugins for Editor in 0.00 ms.
Mono: successfully reloaded assembly
- Completed reload, in  0.707 seconds
Domain Reload Profiling:
	ReloadAssembly (708ms)
		BeginReloadAssembly (103ms)
			ExecutionOrderSort (0ms)
			DisableScriptedObjects (4ms)
			BackupInstance (0ms)
			ReleaseScriptingObjects (0ms)
			CreateAndSetChildDomain (28ms)
		EndReloadAssembly (550ms)
			LoadAssemblies (68ms)
			RebuildTransferFunctionScriptingTraits (0ms)
			SetupTypeCache (212ms)
			ReleaseScriptCaches (1ms)
			RebuildScriptCaches (25ms)
			SetupLoadedEditorAssemblies (166ms)
				LogAssemblyErrors (0ms)
				InitializePlatformSupportModulesInManaged (4ms)
				SetLoadedEditorAssemblies (1ms)
				RefreshPlugins (1ms)
				BeforeProcessingInitializeOnLoad (77ms)
				ProcessInitializeOnLoadAttributes (74ms)
				ProcessInitializeOnLoadMethodAttributes (3ms)
				AfterProcessingInitializeOnLoad (6ms)
				EditorAssembliesLoaded (0ms)
			ExecutionOrderSort2 (0ms)
			AwakeInstancesAfterBackupRestoration (5ms)
Platform modules already initialized, skipping
Refreshing native plugins compatible for Editor in 0.49 ms, found 2 plugins.
Preloading 0 native plugins for Editor in 0.00 ms.
Unloading 2179 Unused Serialized files (Serialized files now loaded: 0)
System memory in use before: 93.3 MB.
System memory in use after: 92.4 MB.

Unloading 29 unused Assets to reduce memory usage. Loaded Objects now: 2605.
Total: 2.638700 ms (FindLiveObjects: 0.161000 ms CreateObjectMapping: 0.074200 ms MarkObjects: 1.634100 ms  DeleteObjects: 0.768700 ms)

AssetImportParameters requested are different than current active one (requested -> active):
  custom:framework-win-MediaFoundation: 216162199b28c13a410421893ffa2e32 -> 
  custom:video-decoder-ogg-theora: a1e56fd34408186e4bbccfd4996cb3dc -> 
  custom:container-muxer-webm: aa71ff27fc2769a1b78a27578f13a17b -> 
  custom:container-demuxer-webm: 4f35f7cbe854078d1ac9338744f61a02 -> 
  custom:container-demuxer-ogg: 62fdf1f143b41e24485cea50d1cbac27 -> 
  custom:video-encoder-webm-vp8: eb34c28f22e8b96e1ab97ce403110664 -> 
  custom:video-codec-MediaFoundation-h265: 746d11721c4dcdbdad8f713fa42b33f4 -> 
  custom:video-decoder-webm-vp8: 9c59270c3fd7afecdb556c50c9e8de78 -> 
  custom:audio-decoder-ogg-vorbis: bf7c407c2cedff20999df2af8eb42d56 -> 
  custom:audio-encoder-webm-vorbis: bf7c407c2cedff20999df2af8eb42d56 -> 
AssetImportWorkerClient::OnTransportError - code=2 error=End of file
