Using pre-set license
Built from '2020.3/staging' branch; Version is '2020.3.25f1 (9b9180224418) revision 10195328'; Using compiler version '192528614'; Build Type 'Release'
OS: 'Windows 10  (10.0.19044) 64bit Core' Language: 'ja' Physical Memory: 16207 MB
BatchMode: 1, IsHumanControllingUs: 0, StartBugReporterOnCrash: 0, Is64bit: 1, IsPro: 0

COMMAND LINE ARGUMENTS:
C:\Program Files\Unity\Hub\Editor\2020.3.25f1\Editor\Unity.exe
-adb2
-batchMode
-noUpm
-name
AssetImportWorker0
-projectPath
C:/ゲーム制作サークル/2022年度/日本ゲーム大賞アマチュア部門/JGA_2022_バージョン管理/ConnectCity_Master_Ver8
-logFile
Logs/AssetImportWorker0.log
-srvPort
60417
Successfully changed project path to: C:/ゲーム制作サークル/2022年度/日本ゲーム大賞アマチュア部門/JGA_2022_バージョン管理/ConnectCity_Master_Ver8
C:/ゲーム制作サークル/2022年度/日本ゲーム大賞アマチュア部門/JGA_2022_バージョン管理/ConnectCity_Master_Ver8
Using Asset Import Pipeline V2.
Refreshing native plugins compatible for Editor in 46.37 ms, found 2 plugins.
Preloading 0 native plugins for Editor in 0.00 ms.
Initialize engine version: 2020.3.25f1 (9b9180224418)
[Subsystems] Discovering subsystems at path C:/Program Files/Unity/Hub/Editor/2020.3.25f1/Editor/Data/Resources/UnitySubsystems
[Subsystems] Discovering subsystems at path C:/ゲーム制作サークル/2022年度/日本ゲーム大賞アマチュア部門/JGA_2022_バージョン管理/ConnectCity_Master_Ver8/Assets
GfxDevice: creating device client; threaded=0
Direct3D:
    Version:  Direct3D 11.0 [level 11.1]
    Renderer: NVIDIA GeForce GTX 1660 Ti (ID=0x2191)
    Vendor:   
    VRAM:     5991 MB
    Driver:   27.21.14.6275
Initialize mono
Mono path[0] = 'C:/Program Files/Unity/Hub/Editor/2020.3.25f1/Editor/Data/Managed'
Mono path[1] = 'C:/Program Files/Unity/Hub/Editor/2020.3.25f1/Editor/Data/MonoBleedingEdge/lib/mono/unityjit'
Mono config path = 'C:/Program Files/Unity/Hub/Editor/2020.3.25f1/Editor/Data/MonoBleedingEdge/etc'
Using monoOptions --debugger-agent=transport=dt_socket,embedding=1,server=y,suspend=n,address=127.0.0.1:56268
Begin MonoManager ReloadAssembly
Registering precompiled unity dll's ...
Register platform support module: C:/Program Files/Unity/Hub/Editor/2020.3.25f1/Editor/Data/PlaybackEngines/WindowsStandaloneSupport/UnityEditor.WindowsStandalone.Extensions.dll
Registered in 0.002661 seconds.
Native extension for WindowsStandalone target not found
Refreshing native plugins compatible for Editor in 46.75 ms, found 2 plugins.
Preloading 0 native plugins for Editor in 0.00 ms.
Mono: successfully reloaded assembly
- Completed reload, in  0.538 seconds
Domain Reload Profiling:
	ReloadAssembly (538ms)
		BeginReloadAssembly (48ms)
			ExecutionOrderSort (0ms)
			DisableScriptedObjects (0ms)
			BackupInstance (0ms)
			ReleaseScriptingObjects (0ms)
			CreateAndSetChildDomain (1ms)
		EndReloadAssembly (423ms)
			LoadAssemblies (46ms)
			RebuildTransferFunctionScriptingTraits (0ms)
			SetupTypeCache (140ms)
			ReleaseScriptCaches (0ms)
			RebuildScriptCaches (26ms)
			SetupLoadedEditorAssemblies (163ms)
				LogAssemblyErrors (0ms)
				InitializePlatformSupportModulesInManaged (4ms)
				SetLoadedEditorAssemblies (0ms)
				RefreshPlugins (47ms)
				BeforeProcessingInitializeOnLoad (14ms)
				ProcessInitializeOnLoadAttributes (72ms)
				ProcessInitializeOnLoadMethodAttributes (25ms)
				AfterProcessingInitializeOnLoad (0ms)
				EditorAssembliesLoaded (0ms)
			ExecutionOrderSort2 (0ms)
			AwakeInstancesAfterBackupRestoration (0ms)
Platform modules already initialized, skipping
Registering precompiled user dll's ...
Registered in 0.008101 seconds.
Assembly with name 'UniRx' already exists (Assets/ConnectCity_Main/ConnectCity_Main/UniRx/Scripts/UniRx.asmdef)
Assembly with name 'UniRx' already exists (Assets/ConnectCity_TitleSelect/Scripts/UniRx/Scripts/UniRx.asmdef)
Assembly with name 'UniRx' already exists (Assets/ConnectCity_Main/ConnectCity_Main/UniRx/Scripts/UniRx.asmdef)
Assembly with name 'UniRx' already exists (Assets/ConnectCity_TitleSelect/Scripts/UniRx/Scripts/UniRx.asmdef)
Begin MonoManager ReloadAssembly
Native extension for WindowsStandalone target not found
Refreshing native plugins compatible for Editor in 42.95 ms, found 2 plugins.
Preloading 0 native plugins for Editor in 0.00 ms.
Assembly with name 'UniRx' already exists (Assets/ConnectCity_Main/ConnectCity_Main/UniRx/Scripts/UniRx.asmdef)
Assembly with name 'UniRx' already exists (Assets/ConnectCity_TitleSelect/Scripts/UniRx/Scripts/UniRx.asmdef)
Mono: successfully reloaded assembly
- Completed reload, in  1.052 seconds
Domain Reload Profiling:
	ReloadAssembly (1053ms)
		BeginReloadAssembly (128ms)
			ExecutionOrderSort (0ms)
			DisableScriptedObjects (4ms)
			BackupInstance (0ms)
			ReleaseScriptingObjects (0ms)
			CreateAndSetChildDomain (17ms)
		EndReloadAssembly (868ms)
			LoadAssemblies (78ms)
			RebuildTransferFunctionScriptingTraits (0ms)
			SetupTypeCache (287ms)
			ReleaseScriptCaches (0ms)
			RebuildScriptCaches (38ms)
			SetupLoadedEditorAssemblies (361ms)
				LogAssemblyErrors (0ms)
				InitializePlatformSupportModulesInManaged (4ms)
				SetLoadedEditorAssemblies (0ms)
				RefreshPlugins (43ms)
				BeforeProcessingInitializeOnLoad (90ms)
				ProcessInitializeOnLoadAttributes (209ms)
				ProcessInitializeOnLoadMethodAttributes (9ms)
				AfterProcessingInitializeOnLoad (6ms)
				EditorAssembliesLoaded (0ms)
			ExecutionOrderSort2 (0ms)
			AwakeInstancesAfterBackupRestoration (5ms)
Platform modules already initialized, skipping
========================================================================
Worker process is ready to serve import requests
Launched and connected shader compiler UnityShaderCompiler.exe after 0.03 seconds
Refreshing native plugins compatible for Editor in 0.49 ms, found 2 plugins.
Preloading 0 native plugins for Editor in 0.00 ms.
Unloading 2412 Unused Serialized files (Serialized files now loaded: 0)
System memory in use before: 101.8 MB.
System memory in use after: 102.0 MB.

Unloading 26 unused Assets to reduce memory usage. Loaded Objects now: 2852.
Total: 3.157100 ms (FindLiveObjects: 0.189600 ms CreateObjectMapping: 0.235400 ms MarkObjects: 2.660000 ms  DeleteObjects: 0.071200 ms)

AssetImportParameters requested are different than current active one (requested -> active):
  custom:framework-win-MediaFoundation: 216162199b28c13a410421893ffa2e32 -> 
  custom:video-decoder-ogg-theora: a1e56fd34408186e4bbccfd4996cb3dc -> 
  custom:container-muxer-webm: aa71ff27fc2769a1b78a27578f13a17b -> 
  custom:container-demuxer-webm: 4f35f7cbe854078d1ac9338744f61a02 -> 
  custom:container-demuxer-ogg: 62fdf1f143b41e24485cea50d1cbac27 -> 
  custom:video-encoder-webm-vp8: eb34c28f22e8b96e1ab97ce403110664 -> 
  custom:video-codec-MediaFoundation-h265: 746d11721c4dcdbdad8f713fa42b33f4 -> 
  custom:video-decoder-webm-vp8: 9c59270c3fd7afecdb556c50c9e8de78 -> 
  custom:audio-decoder-ogg-vorbis: bf7c407c2cedff20999df2af8eb42d56 -> 
  custom:audio-encoder-webm-vorbis: bf7c407c2cedff20999df2af8eb42d56 -> 
========================================================================
Received Import Request.
  path: Assets/ConnectCity_Main/Plugins/Demigiant/DOTween
  artifactKey: Guid(59db42e86fd40564bbdae42f6d7871d4) Importer(815301076,1909f56bfc062723c751e8b465ee728b)
Start importing Assets/ConnectCity_Main/Plugins/Demigiant/DOTween using Guid(59db42e86fd40564bbdae42f6d7871d4) Importer(815301076,1909f56bfc062723c751e8b465ee728b)  -> (artifact id: 'd77ef8b1e4ab09df09d50855f334aa7a') in 0.007872 seconds 
  Import took 0.010944 seconds .

========================================================================
Received Import Request.
  Time since last request: 25.627501 seconds.
  path: Assets/ConnectCity_TitleSelect/Scripts/UniRx/Scripts/UniRx.asmdef
  artifactKey: Guid(560b04d1a97f54a4e82edc0cbbb69285) Importer(815301076,1909f56bfc062723c751e8b465ee728b)
Start importing Assets/ConnectCity_TitleSelect/Scripts/UniRx/Scripts/UniRx.asmdef using Guid(560b04d1a97f54a4e82edc0cbbb69285) Importer(815301076,1909f56bfc062723c751e8b465ee728b)  -> (artifact id: '52b358d022a575238c18236d5201ac26') in 0.016559 seconds 
  Import took 0.020206 seconds .

========================================================================
Received Import Request.
  Time since last request: 5.310051 seconds.
  path: Assets/ConnectCity_Main/ConnectCity_Main/UniRx/Scripts/UniRx.asmdef
  artifactKey: Guid(d18b17f0951842d4a87b839ff9da5bf6) Importer(815301076,1909f56bfc062723c751e8b465ee728b)
Start importing Assets/ConnectCity_Main/ConnectCity_Main/UniRx/Scripts/UniRx.asmdef using Guid(d18b17f0951842d4a87b839ff9da5bf6) Importer(815301076,1909f56bfc062723c751e8b465ee728b)  -> (artifact id: 'c3725aedaaeb0017bc205fcce61adb09') in 0.002258 seconds 
  Import took 0.005850 seconds .

========================================================================
Received Import Request.
  Time since last request: 6.663943 seconds.
  path: Assets/ConnectCity_Main/ConnectCity_Main/UniRx/Scripts
  artifactKey: Guid(3f3e91151ef79f747971698318e6d598) Importer(815301076,1909f56bfc062723c751e8b465ee728b)
Start importing Assets/ConnectCity_Main/ConnectCity_Main/UniRx/Scripts using Guid(3f3e91151ef79f747971698318e6d598) Importer(815301076,1909f56bfc062723c751e8b465ee728b)  -> (artifact id: '6d11f6600832433a10367b34f66b72ac') in 0.007072 seconds 
  Import took 0.010959 seconds .

========================================================================
Received Import Request.
  Time since last request: 53.881568 seconds.
  path: Assets/ConnectCity_TitleSelect/ConnectCity_Main/Scripts/Common/BrideScenes_SelectMain.cs
  artifactKey: Guid(a991a72f5ee87ea4996ae0f815947262) Importer(815301076,1909f56bfc062723c751e8b465ee728b)
Start importing Assets/ConnectCity_TitleSelect/ConnectCity_Main/Scripts/Common/BrideScenes_SelectMain.cs using Guid(a991a72f5ee87ea4996ae0f815947262) Importer(815301076,1909f56bfc062723c751e8b465ee728b)  -> (artifact id: '3fd1261ff8377f2c5b70e1f4e5951651') in 0.011458 seconds 
  Import took 0.015062 seconds .

========================================================================
Received Import Request.
  Time since last request: 111.703097 seconds.
  path: Assets/ConnectCity_Main/ConnectCity_Main/Prefabs/BrideScenes_SelectMain.prefab
  artifactKey: Guid(69432e7d49cb3184d94db6523ac9b6f1) Importer(815301076,1909f56bfc062723c751e8b465ee728b)
Start importing Assets/ConnectCity_Main/ConnectCity_Main/Prefabs/BrideScenes_SelectMain.prefab using Guid(69432e7d49cb3184d94db6523ac9b6f1) Importer(815301076,1909f56bfc062723c751e8b465ee728b)  -> (artifact id: 'f96a66385188bf73edfb2b6f4fed0a10') in 0.029195 seconds 
  Import took 0.033266 seconds .

========================================================================
Received Import Request.
  Time since last request: 0.000228 seconds.
  path: Assets/ConnectCity_TitleSelect/ConnectCity_Main/Prefabs/BrideScenes_SelectMain.prefab
  artifactKey: Guid(26c6581d5154f8a4697fe5a3537a5a85) Importer(815301076,1909f56bfc062723c751e8b465ee728b)
Start importing Assets/ConnectCity_TitleSelect/ConnectCity_Main/Prefabs/BrideScenes_SelectMain.prefab using Guid(26c6581d5154f8a4697fe5a3537a5a85) Importer(815301076,1909f56bfc062723c751e8b465ee728b)  -> (artifact id: 'a8e78cf4bc6d6682f93d9b37bac4bf65') in 0.003980 seconds 
  Import took 0.007023 seconds .

========================================================================
Received Import Request.
  Time since last request: 12.610044 seconds.
  path: Assets/ConnectCity_Main/ConnectCity_Main/Scripts/Common/BrideScenes_SelectMain.cs
  artifactKey: Guid(cd586838bca953747ab5939979635492) Importer(815301076,1909f56bfc062723c751e8b465ee728b)
Start importing Assets/ConnectCity_Main/ConnectCity_Main/Scripts/Common/BrideScenes_SelectMain.cs using Guid(cd586838bca953747ab5939979635492) Importer(815301076,1909f56bfc062723c751e8b465ee728b)  -> (artifact id: '92a39927125cf5738dfef0adafdd5b40') in 0.001610 seconds 
  Import took 0.004919 seconds .

========================================================================
Received Import Request.
  Time since last request: 42.221061 seconds.
  path: Assets/ConnectCity_Main/ConnectCity_Main/Scripts
  artifactKey: Guid(819d8facae9916544b96bcd4bc458139) Importer(815301076,1909f56bfc062723c751e8b465ee728b)
Start importing Assets/ConnectCity_Main/ConnectCity_Main/Scripts using Guid(819d8facae9916544b96bcd4bc458139) Importer(815301076,1909f56bfc062723c751e8b465ee728b)  -> (artifact id: '1d1fa0db0a7b8ca9e6c2db6702232e91') in 0.002530 seconds 
  Import took 0.006412 seconds .

========================================================================
Received Import Request.
  Time since last request: 2.767742 seconds.
  path: Assets/ConnectCity_Main/ConnectCity_Main/Scripts/Common
  artifactKey: Guid(c6019fe08c011fc44b9ffd6dfb17d5f7) Importer(815301076,1909f56bfc062723c751e8b465ee728b)
Start importing Assets/ConnectCity_Main/ConnectCity_Main/Scripts/Common using Guid(c6019fe08c011fc44b9ffd6dfb17d5f7) Importer(815301076,1909f56bfc062723c751e8b465ee728b)  -> (artifact id: '991e8e9b907241f5826ff85efe4016e6') in 0.005759 seconds 
  Import took 0.008971 seconds .

========================================================================
Received Prepare
Registering precompiled user dll's ...
Registered in 0.004533 seconds.
Assembly with name 'UniRx' already exists (Assets/ConnectCity_Main/ConnectCity_Main/UniRx/Scripts/UniRx.asmdef)
Assembly with name 'UniRx' already exists (Assets/ConnectCity_TitleSelect/Scripts/UniRx/Scripts/UniRx.asmdef)
Assembly with name 'UniRx' already exists (Assets/ConnectCity_Main/ConnectCity_Main/UniRx/Scripts/UniRx.asmdef)
Assembly with name 'UniRx' already exists (Assets/ConnectCity_TitleSelect/Scripts/UniRx/Scripts/UniRx.asmdef)
Begin MonoManager ReloadAssembly
Native extension for WindowsStandalone target not found
Refreshing native plugins compatible for Editor in 0.47 ms, found 2 plugins.
Preloading 0 native plugins for Editor in 0.00 ms.
Assembly with name 'UniRx' already exists (Assets/ConnectCity_Main/ConnectCity_Main/UniRx/Scripts/UniRx.asmdef)
Assembly with name 'UniRx' already exists (Assets/ConnectCity_TitleSelect/Scripts/UniRx/Scripts/UniRx.asmdef)
Mono: successfully reloaded assembly
- Completed reload, in  0.995 seconds
Domain Reload Profiling:
	ReloadAssembly (996ms)
		BeginReloadAssembly (107ms)
			ExecutionOrderSort (0ms)
			DisableScriptedObjects (4ms)
			BackupInstance (0ms)
			ReleaseScriptingObjects (0ms)
			CreateAndSetChildDomain (33ms)
		EndReloadAssembly (831ms)
			LoadAssemblies (80ms)
			RebuildTransferFunctionScriptingTraits (0ms)
			SetupTypeCache (308ms)
			ReleaseScriptCaches (1ms)
			RebuildScriptCaches (34ms)
			SetupLoadedEditorAssemblies (312ms)
				LogAssemblyErrors (0ms)
				InitializePlatformSupportModulesInManaged (3ms)
				SetLoadedEditorAssemblies (0ms)
				RefreshPlugins (1ms)
				BeforeProcessingInitializeOnLoad (89ms)
				ProcessInitializeOnLoadAttributes (204ms)
				ProcessInitializeOnLoadMethodAttributes (8ms)
				AfterProcessingInitializeOnLoad (6ms)
				EditorAssembliesLoaded (0ms)
			ExecutionOrderSort2 (0ms)
			AwakeInstancesAfterBackupRestoration (5ms)
Platform modules already initialized, skipping
Refreshing native plugins compatible for Editor in 0.49 ms, found 2 plugins.
Preloading 0 native plugins for Editor in 0.00 ms.
Unloading 2154 Unused Serialized files (Serialized files now loaded: 0)
System memory in use before: 95.7 MB.
System memory in use after: 95.9 MB.

Unloading 255 unused Assets to reduce memory usage. Loaded Objects now: 2616.
Total: 2.489600 ms (FindLiveObjects: 0.180100 ms CreateObjectMapping: 0.099500 ms MarkObjects: 2.137600 ms  DeleteObjects: 0.071600 ms)

AssetImportParameters requested are different than current active one (requested -> active):
  custom:framework-win-MediaFoundation: 216162199b28c13a410421893ffa2e32 -> 
  custom:video-decoder-ogg-theora: a1e56fd34408186e4bbccfd4996cb3dc -> 
  custom:container-muxer-webm: aa71ff27fc2769a1b78a27578f13a17b -> 
  custom:container-demuxer-webm: 4f35f7cbe854078d1ac9338744f61a02 -> 
  custom:container-demuxer-ogg: 62fdf1f143b41e24485cea50d1cbac27 -> 
  custom:video-encoder-webm-vp8: eb34c28f22e8b96e1ab97ce403110664 -> 
  custom:video-codec-MediaFoundation-h265: 746d11721c4dcdbdad8f713fa42b33f4 -> 
  custom:video-decoder-webm-vp8: 9c59270c3fd7afecdb556c50c9e8de78 -> 
  custom:audio-decoder-ogg-vorbis: bf7c407c2cedff20999df2af8eb42d56 -> 
  custom:audio-encoder-webm-vorbis: bf7c407c2cedff20999df2af8eb42d56 -> 
========================================================================
Received Import Request.
  Time since last request: 39.443749 seconds.
  path: Assets/ConnectCity_TitleSelect/Scenes
  artifactKey: Guid(8a59fab145bbbd74f9650ac856ab6a14) Importer(815301076,1909f56bfc062723c751e8b465ee728b)
Start importing Assets/ConnectCity_TitleSelect/Scenes using Guid(8a59fab145bbbd74f9650ac856ab6a14) Importer(815301076,1909f56bfc062723c751e8b465ee728b)  -> (artifact id: 'f0a476e33d65159b8c3cee29fcc8cc9b') in 0.011165 seconds 
  Import took 0.014705 seconds .

========================================================================
Received Import Request.
  Time since last request: 1.928535 seconds.
  path: Assets/ConnectCity_TitleSelect/Scenes/SelectScene.unity
  artifactKey: Guid(b32e9bdc90621dc4aaa0e318d77a7d5c) Importer(815301076,1909f56bfc062723c751e8b465ee728b)
Start importing Assets/ConnectCity_TitleSelect/Scenes/SelectScene.unity using Guid(b32e9bdc90621dc4aaa0e318d77a7d5c) Importer(815301076,1909f56bfc062723c751e8b465ee728b)  -> (artifact id: 'd45bd563d2a393188f02e82e7b6a3165') in 0.016196 seconds 
  Import took 0.019942 seconds .

========================================================================
Received Import Request.
  Time since last request: 0.344267 seconds.
  path: Assets/ConnectCity_TitleSelect/Scenes/SampleScene.unity
  artifactKey: Guid(58355dcb6d0182845bc79cc7c4b1e1ef) Importer(815301076,1909f56bfc062723c751e8b465ee728b)
Start importing Assets/ConnectCity_TitleSelect/Scenes/SampleScene.unity using Guid(58355dcb6d0182845bc79cc7c4b1e1ef) Importer(815301076,1909f56bfc062723c751e8b465ee728b)  -> (artifact id: '975fb585540159891714b58da9a4ac4a') in 0.006871 seconds 
  Import took 0.010431 seconds .

========================================================================
Received Import Request.
  Time since last request: 32.684984 seconds.
  path: Assets/Scenes
  artifactKey: Guid(cc68dddc866225a449a9275012077f95) Importer(815301076,1909f56bfc062723c751e8b465ee728b)
Start importing Assets/Scenes using Guid(cc68dddc866225a449a9275012077f95) Importer(815301076,1909f56bfc062723c751e8b465ee728b)  -> (artifact id: '694f791ce832af58f2e5e906782e992d') in 0.006033 seconds 
  Import took 0.010530 seconds .

========================================================================
Received Import Request.
  Time since last request: 15.364773 seconds.
  path: Assets/ConnectCity_Main/ParticleEffects_v2
  artifactKey: Guid(6e6d05515a8a3be4c836b66b1cca47f0) Importer(815301076,1909f56bfc062723c751e8b465ee728b)
Start importing Assets/ConnectCity_Main/ParticleEffects_v2 using Guid(6e6d05515a8a3be4c836b66b1cca47f0) Importer(815301076,1909f56bfc062723c751e8b465ee728b)  -> (artifact id: 'f96c5acedec23227c7c7ce6d121e3cec') in 0.006485 seconds 
  Import took 0.009754 seconds .

========================================================================
Received Import Request.
  Time since last request: 0.379948 seconds.
  path: Assets/ConnectCity_Main/ParticleEffects
  artifactKey: Guid(5781a596702f4a24dbcac33e8da485dc) Importer(815301076,1909f56bfc062723c751e8b465ee728b)
Start importing Assets/ConnectCity_Main/ParticleEffects using Guid(5781a596702f4a24dbcac33e8da485dc) Importer(815301076,1909f56bfc062723c751e8b465ee728b)  -> (artifact id: 'd2c360106b9bd105f671d6430dd600f8') in 0.009696 seconds 
  Import took 0.013307 seconds .

========================================================================
Received Import Request.
  Time since last request: 0.353847 seconds.
  path: Assets/ConnectCity_Main/EnemyRobots
  artifactKey: Guid(5ad814cc2574c4f498e709a340285a64) Importer(815301076,1909f56bfc062723c751e8b465ee728b)
Start importing Assets/ConnectCity_Main/EnemyRobots using Guid(5ad814cc2574c4f498e709a340285a64) Importer(815301076,1909f56bfc062723c751e8b465ee728b)  -> (artifact id: 'eb469038d54c609fc8052b8acb1acddb') in 0.008529 seconds 
  Import took 0.012442 seconds .

========================================================================
Received Import Request.
  Time since last request: 0.929923 seconds.
  path: Assets/ConnectCity_Main/ConnectCity_gimmick_scene
  artifactKey: Guid(d3b9cd9df33c38543add7419d4ded40f) Importer(815301076,1909f56bfc062723c751e8b465ee728b)
Start importing Assets/ConnectCity_Main/ConnectCity_gimmick_scene using Guid(d3b9cd9df33c38543add7419d4ded40f) Importer(815301076,1909f56bfc062723c751e8b465ee728b)  -> (artifact id: 'f5409ae941a3c1ef41e07f2bdc706789') in 0.007802 seconds 
  Import took 0.011297 seconds .

========================================================================
Received Import Request.
  Time since last request: 0.678128 seconds.
  path: Assets/ConnectCity_Main/ConnectCity_Main
  artifactKey: Guid(2b05d0484d0713140a405dbac6908589) Importer(815301076,1909f56bfc062723c751e8b465ee728b)
Start importing Assets/ConnectCity_Main/ConnectCity_Main using Guid(2b05d0484d0713140a405dbac6908589) Importer(815301076,1909f56bfc062723c751e8b465ee728b)  -> (artifact id: '805e3e8e712535f8e973b54a77fc2fa6') in 0.007938 seconds 
  Import took 0.011504 seconds .

========================================================================
Received Import Request.
  Time since last request: 5.766028 seconds.
  path: Assets/ConnectCity_Main/ConnectCity_Main/Scenes
  artifactKey: Guid(78c0d09d8f8fc154eb035d728fa799e4) Importer(815301076,1909f56bfc062723c751e8b465ee728b)
Start importing Assets/ConnectCity_Main/ConnectCity_Main/Scenes using Guid(78c0d09d8f8fc154eb035d728fa799e4) Importer(815301076,1909f56bfc062723c751e8b465ee728b)  -> (artifact id: '8b3e185dfb5184269924d4165df78302') in 0.004548 seconds 
  Import took 0.007910 seconds .

========================================================================
Received Import Request.
  Time since last request: 42.885858 seconds.
  path: ProjectSettings/TagManager.asset
  artifactKey: Guid(00000000000000003000000000000000) Importer(815301076,1909f56bfc062723c751e8b465ee728b)
Start importing ProjectSettings/TagManager.asset using Guid(00000000000000003000000000000000) Importer(815301076,1909f56bfc062723c751e8b465ee728b)  -> (artifact id: 'ce6a35c3cddc746e7501c0bd0ed6d4ce') in 0.013636 seconds 
  Import took 0.018006 seconds .

========================================================================
Received Prepare
Registering precompiled user dll's ...
Registered in 0.004634 seconds.
Assembly with name 'UniRx' already exists (Assets/ConnectCity_Main/ConnectCity_Main/UniRx/Scripts/UniRx.asmdef)
Assembly with name 'UniRx' already exists (Assets/ConnectCity_TitleSelect/Scripts/UniRx/Scripts/UniRx.asmdef)
Assembly with name 'UniRx' already exists (Assets/ConnectCity_Main/ConnectCity_Main/UniRx/Scripts/UniRx.asmdef)
Assembly with name 'UniRx' already exists (Assets/ConnectCity_TitleSelect/Scripts/UniRx/Scripts/UniRx.asmdef)
Begin MonoManager ReloadAssembly
Native extension for WindowsStandalone target not found
Refreshing native plugins compatible for Editor in 0.58 ms, found 2 plugins.
Preloading 0 native plugins for Editor in 0.00 ms.
Assembly with name 'UniRx' already exists (Assets/ConnectCity_Main/ConnectCity_Main/UniRx/Scripts/UniRx.asmdef)
Assembly with name 'UniRx' already exists (Assets/ConnectCity_TitleSelect/Scripts/UniRx/Scripts/UniRx.asmdef)
Mono: successfully reloaded assembly
- Completed reload, in  1.043 seconds
Domain Reload Profiling:
	ReloadAssembly (1044ms)
		BeginReloadAssembly (104ms)
			ExecutionOrderSort (0ms)
			DisableScriptedObjects (4ms)
			BackupInstance (0ms)
			ReleaseScriptingObjects (0ms)
			CreateAndSetChildDomain (37ms)
		EndReloadAssembly (878ms)
			LoadAssemblies (82ms)
			RebuildTransferFunctionScriptingTraits (0ms)
			SetupTypeCache (324ms)
			ReleaseScriptCaches (1ms)
			RebuildScriptCaches (38ms)
			SetupLoadedEditorAssemblies (328ms)
				LogAssemblyErrors (0ms)
				InitializePlatformSupportModulesInManaged (3ms)
				SetLoadedEditorAssemblies (0ms)
				RefreshPlugins (1ms)
				BeforeProcessingInitializeOnLoad (95ms)
				ProcessInitializeOnLoadAttributes (213ms)
				ProcessInitializeOnLoadMethodAttributes (10ms)
				AfterProcessingInitializeOnLoad (6ms)
				EditorAssembliesLoaded (0ms)
			ExecutionOrderSort2 (0ms)
			AwakeInstancesAfterBackupRestoration (6ms)
Platform modules already initialized, skipping
Refreshing native plugins compatible for Editor in 0.60 ms, found 2 plugins.
Preloading 0 native plugins for Editor in 0.00 ms.
Unloading 2154 Unused Serialized files (Serialized files now loaded: 0)
System memory in use before: 94.1 MB.
System memory in use after: 94.3 MB.

Unloading 18 unused Assets to reduce memory usage. Loaded Objects now: 2618.
Total: 3.735900 ms (FindLiveObjects: 0.318200 ms CreateObjectMapping: 0.149800 ms MarkObjects: 3.245800 ms  DeleteObjects: 0.020300 ms)

AssetImportParameters requested are different than current active one (requested -> active):
  custom:framework-win-MediaFoundation: 216162199b28c13a410421893ffa2e32 -> 
  custom:video-decoder-ogg-theora: a1e56fd34408186e4bbccfd4996cb3dc -> 
  custom:container-muxer-webm: aa71ff27fc2769a1b78a27578f13a17b -> 
  custom:container-demuxer-webm: 4f35f7cbe854078d1ac9338744f61a02 -> 
  custom:container-demuxer-ogg: 62fdf1f143b41e24485cea50d1cbac27 -> 
  custom:video-encoder-webm-vp8: eb34c28f22e8b96e1ab97ce403110664 -> 
  custom:video-codec-MediaFoundation-h265: 746d11721c4dcdbdad8f713fa42b33f4 -> 
  custom:video-decoder-webm-vp8: 9c59270c3fd7afecdb556c50c9e8de78 -> 
  custom:audio-decoder-ogg-vorbis: bf7c407c2cedff20999df2af8eb42d56 -> 
  custom:audio-encoder-webm-vorbis: bf7c407c2cedff20999df2af8eb42d56 -> 
========================================================================
Received Import Request.
  Time since last request: 227.059397 seconds.
  path: ProjectSettings/TagManager.asset
  artifactKey: Guid(00000000000000003000000000000000) Importer(815301076,1909f56bfc062723c751e8b465ee728b)
Start importing ProjectSettings/TagManager.asset using Guid(00000000000000003000000000000000) Importer(815301076,1909f56bfc062723c751e8b465ee728b)  -> (artifact id: 'b907db6b74b273326aaf26037b9afd89') in 0.015079 seconds 
  Import took 0.019072 seconds .

========================================================================
Received Prepare
Registering precompiled user dll's ...
Registered in 0.004818 seconds.
Assembly with name 'UniRx' already exists (Assets/ConnectCity_Main/ConnectCity_Main/UniRx/Scripts/UniRx.asmdef)
Assembly with name 'UniRx' already exists (Assets/ConnectCity_TitleSelect/Scripts/UniRx/Scripts/UniRx.asmdef)
Assembly with name 'UniRx' already exists (Assets/ConnectCity_Main/ConnectCity_Main/UniRx/Scripts/UniRx.asmdef)
Assembly with name 'UniRx' already exists (Assets/ConnectCity_TitleSelect/Scripts/UniRx/Scripts/UniRx.asmdef)
Begin MonoManager ReloadAssembly
Native extension for WindowsStandalone target not found
Refreshing native plugins compatible for Editor in 0.46 ms, found 2 plugins.
Preloading 0 native plugins for Editor in 0.00 ms.
Assembly with name 'UniRx' already exists (Assets/ConnectCity_Main/ConnectCity_Main/UniRx/Scripts/UniRx.asmdef)
Assembly with name 'UniRx' already exists (Assets/ConnectCity_TitleSelect/Scripts/UniRx/Scripts/UniRx.asmdef)
Mono: successfully reloaded assembly
- Completed reload, in  0.994 seconds
Domain Reload Profiling:
	ReloadAssembly (994ms)
		BeginReloadAssembly (105ms)
			ExecutionOrderSort (0ms)
			DisableScriptedObjects (4ms)
			BackupInstance (0ms)
			ReleaseScriptingObjects (0ms)
			CreateAndSetChildDomain (36ms)
		EndReloadAssembly (828ms)
			LoadAssemblies (79ms)
			RebuildTransferFunctionScriptingTraits (0ms)
			SetupTypeCache (300ms)
			ReleaseScriptCaches (1ms)
			RebuildScriptCaches (34ms)
			SetupLoadedEditorAssemblies (313ms)
				LogAssemblyErrors (0ms)
				InitializePlatformSupportModulesInManaged (3ms)
				SetLoadedEditorAssemblies (0ms)
				RefreshPlugins (1ms)
				BeforeProcessingInitializeOnLoad (94ms)
				ProcessInitializeOnLoadAttributes (201ms)
				ProcessInitializeOnLoadMethodAttributes (8ms)
				AfterProcessingInitializeOnLoad (6ms)
				EditorAssembliesLoaded (0ms)
			ExecutionOrderSort2 (0ms)
			AwakeInstancesAfterBackupRestoration (5ms)
Platform modules already initialized, skipping
Refreshing native plugins compatible for Editor in 0.51 ms, found 2 plugins.
Preloading 0 native plugins for Editor in 0.00 ms.
Unloading 2154 Unused Serialized files (Serialized files now loaded: 0)
System memory in use before: 94.3 MB.
System memory in use after: 94.4 MB.

Unloading 18 unused Assets to reduce memory usage. Loaded Objects now: 2620.
Total: 2.540000 ms (FindLiveObjects: 0.150500 ms CreateObjectMapping: 0.076600 ms MarkObjects: 2.297700 ms  DeleteObjects: 0.014600 ms)

AssetImportParameters requested are different than current active one (requested -> active):
  custom:framework-win-MediaFoundation: 216162199b28c13a410421893ffa2e32 -> 
  custom:video-decoder-ogg-theora: a1e56fd34408186e4bbccfd4996cb3dc -> 
  custom:container-muxer-webm: aa71ff27fc2769a1b78a27578f13a17b -> 
  custom:container-demuxer-webm: 4f35f7cbe854078d1ac9338744f61a02 -> 
  custom:container-demuxer-ogg: 62fdf1f143b41e24485cea50d1cbac27 -> 
  custom:video-encoder-webm-vp8: eb34c28f22e8b96e1ab97ce403110664 -> 
  custom:video-codec-MediaFoundation-h265: 746d11721c4dcdbdad8f713fa42b33f4 -> 
  custom:video-decoder-webm-vp8: 9c59270c3fd7afecdb556c50c9e8de78 -> 
  custom:audio-decoder-ogg-vorbis: bf7c407c2cedff20999df2af8eb42d56 -> 
  custom:audio-encoder-webm-vorbis: bf7c407c2cedff20999df2af8eb42d56 -> 
========================================================================
Received Prepare
Registering precompiled user dll's ...
Registered in 0.004514 seconds.
Assembly with name 'UniRx' already exists (Assets/ConnectCity_Main/ConnectCity_Main/UniRx/Scripts/UniRx.asmdef)
Assembly with name 'UniRx' already exists (Assets/ConnectCity_TitleSelect/Scripts/UniRx/Scripts/UniRx.asmdef)
Assembly with name 'UniRx' already exists (Assets/ConnectCity_Main/ConnectCity_Main/UniRx/Scripts/UniRx.asmdef)
Assembly with name 'UniRx' already exists (Assets/ConnectCity_TitleSelect/Scripts/UniRx/Scripts/UniRx.asmdef)
Begin MonoManager ReloadAssembly
Native extension for WindowsStandalone target not found
Refreshing native plugins compatible for Editor in 1.18 ms, found 2 plugins.
Preloading 0 native plugins for Editor in 0.00 ms.
Assembly with name 'UniRx' already exists (Assets/ConnectCity_Main/ConnectCity_Main/UniRx/Scripts/UniRx.asmdef)
Assembly with name 'UniRx' already exists (Assets/ConnectCity_TitleSelect/Scripts/UniRx/Scripts/UniRx.asmdef)
Mono: successfully reloaded assembly
- Completed reload, in  0.976 seconds
Domain Reload Profiling:
	ReloadAssembly (976ms)
		BeginReloadAssembly (99ms)
			ExecutionOrderSort (0ms)
			DisableScriptedObjects (4ms)
			BackupInstance (0ms)
			ReleaseScriptingObjects (0ms)
			CreateAndSetChildDomain (33ms)
		EndReloadAssembly (820ms)
			LoadAssemblies (78ms)
			RebuildTransferFunctionScriptingTraits (0ms)
			SetupTypeCache (299ms)
			ReleaseScriptCaches (1ms)
			RebuildScriptCaches (35ms)
			SetupLoadedEditorAssemblies (311ms)
				LogAssemblyErrors (0ms)
				InitializePlatformSupportModulesInManaged (3ms)
				SetLoadedEditorAssemblies (1ms)
				RefreshPlugins (1ms)
				BeforeProcessingInitializeOnLoad (91ms)
				ProcessInitializeOnLoadAttributes (200ms)
				ProcessInitializeOnLoadMethodAttributes (8ms)
				AfterProcessingInitializeOnLoad (7ms)
				EditorAssembliesLoaded (0ms)
			ExecutionOrderSort2 (0ms)
			AwakeInstancesAfterBackupRestoration (5ms)
Platform modules already initialized, skipping
Refreshing native plugins compatible for Editor in 0.47 ms, found 2 plugins.
Preloading 0 native plugins for Editor in 0.00 ms.
Unloading 2154 Unused Serialized files (Serialized files now loaded: 0)
System memory in use before: 94.3 MB.
System memory in use after: 94.4 MB.

Unloading 17 unused Assets to reduce memory usage. Loaded Objects now: 2622.
Total: 2.421100 ms (FindLiveObjects: 0.162800 ms CreateObjectMapping: 0.085000 ms MarkObjects: 2.160200 ms  DeleteObjects: 0.012400 ms)

AssetImportParameters requested are different than current active one (requested -> active):
  custom:framework-win-MediaFoundation: 216162199b28c13a410421893ffa2e32 -> 
  custom:video-decoder-ogg-theora: a1e56fd34408186e4bbccfd4996cb3dc -> 
  custom:container-muxer-webm: aa71ff27fc2769a1b78a27578f13a17b -> 
  custom:container-demuxer-webm: 4f35f7cbe854078d1ac9338744f61a02 -> 
  custom:container-demuxer-ogg: 62fdf1f143b41e24485cea50d1cbac27 -> 
  custom:video-encoder-webm-vp8: eb34c28f22e8b96e1ab97ce403110664 -> 
  custom:video-codec-MediaFoundation-h265: 746d11721c4dcdbdad8f713fa42b33f4 -> 
  custom:video-decoder-webm-vp8: 9c59270c3fd7afecdb556c50c9e8de78 -> 
  custom:audio-decoder-ogg-vorbis: bf7c407c2cedff20999df2af8eb42d56 -> 
  custom:audio-encoder-webm-vorbis: bf7c407c2cedff20999df2af8eb42d56 -> 
========================================================================
Received Prepare
Registering precompiled user dll's ...
Registered in 0.004854 seconds.
Assembly with name 'UniRx' already exists (Assets/ConnectCity_Main/ConnectCity_Main/UniRx/Scripts/UniRx.asmdef)
Assembly with name 'UniRx' already exists (Assets/ConnectCity_TitleSelect/Scripts/UniRx/Scripts/UniRx.asmdef)
Assembly with name 'UniRx' already exists (Assets/ConnectCity_Main/ConnectCity_Main/UniRx/Scripts/UniRx.asmdef)
Assembly with name 'UniRx' already exists (Assets/ConnectCity_TitleSelect/Scripts/UniRx/Scripts/UniRx.asmdef)
Begin MonoManager ReloadAssembly
Native extension for WindowsStandalone target not found
Refreshing native plugins compatible for Editor in 0.45 ms, found 2 plugins.
Preloading 0 native plugins for Editor in 0.00 ms.
Assembly with name 'UniRx' already exists (Assets/ConnectCity_Main/ConnectCity_Main/UniRx/Scripts/UniRx.asmdef)
Assembly with name 'UniRx' already exists (Assets/ConnectCity_TitleSelect/Scripts/UniRx/Scripts/UniRx.asmdef)
Mono: successfully reloaded assembly
- Completed reload, in  0.926 seconds
Domain Reload Profiling:
	ReloadAssembly (926ms)
		BeginReloadAssembly (96ms)
			ExecutionOrderSort (0ms)
			DisableScriptedObjects (4ms)
			BackupInstance (0ms)
			ReleaseScriptingObjects (0ms)
			CreateAndSetChildDomain (30ms)
		EndReloadAssembly (775ms)
			LoadAssemblies (72ms)
			RebuildTransferFunctionScriptingTraits (0ms)
			SetupTypeCache (283ms)
			ReleaseScriptCaches (1ms)
			RebuildScriptCaches (32ms)
			SetupLoadedEditorAssemblies (294ms)
				LogAssemblyErrors (0ms)
				InitializePlatformSupportModulesInManaged (3ms)
				SetLoadedEditorAssemblies (1ms)
				RefreshPlugins (0ms)
				BeforeProcessingInitializeOnLoad (85ms)
				ProcessInitializeOnLoadAttributes (191ms)
				ProcessInitializeOnLoadMethodAttributes (7ms)
				AfterProcessingInitializeOnLoad (6ms)
				EditorAssembliesLoaded (0ms)
			ExecutionOrderSort2 (0ms)
			AwakeInstancesAfterBackupRestoration (5ms)
Platform modules already initialized, skipping
Refreshing native plugins compatible for Editor in 0.47 ms, found 2 plugins.
Preloading 0 native plugins for Editor in 0.00 ms.
Unloading 2154 Unused Serialized files (Serialized files now loaded: 0)
System memory in use before: 94.3 MB.
System memory in use after: 94.4 MB.

Unloading 17 unused Assets to reduce memory usage. Loaded Objects now: 2624.
Total: 2.689300 ms (FindLiveObjects: 0.166200 ms CreateObjectMapping: 0.078900 ms MarkObjects: 2.409000 ms  DeleteObjects: 0.034400 ms)

AssetImportParameters requested are different than current active one (requested -> active):
  custom:framework-win-MediaFoundation: 216162199b28c13a410421893ffa2e32 -> 
  custom:video-decoder-ogg-theora: a1e56fd34408186e4bbccfd4996cb3dc -> 
  custom:container-muxer-webm: aa71ff27fc2769a1b78a27578f13a17b -> 
  custom:container-demuxer-webm: 4f35f7cbe854078d1ac9338744f61a02 -> 
  custom:container-demuxer-ogg: 62fdf1f143b41e24485cea50d1cbac27 -> 
  custom:video-encoder-webm-vp8: eb34c28f22e8b96e1ab97ce403110664 -> 
  custom:video-codec-MediaFoundation-h265: 746d11721c4dcdbdad8f713fa42b33f4 -> 
  custom:video-decoder-webm-vp8: 9c59270c3fd7afecdb556c50c9e8de78 -> 
  custom:audio-decoder-ogg-vorbis: bf7c407c2cedff20999df2af8eb42d56 -> 
  custom:audio-encoder-webm-vorbis: bf7c407c2cedff20999df2af8eb42d56 -> 
AssetImportWorkerClient::OnTransportError - code=2 error=End of file
