Using pre-set license
Built from '2020.3/staging' branch; Version is '2020.3.25f1 (9b9180224418) revision 10195328'; Using compiler version '192528614'; Build Type 'Release'
OS: 'Windows 10  (10.0.19044) 64bit Core' Language: 'ja' Physical Memory: 16207 MB
BatchMode: 1, IsHumanControllingUs: 0, StartBugReporterOnCrash: 0, Is64bit: 1, IsPro: 0

COMMAND LINE ARGUMENTS:
C:\Program Files\Unity\Hub\Editor\2020.3.25f1\Editor\Unity.exe
-adb2
-batchMode
-noUpm
-name
AssetImportWorker0
-projectPath
C:/ゲーム制作サークル/2022年度/日本ゲーム大賞アマチュア部門/JGA_2022_バージョン管理/ConnectCity_Master_Ver11
-logFile
Logs/AssetImportWorker0.log
-srvPort
50885
Successfully changed project path to: C:/ゲーム制作サークル/2022年度/日本ゲーム大賞アマチュア部門/JGA_2022_バージョン管理/ConnectCity_Master_Ver11
C:/ゲーム制作サークル/2022年度/日本ゲーム大賞アマチュア部門/JGA_2022_バージョン管理/ConnectCity_Master_Ver11
Using Asset Import Pipeline V2.
Refreshing native plugins compatible for Editor in 30.74 ms, found 2 plugins.
Preloading 0 native plugins for Editor in 0.00 ms.
Initialize engine version: 2020.3.25f1 (9b9180224418)
[Subsystems] Discovering subsystems at path C:/Program Files/Unity/Hub/Editor/2020.3.25f1/Editor/Data/Resources/UnitySubsystems
[Subsystems] Discovering subsystems at path C:/ゲーム制作サークル/2022年度/日本ゲーム大賞アマチュア部門/JGA_2022_バージョン管理/ConnectCity_Master_Ver11/Assets
GfxDevice: creating device client; threaded=0
Direct3D:
    Version:  Direct3D 11.0 [level 11.1]
    Renderer: NVIDIA GeForce GTX 1660 Ti (ID=0x2191)
    Vendor:   
    VRAM:     5991 MB
    Driver:   27.21.14.6275
Initialize mono
Mono path[0] = 'C:/Program Files/Unity/Hub/Editor/2020.3.25f1/Editor/Data/Managed'
Mono path[1] = 'C:/Program Files/Unity/Hub/Editor/2020.3.25f1/Editor/Data/MonoBleedingEdge/lib/mono/unityjit'
Mono config path = 'C:/Program Files/Unity/Hub/Editor/2020.3.25f1/Editor/Data/MonoBleedingEdge/etc'
Using monoOptions --debugger-agent=transport=dt_socket,embedding=1,server=y,suspend=n,address=127.0.0.1:56516
Begin MonoManager ReloadAssembly
Registering precompiled unity dll's ...
Register platform support module: C:/Program Files/Unity/Hub/Editor/2020.3.25f1/Editor/Data/PlaybackEngines/WindowsStandaloneSupport/UnityEditor.WindowsStandalone.Extensions.dll
Registered in 0.002002 seconds.
Native extension for WindowsStandalone target not found
Refreshing native plugins compatible for Editor in 37.01 ms, found 2 plugins.
Preloading 0 native plugins for Editor in 0.00 ms.
Mono: successfully reloaded assembly
- Completed reload, in  0.579 seconds
Domain Reload Profiling:
	ReloadAssembly (579ms)
		BeginReloadAssembly (49ms)
			ExecutionOrderSort (0ms)
			DisableScriptedObjects (0ms)
			BackupInstance (0ms)
			ReleaseScriptingObjects (0ms)
			CreateAndSetChildDomain (1ms)
		EndReloadAssembly (463ms)
			LoadAssemblies (48ms)
			RebuildTransferFunctionScriptingTraits (0ms)
			SetupTypeCache (151ms)
			ReleaseScriptCaches (0ms)
			RebuildScriptCaches (33ms)
			SetupLoadedEditorAssemblies (157ms)
				LogAssemblyErrors (0ms)
				InitializePlatformSupportModulesInManaged (4ms)
				SetLoadedEditorAssemblies (0ms)
				RefreshPlugins (37ms)
				BeforeProcessingInitializeOnLoad (18ms)
				ProcessInitializeOnLoadAttributes (73ms)
				ProcessInitializeOnLoadMethodAttributes (24ms)
				AfterProcessingInitializeOnLoad (0ms)
				EditorAssembliesLoaded (0ms)
			ExecutionOrderSort2 (0ms)
			AwakeInstancesAfterBackupRestoration (0ms)
Platform modules already initialized, skipping
Registering precompiled user dll's ...
Registered in 0.004617 seconds.
Begin MonoManager ReloadAssembly
Native extension for WindowsStandalone target not found
Refreshing native plugins compatible for Editor in 0.33 ms, found 2 plugins.
Preloading 0 native plugins for Editor in 0.00 ms.
Mono: successfully reloaded assembly
- Completed reload, in  0.899 seconds
Domain Reload Profiling:
	ReloadAssembly (900ms)
		BeginReloadAssembly (124ms)
			ExecutionOrderSort (0ms)
			DisableScriptedObjects (4ms)
			BackupInstance (0ms)
			ReleaseScriptingObjects (0ms)
			CreateAndSetChildDomain (18ms)
		EndReloadAssembly (720ms)
			LoadAssemblies (74ms)
			RebuildTransferFunctionScriptingTraits (0ms)
			SetupTypeCache (248ms)
			ReleaseScriptCaches (0ms)
			RebuildScriptCaches (37ms)
			SetupLoadedEditorAssemblies (278ms)
				LogAssemblyErrors (0ms)
				InitializePlatformSupportModulesInManaged (4ms)
				SetLoadedEditorAssemblies (0ms)
				RefreshPlugins (0ms)
				BeforeProcessingInitializeOnLoad (71ms)
				ProcessInitializeOnLoadAttributes (188ms)
				ProcessInitializeOnLoadMethodAttributes (9ms)
				AfterProcessingInitializeOnLoad (6ms)
				EditorAssembliesLoaded (0ms)
			ExecutionOrderSort2 (0ms)
			AwakeInstancesAfterBackupRestoration (6ms)
Platform modules already initialized, skipping
========================================================================
Worker process is ready to serve import requests
Launched and connected shader compiler UnityShaderCompiler.exe after 0.03 seconds
Refreshing native plugins compatible for Editor in 0.28 ms, found 2 plugins.
Preloading 0 native plugins for Editor in 0.00 ms.
Unloading 1500 Unused Serialized files (Serialized files now loaded: 0)
System memory in use before: 68.1 MB.
System memory in use after: 68.2 MB.

Unloading 19 unused Assets to reduce memory usage. Loaded Objects now: 1932.
Total: 2.846600 ms (FindLiveObjects: 0.156200 ms CreateObjectMapping: 0.067300 ms MarkObjects: 2.562400 ms  DeleteObjects: 0.059400 ms)

AssetImportParameters requested are different than current active one (requested -> active):
  custom:framework-win-MediaFoundation: 216162199b28c13a410421893ffa2e32 -> 
  custom:video-decoder-ogg-theora: a1e56fd34408186e4bbccfd4996cb3dc -> 
  custom:container-muxer-webm: aa71ff27fc2769a1b78a27578f13a17b -> 
  custom:container-demuxer-webm: 4f35f7cbe854078d1ac9338744f61a02 -> 
  custom:container-demuxer-ogg: 62fdf1f143b41e24485cea50d1cbac27 -> 
  custom:video-encoder-webm-vp8: eb34c28f22e8b96e1ab97ce403110664 -> 
  custom:video-codec-MediaFoundation-h265: 746d11721c4dcdbdad8f713fa42b33f4 -> 
  custom:video-decoder-webm-vp8: 9c59270c3fd7afecdb556c50c9e8de78 -> 
  custom:audio-decoder-ogg-vorbis: bf7c407c2cedff20999df2af8eb42d56 -> 
  custom:audio-encoder-webm-vorbis: bf7c407c2cedff20999df2af8eb42d56 -> 
========================================================================
Received Import Request.
  path: Assets
  artifactKey: Guid(00000000000000001000000000000000) Importer(815301076,1909f56bfc062723c751e8b465ee728b)
Start importing Assets using Guid(00000000000000001000000000000000) Importer(815301076,1909f56bfc062723c751e8b465ee728b)  -> (artifact id: '42d402b061de3733987d63b9cc3b64de') in 0.007047 seconds 
  Import took 0.009355 seconds .

========================================================================
Received Import Request.
  Time since last request: 1.570194 seconds.
  path: Assets/ConnectCity_Main
  artifactKey: Guid(055570aa67fa1d84aa932e2097ea0d87) Importer(815301076,1909f56bfc062723c751e8b465ee728b)
Start importing Assets/ConnectCity_Main using Guid(055570aa67fa1d84aa932e2097ea0d87) Importer(815301076,1909f56bfc062723c751e8b465ee728b)  -> (artifact id: '8c94ea77cf7c00dda6f7d4f202bed711') in 0.005559 seconds 
  Import took 0.008189 seconds .

========================================================================
Received Import Request.
  Time since last request: 13.251437 seconds.
  path: Assets/ConnectCity_TitleSelect
  artifactKey: Guid(745e567765437ba48a79fa09ec4137ed) Importer(815301076,1909f56bfc062723c751e8b465ee728b)
Start importing Assets/ConnectCity_TitleSelect using Guid(745e567765437ba48a79fa09ec4137ed) Importer(815301076,1909f56bfc062723c751e8b465ee728b)  -> (artifact id: '42f5b7f72443515b1866c445135355cf') in 0.006576 seconds 
  Import took 0.009105 seconds .

========================================================================
Received Import Request.
  Time since last request: 127.576948 seconds.
  path: Assets/ConnectCity_Main/ParticleEffects
  artifactKey: Guid(81381a6fc68145e469180f8b67a09e40) Importer(815301076,1909f56bfc062723c751e8b465ee728b)
Start importing Assets/ConnectCity_Main/ParticleEffects using Guid(81381a6fc68145e469180f8b67a09e40) Importer(815301076,1909f56bfc062723c751e8b465ee728b)  -> (artifact id: 'c3dfbbc6cdfda47f495e4d41e564890d') in 0.010495 seconds 
  Import took 0.013960 seconds .

========================================================================
Received Import Request.
  Time since last request: 72.985763 seconds.
  path: Assets/ConnectCity_TitleSelect/Scenes
  artifactKey: Guid(e3aafd76d70bf9446bf49f4346fec8eb) Importer(815301076,1909f56bfc062723c751e8b465ee728b)
Start importing Assets/ConnectCity_TitleSelect/Scenes using Guid(e3aafd76d70bf9446bf49f4346fec8eb) Importer(815301076,1909f56bfc062723c751e8b465ee728b)  -> (artifact id: '2b55cdd197f8a9c84e48ae456cdb4313') in 0.010167 seconds 
  Import took 0.012243 seconds .

========================================================================
Received Import Request.
  Time since last request: 2.255172 seconds.
  path: Assets/ConnectCity_TitleSelect/Scenes/TitleScene.unity
  artifactKey: Guid(92ec8700cee2409449646760136e243c) Importer(815301076,1909f56bfc062723c751e8b465ee728b)
Start importing Assets/ConnectCity_TitleSelect/Scenes/TitleScene.unity using Guid(92ec8700cee2409449646760136e243c) Importer(815301076,1909f56bfc062723c751e8b465ee728b)  -> (artifact id: '75008de70928804e6ed1aee876969165') in 0.014857 seconds 
  Import took 0.016966 seconds .

========================================================================
Received Import Request.
  Time since last request: 7.372383 seconds.
  path: Assets/Scenes
  artifactKey: Guid(ea94fae2514c1f04e8cf8b07a1d4931d) Importer(815301076,1909f56bfc062723c751e8b465ee728b)
Start importing Assets/Scenes using Guid(ea94fae2514c1f04e8cf8b07a1d4931d) Importer(815301076,1909f56bfc062723c751e8b465ee728b)  -> (artifact id: '76b7c6dea77f87062210dbcdd001bc2d') in 0.002195 seconds 
  Import took 0.004496 seconds .

========================================================================
Received Import Request.
  Time since last request: 12.088929 seconds.
  path: Assets/ConnectCity_TitleSelect/Scenes/SelectScene.unity
  artifactKey: Guid(b32e9bdc90621dc4aaa0e318d77a7d5c) Importer(815301076,1909f56bfc062723c751e8b465ee728b)
Start importing Assets/ConnectCity_TitleSelect/Scenes/SelectScene.unity using Guid(b32e9bdc90621dc4aaa0e318d77a7d5c) Importer(815301076,1909f56bfc062723c751e8b465ee728b)  -> (artifact id: 'e90d41a0e9accbab8ed63a2580c15be5') in 0.006913 seconds 
  Import took 0.009575 seconds .

========================================================================
Received Import Request.
  Time since last request: 11.123356 seconds.
  path: Assets/ConnectCity_Main/ConnectCity_Main
  artifactKey: Guid(f201172205d836a44bf6da880d4c6074) Importer(815301076,1909f56bfc062723c751e8b465ee728b)
Start importing Assets/ConnectCity_Main/ConnectCity_Main using Guid(f201172205d836a44bf6da880d4c6074) Importer(815301076,1909f56bfc062723c751e8b465ee728b)  -> (artifact id: '3fbd13e3832a4c888ec39bddbedb7d9c') in 0.005783 seconds 
  Import took 0.008201 seconds .

========================================================================
Received Import Request.
  Time since last request: 0.450201 seconds.
  path: Assets/ConnectCity_Main/ConnectCity_gimmick_scene
  artifactKey: Guid(6f8fb336e13be6b42aee99a9a3aa7fb0) Importer(815301076,1909f56bfc062723c751e8b465ee728b)
Start importing Assets/ConnectCity_Main/ConnectCity_gimmick_scene using Guid(6f8fb336e13be6b42aee99a9a3aa7fb0) Importer(815301076,1909f56bfc062723c751e8b465ee728b)  -> (artifact id: '14d57e3773ad079bb2ff03791f23b94b') in 0.007613 seconds 
  Import took 0.010205 seconds .

========================================================================
Received Import Request.
  Time since last request: 4.750196 seconds.
  path: Assets/ConnectCity_Main/ConnectCity_Main/Scenes
  artifactKey: Guid(78c0d09d8f8fc154eb035d728fa799e4) Importer(815301076,1909f56bfc062723c751e8b465ee728b)
Start importing Assets/ConnectCity_Main/ConnectCity_Main/Scenes using Guid(78c0d09d8f8fc154eb035d728fa799e4) Importer(815301076,1909f56bfc062723c751e8b465ee728b)  -> (artifact id: '8b3e185dfb5184269924d4165df78302') in 0.003511 seconds 
  Import took 0.005644 seconds .

========================================================================
Received Import Request.
  Time since last request: 26.776296 seconds.
  path: Assets/ConnectCity_Main/Plugins
  artifactKey: Guid(810b8b006aad0c34798f12af8514c3d3) Importer(815301076,1909f56bfc062723c751e8b465ee728b)
Start importing Assets/ConnectCity_Main/Plugins using Guid(810b8b006aad0c34798f12af8514c3d3) Importer(815301076,1909f56bfc062723c751e8b465ee728b)  -> (artifact id: '09bea8a6b6510f56e8f41ce9db92fa8d') in 0.007338 seconds 
  Import took 0.009730 seconds .

========================================================================
Received Import Request.
  Time since last request: 2.785550 seconds.
  path: Assets/ConnectCity_Main/Plugins/Demigiant
  artifactKey: Guid(163b9adf3552ac040b7d194f820f6a81) Importer(815301076,1909f56bfc062723c751e8b465ee728b)
Start importing Assets/ConnectCity_Main/Plugins/Demigiant using Guid(163b9adf3552ac040b7d194f820f6a81) Importer(815301076,1909f56bfc062723c751e8b465ee728b)  -> (artifact id: '7de86d424ddc5729f77d23e3b876b5a2') in 0.005990 seconds 
  Import took 0.008285 seconds .

========================================================================
Received Import Request.
  Time since last request: 1.056766 seconds.
  path: Assets/ConnectCity_Main/Plugins/Demigiant/DOTween
  artifactKey: Guid(59db42e86fd40564bbdae42f6d7871d4) Importer(815301076,1909f56bfc062723c751e8b465ee728b)
Start importing Assets/ConnectCity_Main/Plugins/Demigiant/DOTween using Guid(59db42e86fd40564bbdae42f6d7871d4) Importer(815301076,1909f56bfc062723c751e8b465ee728b)  -> (artifact id: 'd77ef8b1e4ab09df09d50855f334aa7a') in 0.006383 seconds 
  Import took 0.008851 seconds .

========================================================================
Received Import Request.
  Time since last request: 48.675537 seconds.
  path: Assets/ConnectCity_Main/ConnectCity_Main/UniRx
  artifactKey: Guid(c6a955657aa176b4b9d4cfeb6668675e) Importer(815301076,1909f56bfc062723c751e8b465ee728b)
Start importing Assets/ConnectCity_Main/ConnectCity_Main/UniRx using Guid(c6a955657aa176b4b9d4cfeb6668675e) Importer(815301076,1909f56bfc062723c751e8b465ee728b)  -> (artifact id: '0a104c5e2c30f6cf6a3fe209feb43048') in 0.006030 seconds 
  Import took 0.008036 seconds .

========================================================================
Received Import Request.
  Time since last request: 13.954942 seconds.
  path: Assets/ConnectCity_Main/ConnectCity_Main/Scripts
  artifactKey: Guid(819d8facae9916544b96bcd4bc458139) Importer(815301076,1909f56bfc062723c751e8b465ee728b)
Start importing Assets/ConnectCity_Main/ConnectCity_Main/Scripts using Guid(819d8facae9916544b96bcd4bc458139) Importer(815301076,1909f56bfc062723c751e8b465ee728b)  -> (artifact id: '1d1fa0db0a7b8ca9e6c2db6702232e91') in 0.006971 seconds 
  Import took 0.009996 seconds .

========================================================================
Received Import Request.
  Time since last request: 20.193562 seconds.
  path: Assets/ConnectCity_Main/ConnectCity_Main/Scripts/Common
  artifactKey: Guid(c6019fe08c011fc44b9ffd6dfb17d5f7) Importer(815301076,1909f56bfc062723c751e8b465ee728b)
Start importing Assets/ConnectCity_Main/ConnectCity_Main/Scripts/Common using Guid(c6019fe08c011fc44b9ffd6dfb17d5f7) Importer(815301076,1909f56bfc062723c751e8b465ee728b)  -> (artifact id: '991e8e9b907241f5826ff85efe4016e6') in 0.006080 seconds 
  Import took 0.009226 seconds .

========================================================================
Received Import Request.
  Time since last request: 3.422496 seconds.
  path: Assets/ConnectCity_Main/ConnectCity_Main/Scripts/Common/BrideScenes_SelectMain.cs
  artifactKey: Guid(a991a72f5ee87ea4996ae0f815947262) Importer(815301076,1909f56bfc062723c751e8b465ee728b)
Start importing Assets/ConnectCity_Main/ConnectCity_Main/Scripts/Common/BrideScenes_SelectMain.cs using Guid(a991a72f5ee87ea4996ae0f815947262) Importer(815301076,1909f56bfc062723c751e8b465ee728b)  -> (artifact id: '5938272040a27d0843cf5c8fb65c17f1') in 0.025472 seconds 
  Import took 0.027562 seconds .

========================================================================
Received Import Request.
  Time since last request: 2.810098 seconds.
  path: Assets/ConnectCity_Main/ConnectCity_Main/Scripts/Common/SceneOwner.cs
  artifactKey: Guid(4ffa5cc618b0f524592e918c8dba1008) Importer(815301076,1909f56bfc062723c751e8b465ee728b)
Start importing Assets/ConnectCity_Main/ConnectCity_Main/Scripts/Common/SceneOwner.cs using Guid(4ffa5cc618b0f524592e918c8dba1008) Importer(815301076,1909f56bfc062723c751e8b465ee728b)  -> (artifact id: '28a16eb9f0d2e31ade6e971fdb992572') in 0.006307 seconds 
  Import took 0.008640 seconds .

========================================================================
Received Import Request.
  Time since last request: 17.014993 seconds.
  path: Assets/ConnectCity_TitleSelect/ConnectCity_Main
  artifactKey: Guid(0b9b50de00391b44383d37097fd1c457) Importer(815301076,1909f56bfc062723c751e8b465ee728b)
Start importing Assets/ConnectCity_TitleSelect/ConnectCity_Main using Guid(0b9b50de00391b44383d37097fd1c457) Importer(815301076,1909f56bfc062723c751e8b465ee728b)  -> (artifact id: 'c59fba58b5a02ac8f698bafb28cfe25b') in 0.002323 seconds 
  Import took 0.004498 seconds .

========================================================================
Received Import Request.
  Time since last request: 3.436539 seconds.
  path: Assets/ConnectCity_TitleSelect/ConnectCity_Main/Scripts
  artifactKey: Guid(3e25f631e8bbb6b4693c4fbd4327ef1a) Importer(815301076,1909f56bfc062723c751e8b465ee728b)
Start importing Assets/ConnectCity_TitleSelect/ConnectCity_Main/Scripts using Guid(3e25f631e8bbb6b4693c4fbd4327ef1a) Importer(815301076,1909f56bfc062723c751e8b465ee728b)  -> (artifact id: '56e61d496a52c6bf5708c06f28e1cec7') in 0.002943 seconds 
  Import took 0.005952 seconds .

========================================================================
Received Import Request.
  Time since last request: 0.858822 seconds.
  path: Assets/ConnectCity_TitleSelect/ConnectCity_Main/Scripts/Common
  artifactKey: Guid(748e1c56c823c5d459eab461119de8ee) Importer(815301076,1909f56bfc062723c751e8b465ee728b)
Start importing Assets/ConnectCity_TitleSelect/ConnectCity_Main/Scripts/Common using Guid(748e1c56c823c5d459eab461119de8ee) Importer(815301076,1909f56bfc062723c751e8b465ee728b)  -> (artifact id: '22603d6422911438a94bd29494ca63f2') in 0.002540 seconds 
  Import took 0.005166 seconds .

========================================================================
Received Import Request.
  Time since last request: 0.842836 seconds.
  path: Assets/ConnectCity_TitleSelect/ConnectCity_Main/Scripts/Common/BrideScenes_SelectMain.cs
  artifactKey: Guid(68d74405201f5b94692cb03dfde9a7e5) Importer(815301076,1909f56bfc062723c751e8b465ee728b)
Start importing Assets/ConnectCity_TitleSelect/ConnectCity_Main/Scripts/Common/BrideScenes_SelectMain.cs using Guid(68d74405201f5b94692cb03dfde9a7e5) Importer(815301076,1909f56bfc062723c751e8b465ee728b)  -> (artifact id: '7aaa9f2700a8f2d73eabb34e280dda69') in 0.001784 seconds 
  Import took 0.003866 seconds .

========================================================================
Received Import Request.
  Time since last request: 22.338712 seconds.
  path: Assets/ConnectCity_TitleSelect/ConnectCity_Main/Scripts/Common/BrideScenes_SelectMain.cs
  artifactKey: Guid(68d74405201f5b94692cb03dfde9a7e5) Importer(815301076,1909f56bfc062723c751e8b465ee728b)
Start importing Assets/ConnectCity_TitleSelect/ConnectCity_Main/Scripts/Common/BrideScenes_SelectMain.cs using Guid(68d74405201f5b94692cb03dfde9a7e5) Importer(815301076,1909f56bfc062723c751e8b465ee728b)  -> (artifact id: '3169fe5623ef81ed1f047aff1b897ead') in 0.001786 seconds 
  Import took 0.003822 seconds .

========================================================================
Received Prepare
Registering precompiled user dll's ...
Registered in 0.074530 seconds.
Begin MonoManager ReloadAssembly
Native extension for WindowsStandalone target not found
Refreshing native plugins compatible for Editor in 0.49 ms, found 2 plugins.
Preloading 0 native plugins for Editor in 0.00 ms.
Mono: successfully reloaded assembly
- Completed reload, in  0.710 seconds
Domain Reload Profiling:
	ReloadAssembly (710ms)
		BeginReloadAssembly (89ms)
			ExecutionOrderSort (0ms)
			DisableScriptedObjects (4ms)
			BackupInstance (0ms)
			ReleaseScriptingObjects (0ms)
			CreateAndSetChildDomain (26ms)
		EndReloadAssembly (563ms)
			LoadAssemblies (69ms)
			RebuildTransferFunctionScriptingTraits (0ms)
			SetupTypeCache (219ms)
			ReleaseScriptCaches (1ms)
			RebuildScriptCaches (25ms)
			SetupLoadedEditorAssemblies (167ms)
				LogAssemblyErrors (0ms)
				InitializePlatformSupportModulesInManaged (4ms)
				SetLoadedEditorAssemblies (0ms)
				RefreshPlugins (1ms)
				BeforeProcessingInitializeOnLoad (77ms)
				ProcessInitializeOnLoadAttributes (76ms)
				ProcessInitializeOnLoadMethodAttributes (3ms)
				AfterProcessingInitializeOnLoad (6ms)
				EditorAssembliesLoaded (0ms)
			ExecutionOrderSort2 (0ms)
			AwakeInstancesAfterBackupRestoration (7ms)
Platform modules already initialized, skipping
Refreshing native plugins compatible for Editor in 0.68 ms, found 2 plugins.
Preloading 0 native plugins for Editor in 0.00 ms.
Unloading 2179 Unused Serialized files (Serialized files now loaded: 0)
System memory in use before: 93.4 MB.
System memory in use after: 92.4 MB.

Unloading 29 unused Assets to reduce memory usage. Loaded Objects now: 2605.
Total: 2.762700 ms (FindLiveObjects: 0.161200 ms CreateObjectMapping: 0.085200 ms MarkObjects: 1.942000 ms  DeleteObjects: 0.573100 ms)

AssetImportParameters requested are different than current active one (requested -> active):
  custom:framework-win-MediaFoundation: 216162199b28c13a410421893ffa2e32 -> 
  custom:video-decoder-ogg-theora: a1e56fd34408186e4bbccfd4996cb3dc -> 
  custom:container-muxer-webm: aa71ff27fc2769a1b78a27578f13a17b -> 
  custom:container-demuxer-webm: 4f35f7cbe854078d1ac9338744f61a02 -> 
  custom:container-demuxer-ogg: 62fdf1f143b41e24485cea50d1cbac27 -> 
  custom:video-encoder-webm-vp8: eb34c28f22e8b96e1ab97ce403110664 -> 
  custom:video-codec-MediaFoundation-h265: 746d11721c4dcdbdad8f713fa42b33f4 -> 
  custom:video-decoder-webm-vp8: 9c59270c3fd7afecdb556c50c9e8de78 -> 
  custom:audio-decoder-ogg-vorbis: bf7c407c2cedff20999df2af8eb42d56 -> 
  custom:audio-encoder-webm-vorbis: bf7c407c2cedff20999df2af8eb42d56 -> 
AssetImportWorkerClient::OnTransportError - code=2 error=End of file
